[2025-04-24T23:56:24.628+0000] {processor.py:161} INFO - Started process (PID=61) to work on /opt/airflow/dags/email_sender_dag.py
[2025-04-24T23:56:24.629+0000] {processor.py:830} INFO - Processing file /opt/airflow/dags/email_sender_dag.py for tasks to queue
[2025-04-24T23:56:24.632+0000] {logging_mixin.py:188} INFO - [2025-04-24T23:56:24.632+0000] {dagbag.py:538} INFO - Filling up the DagBag from /opt/airflow/dags/email_sender_dag.py
[2025-04-24T23:56:25.216+0000] {processor.py:840} INFO - DAG(s) 'email_sender' retrieved from /opt/airflow/dags/email_sender_dag.py
[2025-04-24T23:56:25.439+0000] {logging_mixin.py:188} INFO - [2025-04-24T23:56:25.439+0000] {override.py:1769} INFO - Created Permission View: can delete on DAG:email_sender
[2025-04-24T23:56:25.443+0000] {logging_mixin.py:188} INFO - [2025-04-24T23:56:25.443+0000] {override.py:1769} INFO - Created Permission View: can read on DAG:email_sender
[2025-04-24T23:56:25.445+0000] {logging_mixin.py:188} INFO - [2025-04-24T23:56:25.445+0000] {override.py:1769} INFO - Created Permission View: can edit on DAG:email_sender
[2025-04-24T23:56:25.445+0000] {logging_mixin.py:188} INFO - [2025-04-24T23:56:25.445+0000] {dag.py:3036} INFO - Sync 1 DAGs
[2025-04-24T23:56:25.450+0000] {logging_mixin.py:188} INFO - [2025-04-24T23:56:25.449+0000] {dag.py:3058} INFO - Creating ORM DAG for email_sender
[2025-04-24T23:56:25.450+0000] {logging_mixin.py:188} INFO - [2025-04-24T23:56:25.450+0000] {dag.py:3823} INFO - Setting next_dagrun for email_sender to None, run_after=None
[2025-04-24T23:56:25.456+0000] {processor.py:183} INFO - Processing /opt/airflow/dags/email_sender_dag.py took 0.831 seconds
[2025-04-24T23:56:55.692+0000] {processor.py:161} INFO - Started process (PID=69) to work on /opt/airflow/dags/email_sender_dag.py
[2025-04-24T23:56:55.692+0000] {processor.py:830} INFO - Processing file /opt/airflow/dags/email_sender_dag.py for tasks to queue
[2025-04-24T23:56:55.695+0000] {logging_mixin.py:188} INFO - [2025-04-24T23:56:55.695+0000] {dagbag.py:538} INFO - Filling up the DagBag from /opt/airflow/dags/email_sender_dag.py
[2025-04-24T23:56:55.913+0000] {processor.py:840} INFO - DAG(s) 'email_sender' retrieved from /opt/airflow/dags/email_sender_dag.py
[2025-04-24T23:56:55.923+0000] {logging_mixin.py:188} INFO - [2025-04-24T23:56:55.922+0000] {dag.py:3036} INFO - Sync 1 DAGs
[2025-04-24T23:56:55.928+0000] {logging_mixin.py:188} INFO - [2025-04-24T23:56:55.928+0000] {dag.py:3823} INFO - Setting next_dagrun for email_sender to None, run_after=None
[2025-04-24T23:56:55.934+0000] {processor.py:183} INFO - Processing /opt/airflow/dags/email_sender_dag.py took 0.245 seconds
[2025-04-24T23:57:26.081+0000] {processor.py:161} INFO - Started process (PID=77) to work on /opt/airflow/dags/email_sender_dag.py
[2025-04-24T23:57:26.082+0000] {processor.py:830} INFO - Processing file /opt/airflow/dags/email_sender_dag.py for tasks to queue
[2025-04-24T23:57:26.084+0000] {logging_mixin.py:188} INFO - [2025-04-24T23:57:26.083+0000] {dagbag.py:538} INFO - Filling up the DagBag from /opt/airflow/dags/email_sender_dag.py
[2025-04-24T23:57:26.210+0000] {processor.py:840} INFO - DAG(s) 'email_sender' retrieved from /opt/airflow/dags/email_sender_dag.py
[2025-04-24T23:57:26.296+0000] {logging_mixin.py:188} INFO - [2025-04-24T23:57:26.296+0000] {dag.py:3036} INFO - Sync 1 DAGs
[2025-04-24T23:57:26.301+0000] {logging_mixin.py:188} INFO - [2025-04-24T23:57:26.301+0000] {dag.py:3823} INFO - Setting next_dagrun for email_sender to None, run_after=None
[2025-04-24T23:57:26.307+0000] {processor.py:183} INFO - Processing /opt/airflow/dags/email_sender_dag.py took 0.230 seconds
[2025-04-24T23:57:56.568+0000] {processor.py:161} INFO - Started process (PID=85) to work on /opt/airflow/dags/email_sender_dag.py
[2025-04-24T23:57:56.570+0000] {processor.py:830} INFO - Processing file /opt/airflow/dags/email_sender_dag.py for tasks to queue
[2025-04-24T23:57:56.572+0000] {logging_mixin.py:188} INFO - [2025-04-24T23:57:56.572+0000] {dagbag.py:538} INFO - Filling up the DagBag from /opt/airflow/dags/email_sender_dag.py
[2025-04-24T23:57:56.753+0000] {processor.py:840} INFO - DAG(s) 'email_sender' retrieved from /opt/airflow/dags/email_sender_dag.py
[2025-04-24T23:57:56.762+0000] {logging_mixin.py:188} INFO - [2025-04-24T23:57:56.762+0000] {dag.py:3036} INFO - Sync 1 DAGs
[2025-04-24T23:57:56.766+0000] {logging_mixin.py:188} INFO - [2025-04-24T23:57:56.765+0000] {dag.py:3823} INFO - Setting next_dagrun for email_sender to None, run_after=None
[2025-04-24T23:57:56.772+0000] {processor.py:183} INFO - Processing /opt/airflow/dags/email_sender_dag.py took 0.208 seconds
[2025-04-24T23:58:26.858+0000] {processor.py:161} INFO - Started process (PID=93) to work on /opt/airflow/dags/email_sender_dag.py
[2025-04-24T23:58:26.859+0000] {processor.py:830} INFO - Processing file /opt/airflow/dags/email_sender_dag.py for tasks to queue
[2025-04-24T23:58:26.861+0000] {logging_mixin.py:188} INFO - [2025-04-24T23:58:26.861+0000] {dagbag.py:538} INFO - Filling up the DagBag from /opt/airflow/dags/email_sender_dag.py
[2025-04-24T23:58:27.037+0000] {processor.py:840} INFO - DAG(s) 'email_sender' retrieved from /opt/airflow/dags/email_sender_dag.py
[2025-04-24T23:58:27.048+0000] {logging_mixin.py:188} INFO - [2025-04-24T23:58:27.048+0000] {dag.py:3036} INFO - Sync 1 DAGs
[2025-04-24T23:58:27.053+0000] {logging_mixin.py:188} INFO - [2025-04-24T23:58:27.053+0000] {dag.py:3823} INFO - Setting next_dagrun for email_sender to None, run_after=None
[2025-04-24T23:58:27.059+0000] {processor.py:183} INFO - Processing /opt/airflow/dags/email_sender_dag.py took 0.205 seconds
[2025-04-24T23:58:57.331+0000] {processor.py:161} INFO - Started process (PID=101) to work on /opt/airflow/dags/email_sender_dag.py
[2025-04-24T23:58:57.333+0000] {processor.py:830} INFO - Processing file /opt/airflow/dags/email_sender_dag.py for tasks to queue
[2025-04-24T23:58:57.335+0000] {logging_mixin.py:188} INFO - [2025-04-24T23:58:57.335+0000] {dagbag.py:538} INFO - Filling up the DagBag from /opt/airflow/dags/email_sender_dag.py
[2025-04-24T23:58:57.513+0000] {processor.py:840} INFO - DAG(s) 'email_sender' retrieved from /opt/airflow/dags/email_sender_dag.py
[2025-04-24T23:58:57.521+0000] {logging_mixin.py:188} INFO - [2025-04-24T23:58:57.521+0000] {dag.py:3036} INFO - Sync 1 DAGs
[2025-04-24T23:58:57.525+0000] {logging_mixin.py:188} INFO - [2025-04-24T23:58:57.525+0000] {dag.py:3823} INFO - Setting next_dagrun for email_sender to None, run_after=None
[2025-04-24T23:58:57.531+0000] {processor.py:183} INFO - Processing /opt/airflow/dags/email_sender_dag.py took 0.204 seconds
[2025-04-24T23:59:27.594+0000] {processor.py:161} INFO - Started process (PID=109) to work on /opt/airflow/dags/email_sender_dag.py
[2025-04-24T23:59:27.595+0000] {processor.py:830} INFO - Processing file /opt/airflow/dags/email_sender_dag.py for tasks to queue
[2025-04-24T23:59:27.597+0000] {logging_mixin.py:188} INFO - [2025-04-24T23:59:27.597+0000] {dagbag.py:538} INFO - Filling up the DagBag from /opt/airflow/dags/email_sender_dag.py
[2025-04-24T23:59:27.710+0000] {processor.py:840} INFO - DAG(s) 'email_sender' retrieved from /opt/airflow/dags/email_sender_dag.py
[2025-04-24T23:59:27.782+0000] {logging_mixin.py:188} INFO - [2025-04-24T23:59:27.720+0000] {dag.py:3036} INFO - Sync 1 DAGs
[2025-04-24T23:59:27.786+0000] {logging_mixin.py:188} INFO - [2025-04-24T23:59:27.786+0000] {dag.py:3823} INFO - Setting next_dagrun for email_sender to None, run_after=None
[2025-04-24T23:59:27.793+0000] {processor.py:183} INFO - Processing /opt/airflow/dags/email_sender_dag.py took 0.202 seconds
[2025-04-24T23:59:58.028+0000] {processor.py:161} INFO - Started process (PID=117) to work on /opt/airflow/dags/email_sender_dag.py
[2025-04-24T23:59:58.030+0000] {processor.py:830} INFO - Processing file /opt/airflow/dags/email_sender_dag.py for tasks to queue
[2025-04-24T23:59:58.031+0000] {logging_mixin.py:188} INFO - [2025-04-24T23:59:58.031+0000] {dagbag.py:538} INFO - Filling up the DagBag from /opt/airflow/dags/email_sender_dag.py
[2025-04-24T23:59:58.203+0000] {processor.py:840} INFO - DAG(s) 'email_sender' retrieved from /opt/airflow/dags/email_sender_dag.py
[2025-04-24T23:59:58.211+0000] {logging_mixin.py:188} INFO - [2025-04-24T23:59:58.211+0000] {dag.py:3036} INFO - Sync 1 DAGs
[2025-04-24T23:59:58.215+0000] {logging_mixin.py:188} INFO - [2025-04-24T23:59:58.215+0000] {dag.py:3823} INFO - Setting next_dagrun for email_sender to None, run_after=None
[2025-04-24T23:59:58.220+0000] {processor.py:183} INFO - Processing /opt/airflow/dags/email_sender_dag.py took 0.195 seconds
