[2025-04-26T18:55:09.621+0000] {taskinstance.py:1956} INFO - Dependencies all met for dep_context=non-requeueable deps ti=<TaskInstance: email_sender.enviar_emails manual__2025-04-26T18:55:06.248247+00:00 [queued]>
[2025-04-26T18:55:09.623+0000] {taskinstance.py:1956} INFO - Dependencies all met for dep_context=requeueable deps ti=<TaskInstance: email_sender.enviar_emails manual__2025-04-26T18:55:06.248247+00:00 [queued]>
[2025-04-26T18:55:09.624+0000] {taskinstance.py:2170} INFO - Starting attempt 1 of 1
[2025-04-26T18:55:09.628+0000] {taskinstance.py:2191} INFO - Executing <Task(PythonOperator): enviar_emails> on 2025-04-26 18:55:06.248247+00:00
[2025-04-26T18:55:09.630+0000] {standard_task_runner.py:60} INFO - Started process 123 to run task
[2025-04-26T18:55:09.632+0000] {standard_task_runner.py:87} INFO - Running: ['***', 'tasks', 'run', 'email_sender', 'enviar_emails', 'manual__2025-04-26T18:55:06.248247+00:00', '--job-id', '5', '--raw', '--subdir', 'DAGS_FOLDER/email_sender_dag.py', '--cfg-path', '/tmp/tmpp8eefi1n']
[2025-04-26T18:55:09.633+0000] {standard_task_runner.py:88} INFO - Job 5: Subtask enviar_emails
[2025-04-26T18:55:09.725+0000] {task_command.py:423} INFO - Running <TaskInstance: email_sender.enviar_emails manual__2025-04-26T18:55:06.248247+00:00 [running]> on host ebc446b713fb
[2025-04-26T18:55:09.746+0000] {taskinstance.py:2480} INFO - Exporting env vars: AIRFLOW_CTX_DAG_OWNER='***' AIRFLOW_CTX_DAG_ID='email_sender' AIRFLOW_CTX_TASK_ID='enviar_emails' AIRFLOW_CTX_EXECUTION_DATE='2025-04-26T18:55:06.248247+00:00' AIRFLOW_CTX_TRY_NUMBER='1' AIRFLOW_CTX_DAG_RUN_ID='manual__2025-04-26T18:55:06.248247+00:00'
[2025-04-26T18:55:14.749+0000] {logging_mixin.py:188} INFO - Email enviado para rabernardino@outlook.com com sucesso!
[2025-04-26T18:55:18.269+0000] {logging_mixin.py:188} INFO - Email enviado para rabernardino@outlook.com com sucesso!
[2025-04-26T18:55:22.338+0000] {logging_mixin.py:188} INFO - Email enviado para rabernardino@outlook.com com sucesso!
[2025-04-26T18:55:25.841+0000] {logging_mixin.py:188} INFO - Email enviado para rabernardino@outlook.com com sucesso!
[2025-04-26T18:55:29.476+0000] {logging_mixin.py:188} INFO - Email enviado para rabernardino@outlook.com com sucesso!
[2025-04-26T18:55:32.799+0000] {logging_mixin.py:188} INFO - Email enviado para rabernardino@outlook.com com sucesso!
[2025-04-26T18:55:34.292+0000] {logging_mixin.py:188} INFO - Erro ao enviar e-mail para nan: 'numpy.float64' object has no attribute 'encode'
[2025-04-26T18:55:34.295+0000] {python.py:201} INFO - Done. Returned value was: None
[2025-04-26T18:55:34.307+0000] {taskinstance.py:1138} INFO - Marking task as SUCCESS. dag_id=email_sender, task_id=enviar_emails, execution_date=20250426T185506, start_date=20250426T185509, end_date=20250426T185534
[2025-04-26T18:55:34.366+0000] {local_task_job_runner.py:234} INFO - Task exited with return code 0
[2025-04-26T18:55:34.378+0000] {taskinstance.py:3280} INFO - 0 downstream tasks scheduled from follow-on schedule check
