[2025-04-25T00:00:28.309+0000] {processor.py:161} INFO - Started process (PID=125) to work on /opt/airflow/dags/email_sender_dag.py
[2025-04-25T00:00:28.310+0000] {processor.py:830} INFO - Processing file /opt/airflow/dags/email_sender_dag.py for tasks to queue
[2025-04-25T00:00:28.312+0000] {logging_mixin.py:188} INFO - [2025-04-25T00:00:28.311+0000] {dagbag.py:538} INFO - Filling up the DagBag from /opt/airflow/dags/email_sender_dag.py
[2025-04-25T00:00:28.489+0000] {processor.py:840} INFO - DAG(s) 'email_sender' retrieved from /opt/airflow/dags/email_sender_dag.py
[2025-04-25T00:00:28.497+0000] {logging_mixin.py:188} INFO - [2025-04-25T00:00:28.497+0000] {dag.py:3036} INFO - Sync 1 DAGs
[2025-04-25T00:00:28.501+0000] {logging_mixin.py:188} INFO - [2025-04-25T00:00:28.501+0000] {dag.py:3823} INFO - Setting next_dagrun for email_sender to None, run_after=None
[2025-04-25T00:00:28.507+0000] {processor.py:183} INFO - Processing /opt/airflow/dags/email_sender_dag.py took 0.202 seconds
[2025-04-25T00:00:58.679+0000] {processor.py:161} INFO - Started process (PID=132) to work on /opt/airflow/dags/email_sender_dag.py
[2025-04-25T00:00:58.680+0000] {processor.py:830} INFO - Processing file /opt/airflow/dags/email_sender_dag.py for tasks to queue
[2025-04-25T00:00:58.682+0000] {logging_mixin.py:188} INFO - [2025-04-25T00:00:58.682+0000] {dagbag.py:538} INFO - Filling up the DagBag from /opt/airflow/dags/email_sender_dag.py
[2025-04-25T00:00:58.919+0000] {processor.py:840} INFO - DAG(s) 'email_sender' retrieved from /opt/airflow/dags/email_sender_dag.py
[2025-04-25T00:00:58.928+0000] {logging_mixin.py:188} INFO - [2025-04-25T00:00:58.928+0000] {dag.py:3036} INFO - Sync 1 DAGs
[2025-04-25T00:00:58.934+0000] {logging_mixin.py:188} INFO - [2025-04-25T00:00:58.933+0000] {dag.py:3823} INFO - Setting next_dagrun for email_sender to None, run_after=None
[2025-04-25T00:00:58.940+0000] {processor.py:183} INFO - Processing /opt/airflow/dags/email_sender_dag.py took 0.264 seconds
[2025-04-25T00:01:29.204+0000] {processor.py:161} INFO - Started process (PID=140) to work on /opt/airflow/dags/email_sender_dag.py
[2025-04-25T00:01:29.206+0000] {processor.py:830} INFO - Processing file /opt/airflow/dags/email_sender_dag.py for tasks to queue
[2025-04-25T00:01:29.208+0000] {logging_mixin.py:188} INFO - [2025-04-25T00:01:29.207+0000] {dagbag.py:538} INFO - Filling up the DagBag from /opt/airflow/dags/email_sender_dag.py
[2025-04-25T00:01:29.434+0000] {processor.py:840} INFO - DAG(s) 'email_sender' retrieved from /opt/airflow/dags/email_sender_dag.py
[2025-04-25T00:01:29.443+0000] {logging_mixin.py:188} INFO - [2025-04-25T00:01:29.442+0000] {dag.py:3036} INFO - Sync 1 DAGs
[2025-04-25T00:01:29.447+0000] {logging_mixin.py:188} INFO - [2025-04-25T00:01:29.447+0000] {dag.py:3823} INFO - Setting next_dagrun for email_sender to None, run_after=None
[2025-04-25T00:01:29.453+0000] {processor.py:183} INFO - Processing /opt/airflow/dags/email_sender_dag.py took 0.253 seconds
[2025-04-25T00:01:59.698+0000] {processor.py:161} INFO - Started process (PID=154) to work on /opt/airflow/dags/email_sender_dag.py
[2025-04-25T00:01:59.699+0000] {processor.py:830} INFO - Processing file /opt/airflow/dags/email_sender_dag.py for tasks to queue
[2025-04-25T00:01:59.700+0000] {logging_mixin.py:188} INFO - [2025-04-25T00:01:59.700+0000] {dagbag.py:538} INFO - Filling up the DagBag from /opt/airflow/dags/email_sender_dag.py
[2025-04-25T00:01:59.874+0000] {processor.py:840} INFO - DAG(s) 'email_sender' retrieved from /opt/airflow/dags/email_sender_dag.py
[2025-04-25T00:01:59.883+0000] {logging_mixin.py:188} INFO - [2025-04-25T00:01:59.882+0000] {dag.py:3036} INFO - Sync 1 DAGs
[2025-04-25T00:01:59.886+0000] {logging_mixin.py:188} INFO - [2025-04-25T00:01:59.886+0000] {dag.py:3823} INFO - Setting next_dagrun for email_sender to None, run_after=None
[2025-04-25T00:01:59.892+0000] {processor.py:183} INFO - Processing /opt/airflow/dags/email_sender_dag.py took 0.198 seconds
[2025-04-25T00:07:42.250+0000] {processor.py:161} INFO - Started process (PID=60) to work on /opt/airflow/dags/email_sender_dag.py
[2025-04-25T00:07:42.253+0000] {processor.py:830} INFO - Processing file /opt/airflow/dags/email_sender_dag.py for tasks to queue
[2025-04-25T00:07:42.254+0000] {logging_mixin.py:188} INFO - [2025-04-25T00:07:42.254+0000] {dagbag.py:538} INFO - Filling up the DagBag from /opt/airflow/dags/email_sender_dag.py
[2025-04-25T00:07:42.427+0000] {processor.py:840} INFO - DAG(s) 'email_sender' retrieved from /opt/airflow/dags/email_sender_dag.py
[2025-04-25T00:07:42.591+0000] {logging_mixin.py:188} INFO - [2025-04-25T00:07:42.591+0000] {dag.py:3036} INFO - Sync 1 DAGs
[2025-04-25T00:07:42.596+0000] {logging_mixin.py:188} INFO - [2025-04-25T00:07:42.596+0000] {dag.py:3823} INFO - Setting next_dagrun for email_sender to None, run_after=None
[2025-04-25T00:07:42.608+0000] {processor.py:183} INFO - Processing /opt/airflow/dags/email_sender_dag.py took 0.359 seconds
[2025-04-25T00:08:12.858+0000] {processor.py:161} INFO - Started process (PID=68) to work on /opt/airflow/dags/email_sender_dag.py
[2025-04-25T00:08:12.859+0000] {processor.py:830} INFO - Processing file /opt/airflow/dags/email_sender_dag.py for tasks to queue
[2025-04-25T00:08:12.860+0000] {logging_mixin.py:188} INFO - [2025-04-25T00:08:12.860+0000] {dagbag.py:538} INFO - Filling up the DagBag from /opt/airflow/dags/email_sender_dag.py
[2025-04-25T00:08:13.049+0000] {processor.py:840} INFO - DAG(s) 'email_sender' retrieved from /opt/airflow/dags/email_sender_dag.py
[2025-04-25T00:08:13.058+0000] {logging_mixin.py:188} INFO - [2025-04-25T00:08:13.058+0000] {dag.py:3036} INFO - Sync 1 DAGs
[2025-04-25T00:08:13.062+0000] {logging_mixin.py:188} INFO - [2025-04-25T00:08:13.062+0000] {dag.py:3823} INFO - Setting next_dagrun for email_sender to None, run_after=None
[2025-04-25T00:08:13.070+0000] {processor.py:183} INFO - Processing /opt/airflow/dags/email_sender_dag.py took 0.213 seconds
[2025-04-25T00:08:43.159+0000] {processor.py:161} INFO - Started process (PID=76) to work on /opt/airflow/dags/email_sender_dag.py
[2025-04-25T00:08:43.160+0000] {processor.py:830} INFO - Processing file /opt/airflow/dags/email_sender_dag.py for tasks to queue
[2025-04-25T00:08:43.162+0000] {logging_mixin.py:188} INFO - [2025-04-25T00:08:43.161+0000] {dagbag.py:538} INFO - Filling up the DagBag from /opt/airflow/dags/email_sender_dag.py
[2025-04-25T00:08:43.282+0000] {processor.py:840} INFO - DAG(s) 'email_sender' retrieved from /opt/airflow/dags/email_sender_dag.py
[2025-04-25T00:08:43.359+0000] {logging_mixin.py:188} INFO - [2025-04-25T00:08:43.292+0000] {dag.py:3036} INFO - Sync 1 DAGs
[2025-04-25T00:08:43.363+0000] {logging_mixin.py:188} INFO - [2025-04-25T00:08:43.363+0000] {dag.py:3823} INFO - Setting next_dagrun for email_sender to None, run_after=None
[2025-04-25T00:08:43.370+0000] {processor.py:183} INFO - Processing /opt/airflow/dags/email_sender_dag.py took 0.216 seconds
[2025-04-25T00:09:13.604+0000] {processor.py:161} INFO - Started process (PID=84) to work on /opt/airflow/dags/email_sender_dag.py
[2025-04-25T00:09:13.605+0000] {processor.py:830} INFO - Processing file /opt/airflow/dags/email_sender_dag.py for tasks to queue
[2025-04-25T00:09:13.607+0000] {logging_mixin.py:188} INFO - [2025-04-25T00:09:13.606+0000] {dagbag.py:538} INFO - Filling up the DagBag from /opt/airflow/dags/email_sender_dag.py
[2025-04-25T00:09:13.789+0000] {processor.py:840} INFO - DAG(s) 'email_sender' retrieved from /opt/airflow/dags/email_sender_dag.py
[2025-04-25T00:09:13.798+0000] {logging_mixin.py:188} INFO - [2025-04-25T00:09:13.798+0000] {dag.py:3036} INFO - Sync 1 DAGs
[2025-04-25T00:09:13.802+0000] {logging_mixin.py:188} INFO - [2025-04-25T00:09:13.802+0000] {dag.py:3823} INFO - Setting next_dagrun for email_sender to None, run_after=None
[2025-04-25T00:09:13.808+0000] {processor.py:183} INFO - Processing /opt/airflow/dags/email_sender_dag.py took 0.208 seconds
[2025-04-25T00:09:43.920+0000] {processor.py:161} INFO - Started process (PID=92) to work on /opt/airflow/dags/email_sender_dag.py
[2025-04-25T00:09:43.921+0000] {processor.py:830} INFO - Processing file /opt/airflow/dags/email_sender_dag.py for tasks to queue
[2025-04-25T00:09:43.923+0000] {logging_mixin.py:188} INFO - [2025-04-25T00:09:43.923+0000] {dagbag.py:538} INFO - Filling up the DagBag from /opt/airflow/dags/email_sender_dag.py
[2025-04-25T00:09:44.101+0000] {processor.py:840} INFO - DAG(s) 'email_sender' retrieved from /opt/airflow/dags/email_sender_dag.py
[2025-04-25T00:09:44.109+0000] {logging_mixin.py:188} INFO - [2025-04-25T00:09:44.109+0000] {dag.py:3036} INFO - Sync 1 DAGs
[2025-04-25T00:09:44.113+0000] {logging_mixin.py:188} INFO - [2025-04-25T00:09:44.112+0000] {dag.py:3823} INFO - Setting next_dagrun for email_sender to None, run_after=None
[2025-04-25T00:09:44.119+0000] {processor.py:183} INFO - Processing /opt/airflow/dags/email_sender_dag.py took 0.202 seconds
[2025-04-25T00:10:14.364+0000] {processor.py:161} INFO - Started process (PID=100) to work on /opt/airflow/dags/email_sender_dag.py
[2025-04-25T00:10:14.364+0000] {processor.py:830} INFO - Processing file /opt/airflow/dags/email_sender_dag.py for tasks to queue
[2025-04-25T00:10:14.366+0000] {logging_mixin.py:188} INFO - [2025-04-25T00:10:14.366+0000] {dagbag.py:538} INFO - Filling up the DagBag from /opt/airflow/dags/email_sender_dag.py
[2025-04-25T00:10:14.535+0000] {processor.py:840} INFO - DAG(s) 'email_sender' retrieved from /opt/airflow/dags/email_sender_dag.py
[2025-04-25T00:10:14.543+0000] {logging_mixin.py:188} INFO - [2025-04-25T00:10:14.542+0000] {dag.py:3036} INFO - Sync 1 DAGs
[2025-04-25T00:10:14.546+0000] {logging_mixin.py:188} INFO - [2025-04-25T00:10:14.546+0000] {dag.py:3823} INFO - Setting next_dagrun for email_sender to None, run_after=None
[2025-04-25T00:10:14.553+0000] {processor.py:183} INFO - Processing /opt/airflow/dags/email_sender_dag.py took 0.193 seconds
[2025-04-25T00:10:44.680+0000] {processor.py:161} INFO - Started process (PID=108) to work on /opt/airflow/dags/email_sender_dag.py
[2025-04-25T00:10:44.681+0000] {processor.py:830} INFO - Processing file /opt/airflow/dags/email_sender_dag.py for tasks to queue
[2025-04-25T00:10:44.683+0000] {logging_mixin.py:188} INFO - [2025-04-25T00:10:44.683+0000] {dagbag.py:538} INFO - Filling up the DagBag from /opt/airflow/dags/email_sender_dag.py
[2025-04-25T00:10:44.859+0000] {processor.py:840} INFO - DAG(s) 'email_sender' retrieved from /opt/airflow/dags/email_sender_dag.py
[2025-04-25T00:10:44.866+0000] {logging_mixin.py:188} INFO - [2025-04-25T00:10:44.866+0000] {dag.py:3036} INFO - Sync 1 DAGs
[2025-04-25T00:10:44.871+0000] {logging_mixin.py:188} INFO - [2025-04-25T00:10:44.870+0000] {dag.py:3823} INFO - Setting next_dagrun for email_sender to None, run_after=None
[2025-04-25T00:10:44.877+0000] {processor.py:183} INFO - Processing /opt/airflow/dags/email_sender_dag.py took 0.200 seconds
[2025-04-25T00:11:15.037+0000] {processor.py:161} INFO - Started process (PID=116) to work on /opt/airflow/dags/email_sender_dag.py
[2025-04-25T00:11:15.037+0000] {processor.py:830} INFO - Processing file /opt/airflow/dags/email_sender_dag.py for tasks to queue
[2025-04-25T00:11:15.039+0000] {logging_mixin.py:188} INFO - [2025-04-25T00:11:15.039+0000] {dagbag.py:538} INFO - Filling up the DagBag from /opt/airflow/dags/email_sender_dag.py
[2025-04-25T00:11:15.166+0000] {processor.py:840} INFO - DAG(s) 'email_sender' retrieved from /opt/airflow/dags/email_sender_dag.py
[2025-04-25T00:11:15.260+0000] {logging_mixin.py:188} INFO - [2025-04-25T00:11:15.259+0000] {dag.py:3036} INFO - Sync 1 DAGs
[2025-04-25T00:11:15.264+0000] {logging_mixin.py:188} INFO - [2025-04-25T00:11:15.264+0000] {dag.py:3823} INFO - Setting next_dagrun for email_sender to None, run_after=None
[2025-04-25T00:11:15.271+0000] {processor.py:183} INFO - Processing /opt/airflow/dags/email_sender_dag.py took 0.238 seconds
[2025-04-25T00:11:45.360+0000] {processor.py:161} INFO - Started process (PID=124) to work on /opt/airflow/dags/email_sender_dag.py
[2025-04-25T00:11:45.361+0000] {processor.py:830} INFO - Processing file /opt/airflow/dags/email_sender_dag.py for tasks to queue
[2025-04-25T00:11:45.363+0000] {logging_mixin.py:188} INFO - [2025-04-25T00:11:45.363+0000] {dagbag.py:538} INFO - Filling up the DagBag from /opt/airflow/dags/email_sender_dag.py
[2025-04-25T00:11:45.540+0000] {processor.py:840} INFO - DAG(s) 'email_sender' retrieved from /opt/airflow/dags/email_sender_dag.py
[2025-04-25T00:11:45.548+0000] {logging_mixin.py:188} INFO - [2025-04-25T00:11:45.548+0000] {dag.py:3036} INFO - Sync 1 DAGs
[2025-04-25T00:11:45.552+0000] {logging_mixin.py:188} INFO - [2025-04-25T00:11:45.552+0000] {dag.py:3823} INFO - Setting next_dagrun for email_sender to None, run_after=None
[2025-04-25T00:11:45.558+0000] {processor.py:183} INFO - Processing /opt/airflow/dags/email_sender_dag.py took 0.201 seconds
[2025-04-25T00:12:15.846+0000] {processor.py:161} INFO - Started process (PID=132) to work on /opt/airflow/dags/email_sender_dag.py
[2025-04-25T00:12:15.846+0000] {processor.py:830} INFO - Processing file /opt/airflow/dags/email_sender_dag.py for tasks to queue
[2025-04-25T00:12:15.847+0000] {logging_mixin.py:188} INFO - [2025-04-25T00:12:15.847+0000] {dagbag.py:538} INFO - Filling up the DagBag from /opt/airflow/dags/email_sender_dag.py
[2025-04-25T00:12:16.023+0000] {processor.py:840} INFO - DAG(s) 'email_sender' retrieved from /opt/airflow/dags/email_sender_dag.py
[2025-04-25T00:12:16.034+0000] {logging_mixin.py:188} INFO - [2025-04-25T00:12:16.033+0000] {dag.py:3036} INFO - Sync 1 DAGs
[2025-04-25T00:12:16.038+0000] {logging_mixin.py:188} INFO - [2025-04-25T00:12:16.038+0000] {dag.py:3823} INFO - Setting next_dagrun for email_sender to None, run_after=None
[2025-04-25T00:12:16.047+0000] {processor.py:183} INFO - Processing /opt/airflow/dags/email_sender_dag.py took 0.205 seconds
[2025-04-25T00:12:46.172+0000] {processor.py:161} INFO - Started process (PID=140) to work on /opt/airflow/dags/email_sender_dag.py
[2025-04-25T00:12:46.173+0000] {processor.py:830} INFO - Processing file /opt/airflow/dags/email_sender_dag.py for tasks to queue
[2025-04-25T00:12:46.174+0000] {logging_mixin.py:188} INFO - [2025-04-25T00:12:46.174+0000] {dagbag.py:538} INFO - Filling up the DagBag from /opt/airflow/dags/email_sender_dag.py
[2025-04-25T00:12:46.391+0000] {processor.py:840} INFO - DAG(s) 'email_sender' retrieved from /opt/airflow/dags/email_sender_dag.py
[2025-04-25T00:12:46.399+0000] {logging_mixin.py:188} INFO - [2025-04-25T00:12:46.399+0000] {dag.py:3036} INFO - Sync 1 DAGs
[2025-04-25T00:12:46.403+0000] {logging_mixin.py:188} INFO - [2025-04-25T00:12:46.403+0000] {dag.py:3823} INFO - Setting next_dagrun for email_sender to None, run_after=None
[2025-04-25T00:12:46.409+0000] {processor.py:183} INFO - Processing /opt/airflow/dags/email_sender_dag.py took 0.240 seconds
[2025-04-25T00:13:16.628+0000] {processor.py:161} INFO - Started process (PID=148) to work on /opt/airflow/dags/email_sender_dag.py
[2025-04-25T00:13:16.629+0000] {processor.py:830} INFO - Processing file /opt/airflow/dags/email_sender_dag.py for tasks to queue
[2025-04-25T00:13:16.631+0000] {logging_mixin.py:188} INFO - [2025-04-25T00:13:16.631+0000] {dagbag.py:538} INFO - Filling up the DagBag from /opt/airflow/dags/email_sender_dag.py
[2025-04-25T00:13:16.752+0000] {processor.py:840} INFO - DAG(s) 'email_sender' retrieved from /opt/airflow/dags/email_sender_dag.py
[2025-04-25T00:13:16.833+0000] {logging_mixin.py:188} INFO - [2025-04-25T00:13:16.833+0000] {dag.py:3036} INFO - Sync 1 DAGs
[2025-04-25T00:13:16.837+0000] {logging_mixin.py:188} INFO - [2025-04-25T00:13:16.837+0000] {dag.py:3823} INFO - Setting next_dagrun for email_sender to None, run_after=None
[2025-04-25T00:13:16.843+0000] {processor.py:183} INFO - Processing /opt/airflow/dags/email_sender_dag.py took 0.220 seconds
[2025-04-25T00:13:33.830+0000] {processor.py:161} INFO - Started process (PID=156) to work on /opt/airflow/dags/email_sender_dag.py
[2025-04-25T00:13:33.831+0000] {processor.py:830} INFO - Processing file /opt/airflow/dags/email_sender_dag.py for tasks to queue
[2025-04-25T00:13:33.832+0000] {logging_mixin.py:188} INFO - [2025-04-25T00:13:33.832+0000] {dagbag.py:538} INFO - Filling up the DagBag from /opt/airflow/dags/email_sender_dag.py
[2025-04-25T00:13:34.011+0000] {processor.py:840} INFO - DAG(s) 'email_sender' retrieved from /opt/airflow/dags/email_sender_dag.py
[2025-04-25T00:13:34.020+0000] {logging_mixin.py:188} INFO - [2025-04-25T00:13:34.020+0000] {dag.py:3036} INFO - Sync 1 DAGs
[2025-04-25T00:13:34.024+0000] {logging_mixin.py:188} INFO - [2025-04-25T00:13:34.024+0000] {dag.py:3823} INFO - Setting next_dagrun for email_sender to None, run_after=None
[2025-04-25T00:13:34.031+0000] {processor.py:183} INFO - Processing /opt/airflow/dags/email_sender_dag.py took 0.203 seconds
[2025-04-25T00:14:04.304+0000] {processor.py:161} INFO - Started process (PID=164) to work on /opt/airflow/dags/email_sender_dag.py
[2025-04-25T00:14:04.306+0000] {processor.py:830} INFO - Processing file /opt/airflow/dags/email_sender_dag.py for tasks to queue
[2025-04-25T00:14:04.307+0000] {logging_mixin.py:188} INFO - [2025-04-25T00:14:04.307+0000] {dagbag.py:538} INFO - Filling up the DagBag from /opt/airflow/dags/email_sender_dag.py
[2025-04-25T00:14:04.487+0000] {processor.py:840} INFO - DAG(s) 'email_sender' retrieved from /opt/airflow/dags/email_sender_dag.py
[2025-04-25T00:14:04.496+0000] {logging_mixin.py:188} INFO - [2025-04-25T00:14:04.495+0000] {dag.py:3036} INFO - Sync 1 DAGs
[2025-04-25T00:14:04.499+0000] {logging_mixin.py:188} INFO - [2025-04-25T00:14:04.499+0000] {dag.py:3823} INFO - Setting next_dagrun for email_sender to None, run_after=None
[2025-04-25T00:14:04.505+0000] {processor.py:183} INFO - Processing /opt/airflow/dags/email_sender_dag.py took 0.205 seconds
[2025-04-25T00:14:34.574+0000] {processor.py:161} INFO - Started process (PID=172) to work on /opt/airflow/dags/email_sender_dag.py
[2025-04-25T00:14:34.575+0000] {processor.py:830} INFO - Processing file /opt/airflow/dags/email_sender_dag.py for tasks to queue
[2025-04-25T00:14:34.577+0000] {logging_mixin.py:188} INFO - [2025-04-25T00:14:34.576+0000] {dagbag.py:538} INFO - Filling up the DagBag from /opt/airflow/dags/email_sender_dag.py
[2025-04-25T00:14:34.751+0000] {processor.py:840} INFO - DAG(s) 'email_sender' retrieved from /opt/airflow/dags/email_sender_dag.py
[2025-04-25T00:14:34.760+0000] {logging_mixin.py:188} INFO - [2025-04-25T00:14:34.760+0000] {dag.py:3036} INFO - Sync 1 DAGs
[2025-04-25T00:14:34.764+0000] {logging_mixin.py:188} INFO - [2025-04-25T00:14:34.764+0000] {dag.py:3823} INFO - Setting next_dagrun for email_sender to None, run_after=None
[2025-04-25T00:14:34.770+0000] {processor.py:183} INFO - Processing /opt/airflow/dags/email_sender_dag.py took 0.200 seconds
[2025-04-25T00:15:05.028+0000] {processor.py:161} INFO - Started process (PID=180) to work on /opt/airflow/dags/email_sender_dag.py
[2025-04-25T00:15:05.029+0000] {processor.py:830} INFO - Processing file /opt/airflow/dags/email_sender_dag.py for tasks to queue
[2025-04-25T00:15:05.031+0000] {logging_mixin.py:188} INFO - [2025-04-25T00:15:05.031+0000] {dagbag.py:538} INFO - Filling up the DagBag from /opt/airflow/dags/email_sender_dag.py
[2025-04-25T00:15:05.230+0000] {processor.py:840} INFO - DAG(s) 'email_sender' retrieved from /opt/airflow/dags/email_sender_dag.py
[2025-04-25T00:15:05.239+0000] {logging_mixin.py:188} INFO - [2025-04-25T00:15:05.239+0000] {dag.py:3036} INFO - Sync 1 DAGs
[2025-04-25T00:15:05.242+0000] {logging_mixin.py:188} INFO - [2025-04-25T00:15:05.242+0000] {dag.py:3823} INFO - Setting next_dagrun for email_sender to None, run_after=None
[2025-04-25T00:15:05.248+0000] {processor.py:183} INFO - Processing /opt/airflow/dags/email_sender_dag.py took 0.224 seconds
[2025-04-25T00:15:35.506+0000] {processor.py:161} INFO - Started process (PID=188) to work on /opt/airflow/dags/email_sender_dag.py
[2025-04-25T00:15:35.507+0000] {processor.py:830} INFO - Processing file /opt/airflow/dags/email_sender_dag.py for tasks to queue
[2025-04-25T00:15:35.509+0000] {logging_mixin.py:188} INFO - [2025-04-25T00:15:35.509+0000] {dagbag.py:538} INFO - Filling up the DagBag from /opt/airflow/dags/email_sender_dag.py
[2025-04-25T00:15:35.698+0000] {processor.py:840} INFO - DAG(s) 'email_sender' retrieved from /opt/airflow/dags/email_sender_dag.py
[2025-04-25T00:15:35.706+0000] {logging_mixin.py:188} INFO - [2025-04-25T00:15:35.706+0000] {dag.py:3036} INFO - Sync 1 DAGs
[2025-04-25T00:15:35.710+0000] {logging_mixin.py:188} INFO - [2025-04-25T00:15:35.710+0000] {dag.py:3823} INFO - Setting next_dagrun for email_sender to None, run_after=None
[2025-04-25T00:15:35.716+0000] {processor.py:183} INFO - Processing /opt/airflow/dags/email_sender_dag.py took 0.215 seconds
[2025-04-25T00:16:05.828+0000] {processor.py:161} INFO - Started process (PID=196) to work on /opt/airflow/dags/email_sender_dag.py
[2025-04-25T00:16:05.829+0000] {processor.py:830} INFO - Processing file /opt/airflow/dags/email_sender_dag.py for tasks to queue
[2025-04-25T00:16:05.831+0000] {logging_mixin.py:188} INFO - [2025-04-25T00:16:05.830+0000] {dagbag.py:538} INFO - Filling up the DagBag from /opt/airflow/dags/email_sender_dag.py
[2025-04-25T00:16:06.011+0000] {processor.py:840} INFO - DAG(s) 'email_sender' retrieved from /opt/airflow/dags/email_sender_dag.py
[2025-04-25T00:16:06.020+0000] {logging_mixin.py:188} INFO - [2025-04-25T00:16:06.019+0000] {dag.py:3036} INFO - Sync 1 DAGs
[2025-04-25T00:16:06.023+0000] {logging_mixin.py:188} INFO - [2025-04-25T00:16:06.023+0000] {dag.py:3823} INFO - Setting next_dagrun for email_sender to None, run_after=None
[2025-04-25T00:16:06.030+0000] {processor.py:183} INFO - Processing /opt/airflow/dags/email_sender_dag.py took 0.206 seconds
[2025-04-25T00:16:36.273+0000] {processor.py:161} INFO - Started process (PID=204) to work on /opt/airflow/dags/email_sender_dag.py
[2025-04-25T00:16:36.274+0000] {processor.py:830} INFO - Processing file /opt/airflow/dags/email_sender_dag.py for tasks to queue
[2025-04-25T00:16:36.275+0000] {logging_mixin.py:188} INFO - [2025-04-25T00:16:36.275+0000] {dagbag.py:538} INFO - Filling up the DagBag from /opt/airflow/dags/email_sender_dag.py
[2025-04-25T00:16:36.453+0000] {processor.py:840} INFO - DAG(s) 'email_sender' retrieved from /opt/airflow/dags/email_sender_dag.py
[2025-04-25T00:16:36.461+0000] {logging_mixin.py:188} INFO - [2025-04-25T00:16:36.461+0000] {dag.py:3036} INFO - Sync 1 DAGs
[2025-04-25T00:16:36.465+0000] {logging_mixin.py:188} INFO - [2025-04-25T00:16:36.465+0000] {dag.py:3823} INFO - Setting next_dagrun for email_sender to None, run_after=None
[2025-04-25T00:16:36.471+0000] {processor.py:183} INFO - Processing /opt/airflow/dags/email_sender_dag.py took 0.201 seconds
[2025-04-25T00:17:06.575+0000] {processor.py:161} INFO - Started process (PID=212) to work on /opt/airflow/dags/email_sender_dag.py
[2025-04-25T00:17:06.576+0000] {processor.py:830} INFO - Processing file /opt/airflow/dags/email_sender_dag.py for tasks to queue
[2025-04-25T00:17:06.580+0000] {logging_mixin.py:188} INFO - [2025-04-25T00:17:06.580+0000] {dagbag.py:538} INFO - Filling up the DagBag from /opt/airflow/dags/email_sender_dag.py
[2025-04-25T00:17:06.784+0000] {processor.py:840} INFO - DAG(s) 'email_sender' retrieved from /opt/airflow/dags/email_sender_dag.py
[2025-04-25T00:17:06.796+0000] {logging_mixin.py:188} INFO - [2025-04-25T00:17:06.795+0000] {dag.py:3036} INFO - Sync 1 DAGs
[2025-04-25T00:17:06.800+0000] {logging_mixin.py:188} INFO - [2025-04-25T00:17:06.800+0000] {dag.py:3823} INFO - Setting next_dagrun for email_sender to None, run_after=None
[2025-04-25T00:17:06.806+0000] {processor.py:183} INFO - Processing /opt/airflow/dags/email_sender_dag.py took 0.233 seconds
[2025-04-25T00:17:37.001+0000] {processor.py:161} INFO - Started process (PID=220) to work on /opt/airflow/dags/email_sender_dag.py
[2025-04-25T00:17:37.002+0000] {processor.py:830} INFO - Processing file /opt/airflow/dags/email_sender_dag.py for tasks to queue
[2025-04-25T00:17:37.004+0000] {logging_mixin.py:188} INFO - [2025-04-25T00:17:37.003+0000] {dagbag.py:538} INFO - Filling up the DagBag from /opt/airflow/dags/email_sender_dag.py
[2025-04-25T00:17:37.218+0000] {processor.py:840} INFO - DAG(s) 'email_sender' retrieved from /opt/airflow/dags/email_sender_dag.py
[2025-04-25T00:17:37.228+0000] {logging_mixin.py:188} INFO - [2025-04-25T00:17:37.227+0000] {dag.py:3036} INFO - Sync 1 DAGs
[2025-04-25T00:17:37.232+0000] {logging_mixin.py:188} INFO - [2025-04-25T00:17:37.232+0000] {dag.py:3823} INFO - Setting next_dagrun for email_sender to None, run_after=None
[2025-04-25T00:17:37.238+0000] {processor.py:183} INFO - Processing /opt/airflow/dags/email_sender_dag.py took 0.241 seconds
[2025-04-25T00:18:07.426+0000] {processor.py:161} INFO - Started process (PID=229) to work on /opt/airflow/dags/email_sender_dag.py
[2025-04-25T00:18:07.427+0000] {processor.py:830} INFO - Processing file /opt/airflow/dags/email_sender_dag.py for tasks to queue
[2025-04-25T00:18:07.427+0000] {logging_mixin.py:188} INFO - [2025-04-25T00:18:07.427+0000] {dagbag.py:538} INFO - Filling up the DagBag from /opt/airflow/dags/email_sender_dag.py
[2025-04-25T00:18:07.587+0000] {processor.py:840} INFO - DAG(s) 'email_sender' retrieved from /opt/airflow/dags/email_sender_dag.py
[2025-04-25T00:18:07.595+0000] {logging_mixin.py:188} INFO - [2025-04-25T00:18:07.595+0000] {dag.py:3036} INFO - Sync 1 DAGs
[2025-04-25T00:18:07.599+0000] {logging_mixin.py:188} INFO - [2025-04-25T00:18:07.598+0000] {dag.py:3823} INFO - Setting next_dagrun for email_sender to None, run_after=None
[2025-04-25T00:18:07.605+0000] {processor.py:183} INFO - Processing /opt/airflow/dags/email_sender_dag.py took 0.181 seconds
[2025-04-25T00:18:37.727+0000] {processor.py:161} INFO - Started process (PID=238) to work on /opt/airflow/dags/email_sender_dag.py
[2025-04-25T00:18:37.728+0000] {processor.py:830} INFO - Processing file /opt/airflow/dags/email_sender_dag.py for tasks to queue
[2025-04-25T00:18:37.729+0000] {logging_mixin.py:188} INFO - [2025-04-25T00:18:37.729+0000] {dagbag.py:538} INFO - Filling up the DagBag from /opt/airflow/dags/email_sender_dag.py
[2025-04-25T00:18:37.894+0000] {processor.py:840} INFO - DAG(s) 'email_sender' retrieved from /opt/airflow/dags/email_sender_dag.py
[2025-04-25T00:18:37.902+0000] {logging_mixin.py:188} INFO - [2025-04-25T00:18:37.902+0000] {dag.py:3036} INFO - Sync 1 DAGs
[2025-04-25T00:18:37.906+0000] {logging_mixin.py:188} INFO - [2025-04-25T00:18:37.906+0000] {dag.py:3823} INFO - Setting next_dagrun for email_sender to None, run_after=None
[2025-04-25T00:18:37.912+0000] {processor.py:183} INFO - Processing /opt/airflow/dags/email_sender_dag.py took 0.187 seconds
[2025-04-25T00:19:08.015+0000] {processor.py:161} INFO - Started process (PID=247) to work on /opt/airflow/dags/email_sender_dag.py
[2025-04-25T00:19:08.015+0000] {processor.py:830} INFO - Processing file /opt/airflow/dags/email_sender_dag.py for tasks to queue
[2025-04-25T00:19:08.017+0000] {logging_mixin.py:188} INFO - [2025-04-25T00:19:08.016+0000] {dagbag.py:538} INFO - Filling up the DagBag from /opt/airflow/dags/email_sender_dag.py
[2025-04-25T00:19:08.195+0000] {processor.py:840} INFO - DAG(s) 'email_sender' retrieved from /opt/airflow/dags/email_sender_dag.py
[2025-04-25T00:19:08.204+0000] {logging_mixin.py:188} INFO - [2025-04-25T00:19:08.204+0000] {dag.py:3036} INFO - Sync 1 DAGs
[2025-04-25T00:19:08.208+0000] {logging_mixin.py:188} INFO - [2025-04-25T00:19:08.208+0000] {dag.py:3823} INFO - Setting next_dagrun for email_sender to None, run_after=None
[2025-04-25T00:19:08.214+0000] {processor.py:183} INFO - Processing /opt/airflow/dags/email_sender_dag.py took 0.202 seconds
[2025-04-25T00:19:32.261+0000] {processor.py:161} INFO - Started process (PID=256) to work on /opt/airflow/dags/email_sender_dag.py
[2025-04-25T00:19:32.262+0000] {processor.py:830} INFO - Processing file /opt/airflow/dags/email_sender_dag.py for tasks to queue
[2025-04-25T00:19:32.263+0000] {logging_mixin.py:188} INFO - [2025-04-25T00:19:32.263+0000] {dagbag.py:538} INFO - Filling up the DagBag from /opt/airflow/dags/email_sender_dag.py
[2025-04-25T00:19:32.449+0000] {processor.py:840} INFO - DAG(s) 'email_sender' retrieved from /opt/airflow/dags/email_sender_dag.py
[2025-04-25T00:19:32.457+0000] {logging_mixin.py:188} INFO - [2025-04-25T00:19:32.457+0000] {dag.py:3036} INFO - Sync 1 DAGs
[2025-04-25T00:19:32.461+0000] {logging_mixin.py:188} INFO - [2025-04-25T00:19:32.461+0000] {dag.py:3823} INFO - Setting next_dagrun for email_sender to None, run_after=None
[2025-04-25T00:19:32.468+0000] {processor.py:183} INFO - Processing /opt/airflow/dags/email_sender_dag.py took 0.211 seconds
[2025-04-25T00:20:02.545+0000] {processor.py:161} INFO - Started process (PID=265) to work on /opt/airflow/dags/email_sender_dag.py
[2025-04-25T00:20:02.546+0000] {processor.py:830} INFO - Processing file /opt/airflow/dags/email_sender_dag.py for tasks to queue
[2025-04-25T00:20:02.548+0000] {logging_mixin.py:188} INFO - [2025-04-25T00:20:02.547+0000] {dagbag.py:538} INFO - Filling up the DagBag from /opt/airflow/dags/email_sender_dag.py
[2025-04-25T00:20:02.800+0000] {processor.py:840} INFO - DAG(s) 'email_sender' retrieved from /opt/airflow/dags/email_sender_dag.py
[2025-04-25T00:20:02.810+0000] {logging_mixin.py:188} INFO - [2025-04-25T00:20:02.809+0000] {dag.py:3036} INFO - Sync 1 DAGs
[2025-04-25T00:20:02.814+0000] {logging_mixin.py:188} INFO - [2025-04-25T00:20:02.814+0000] {dag.py:3823} INFO - Setting next_dagrun for email_sender to None, run_after=None
[2025-04-25T00:20:02.820+0000] {processor.py:183} INFO - Processing /opt/airflow/dags/email_sender_dag.py took 0.279 seconds
[2025-04-25T00:20:33.814+0000] {processor.py:161} INFO - Started process (PID=274) to work on /opt/airflow/dags/email_sender_dag.py
[2025-04-25T00:20:33.815+0000] {processor.py:830} INFO - Processing file /opt/airflow/dags/email_sender_dag.py for tasks to queue
[2025-04-25T00:20:33.816+0000] {logging_mixin.py:188} INFO - [2025-04-25T00:20:33.816+0000] {dagbag.py:538} INFO - Filling up the DagBag from /opt/airflow/dags/email_sender_dag.py
[2025-04-25T00:20:33.981+0000] {processor.py:840} INFO - DAG(s) 'email_sender' retrieved from /opt/airflow/dags/email_sender_dag.py
[2025-04-25T00:20:33.989+0000] {logging_mixin.py:188} INFO - [2025-04-25T00:20:33.989+0000] {dag.py:3036} INFO - Sync 1 DAGs
[2025-04-25T00:20:33.993+0000] {logging_mixin.py:188} INFO - [2025-04-25T00:20:33.992+0000] {dag.py:3823} INFO - Setting next_dagrun for email_sender to None, run_after=None
[2025-04-25T00:20:33.999+0000] {processor.py:183} INFO - Processing /opt/airflow/dags/email_sender_dag.py took 0.187 seconds
