[2025-04-27T15:00:59.085+0000] {taskinstance.py:1956} INFO - Dependencies all met for dep_context=non-requeueable deps ti=<TaskInstance: email_sender.enviar_emails manual__2025-04-27T15:00:56.248456+00:00 [queued]>
[2025-04-27T15:00:59.087+0000] {taskinstance.py:1956} INFO - Dependencies all met for dep_context=requeueable deps ti=<TaskInstance: email_sender.enviar_emails manual__2025-04-27T15:00:56.248456+00:00 [queued]>
[2025-04-27T15:00:59.088+0000] {taskinstance.py:2170} INFO - Starting attempt 1 of 1
[2025-04-27T15:00:59.092+0000] {taskinstance.py:2191} INFO - Executing <Task(PythonOperator): enviar_emails> on 2025-04-27 15:00:56.248456+00:00
[2025-04-27T15:00:59.094+0000] {standard_task_runner.py:60} INFO - Started process 98 to run task
[2025-04-27T15:00:59.096+0000] {standard_task_runner.py:87} INFO - Running: ['***', 'tasks', 'run', 'email_sender', 'enviar_emails', 'manual__2025-04-27T15:00:56.248456+00:00', '--job-id', '10', '--raw', '--subdir', 'DAGS_FOLDER/email_sender_dag.py', '--cfg-path', '/tmp/tmpx0oj607y']
[2025-04-27T15:00:59.097+0000] {standard_task_runner.py:88} INFO - Job 10: Subtask enviar_emails
[2025-04-27T15:00:59.198+0000] {task_command.py:423} INFO - Running <TaskInstance: email_sender.enviar_emails manual__2025-04-27T15:00:56.248456+00:00 [running]> on host ebc446b713fb
[2025-04-27T15:00:59.234+0000] {taskinstance.py:2480} INFO - Exporting env vars: AIRFLOW_CTX_DAG_OWNER='***' AIRFLOW_CTX_DAG_ID='email_sender' AIRFLOW_CTX_TASK_ID='enviar_emails' AIRFLOW_CTX_EXECUTION_DATE='2025-04-27T15:00:56.248456+00:00' AIRFLOW_CTX_TRY_NUMBER='1' AIRFLOW_CTX_DAG_RUN_ID='manual__2025-04-27T15:00:56.248456+00:00'
[2025-04-27T15:01:03.271+0000] {logging_mixin.py:188} INFO - Email enviado para rabernardino@outlook.com com sucesso!
[2025-04-27T15:01:07.925+0000] {logging_mixin.py:188} INFO - Email enviado para rabernardino@outlook.com com sucesso!
[2025-04-27T15:01:11.609+0000] {logging_mixin.py:188} INFO - Email enviado para rabernardino@outlook.com com sucesso!
[2025-04-27T15:01:15.084+0000] {logging_mixin.py:188} INFO - Email enviado para rabernardino@outlook.com com sucesso!
[2025-04-27T15:01:19.147+0000] {logging_mixin.py:188} INFO - Email enviado para rabernardino@outlook.com com sucesso!
[2025-04-27T15:01:22.559+0000] {logging_mixin.py:188} INFO - Email enviado para rabernardino@outlook.com com sucesso!
[2025-04-27T15:01:25.792+0000] {logging_mixin.py:188} INFO - Erro ao enviar e-mail para nan: 'numpy.float64' object has no attribute 'encode'
[2025-04-27T15:01:25.794+0000] {python.py:201} INFO - Done. Returned value was: None
[2025-04-27T15:01:25.811+0000] {taskinstance.py:1138} INFO - Marking task as SUCCESS. dag_id=email_sender, task_id=enviar_emails, execution_date=20250427T150056, start_date=20250427T150059, end_date=20250427T150125
[2025-04-27T15:01:25.846+0000] {local_task_job_runner.py:234} INFO - Task exited with return code 0
[2025-04-27T15:01:25.853+0000] {taskinstance.py:3280} INFO - 0 downstream tasks scheduled from follow-on schedule check
