[2025-04-27T15:00:44.586+0000] {processor.py:161} INFO - Started process (PID=60) to work on /opt/airflow/dags/email_sender_dag.py
[2025-04-27T15:00:44.588+0000] {processor.py:830} INFO - Processing file /opt/airflow/dags/email_sender_dag.py for tasks to queue
[2025-04-27T15:00:44.589+0000] {logging_mixin.py:188} INFO - [2025-04-27T15:00:44.589+0000] {dagbag.py:538} INFO - Filling up the DagBag from /opt/airflow/dags/email_sender_dag.py
[2025-04-27T15:00:44.813+0000] {processor.py:840} INFO - DAG(s) 'email_sender' retrieved from /opt/airflow/dags/email_sender_dag.py
[2025-04-27T15:00:44.992+0000] {logging_mixin.py:188} INFO - [2025-04-27T15:00:44.992+0000] {dag.py:3036} INFO - Sync 1 DAGs
[2025-04-27T15:00:44.998+0000] {logging_mixin.py:188} INFO - [2025-04-27T15:00:44.998+0000] {dag.py:3823} INFO - Setting next_dagrun for email_sender to None, run_after=None
[2025-04-27T15:00:45.012+0000] {processor.py:183} INFO - Processing /opt/airflow/dags/email_sender_dag.py took 0.429 seconds
[2025-04-27T15:01:15.809+0000] {processor.py:161} INFO - Started process (PID=70) to work on /opt/airflow/dags/email_sender_dag.py
[2025-04-27T15:01:15.810+0000] {processor.py:830} INFO - Processing file /opt/airflow/dags/email_sender_dag.py for tasks to queue
[2025-04-27T15:01:15.811+0000] {logging_mixin.py:188} INFO - [2025-04-27T15:01:15.810+0000] {dagbag.py:538} INFO - Filling up the DagBag from /opt/airflow/dags/email_sender_dag.py
[2025-04-27T15:01:16.064+0000] {processor.py:840} INFO - DAG(s) 'email_sender' retrieved from /opt/airflow/dags/email_sender_dag.py
[2025-04-27T15:01:16.074+0000] {logging_mixin.py:188} INFO - [2025-04-27T15:01:16.074+0000] {dag.py:3036} INFO - Sync 1 DAGs
[2025-04-27T15:01:16.078+0000] {logging_mixin.py:188} INFO - [2025-04-27T15:01:16.078+0000] {dag.py:3823} INFO - Setting next_dagrun for email_sender to None, run_after=None
[2025-04-27T15:01:16.086+0000] {processor.py:183} INFO - Processing /opt/airflow/dags/email_sender_dag.py took 0.279 seconds
[2025-04-27T15:01:47.064+0000] {processor.py:161} INFO - Started process (PID=78) to work on /opt/airflow/dags/email_sender_dag.py
[2025-04-27T15:01:47.065+0000] {processor.py:830} INFO - Processing file /opt/airflow/dags/email_sender_dag.py for tasks to queue
[2025-04-27T15:01:47.065+0000] {logging_mixin.py:188} INFO - [2025-04-27T15:01:47.065+0000] {dagbag.py:538} INFO - Filling up the DagBag from /opt/airflow/dags/email_sender_dag.py
[2025-04-27T15:01:47.175+0000] {processor.py:840} INFO - DAG(s) 'email_sender' retrieved from /opt/airflow/dags/email_sender_dag.py
[2025-04-27T15:01:47.249+0000] {logging_mixin.py:188} INFO - [2025-04-27T15:01:47.185+0000] {dag.py:3036} INFO - Sync 1 DAGs
[2025-04-27T15:01:47.254+0000] {logging_mixin.py:188} INFO - [2025-04-27T15:01:47.254+0000] {dag.py:3823} INFO - Setting next_dagrun for email_sender to None, run_after=None
[2025-04-27T15:01:47.260+0000] {processor.py:183} INFO - Processing /opt/airflow/dags/email_sender_dag.py took 0.197 seconds
[2025-04-27T15:02:17.316+0000] {processor.py:161} INFO - Started process (PID=87) to work on /opt/airflow/dags/email_sender_dag.py
[2025-04-27T15:02:17.316+0000] {processor.py:830} INFO - Processing file /opt/airflow/dags/email_sender_dag.py for tasks to queue
[2025-04-27T15:02:17.317+0000] {logging_mixin.py:188} INFO - [2025-04-27T15:02:17.317+0000] {dagbag.py:538} INFO - Filling up the DagBag from /opt/airflow/dags/email_sender_dag.py
[2025-04-27T15:02:17.489+0000] {processor.py:840} INFO - DAG(s) 'email_sender' retrieved from /opt/airflow/dags/email_sender_dag.py
[2025-04-27T15:02:17.499+0000] {logging_mixin.py:188} INFO - [2025-04-27T15:02:17.499+0000] {dag.py:3036} INFO - Sync 1 DAGs
[2025-04-27T15:02:17.503+0000] {logging_mixin.py:188} INFO - [2025-04-27T15:02:17.503+0000] {dag.py:3823} INFO - Setting next_dagrun for email_sender to None, run_after=None
[2025-04-27T15:02:17.509+0000] {processor.py:183} INFO - Processing /opt/airflow/dags/email_sender_dag.py took 0.194 seconds
[2025-04-27T15:04:59.977+0000] {processor.py:161} INFO - Started process (PID=62) to work on /opt/airflow/dags/email_sender_dag.py
[2025-04-27T15:04:59.979+0000] {processor.py:830} INFO - Processing file /opt/airflow/dags/email_sender_dag.py for tasks to queue
[2025-04-27T15:04:59.980+0000] {logging_mixin.py:188} INFO - [2025-04-27T15:04:59.980+0000] {dagbag.py:538} INFO - Filling up the DagBag from /opt/airflow/dags/email_sender_dag.py
[2025-04-27T15:05:00.533+0000] {processor.py:840} INFO - DAG(s) 'email_sender' retrieved from /opt/airflow/dags/email_sender_dag.py
[2025-04-27T15:05:00.735+0000] {logging_mixin.py:188} INFO - [2025-04-27T15:05:00.734+0000] {dag.py:3036} INFO - Sync 1 DAGs
[2025-04-27T15:05:00.741+0000] {logging_mixin.py:188} INFO - [2025-04-27T15:05:00.741+0000] {dag.py:3823} INFO - Setting next_dagrun for email_sender to None, run_after=None
[2025-04-27T15:05:00.756+0000] {processor.py:183} INFO - Processing /opt/airflow/dags/email_sender_dag.py took 0.781 seconds
[2025-04-27T15:05:31.204+0000] {processor.py:161} INFO - Started process (PID=78) to work on /opt/airflow/dags/email_sender_dag.py
[2025-04-27T15:05:31.205+0000] {processor.py:830} INFO - Processing file /opt/airflow/dags/email_sender_dag.py for tasks to queue
[2025-04-27T15:05:31.207+0000] {logging_mixin.py:188} INFO - [2025-04-27T15:05:31.206+0000] {dagbag.py:538} INFO - Filling up the DagBag from /opt/airflow/dags/email_sender_dag.py
[2025-04-27T15:05:31.340+0000] {processor.py:840} INFO - DAG(s) 'email_sender' retrieved from /opt/airflow/dags/email_sender_dag.py
[2025-04-27T15:05:31.351+0000] {logging_mixin.py:188} INFO - [2025-04-27T15:05:31.350+0000] {dag.py:3036} INFO - Sync 1 DAGs
[2025-04-27T15:05:31.470+0000] {logging_mixin.py:188} INFO - [2025-04-27T15:05:31.469+0000] {dag.py:3823} INFO - Setting next_dagrun for email_sender to None, run_after=None
[2025-04-27T15:05:31.476+0000] {processor.py:183} INFO - Processing /opt/airflow/dags/email_sender_dag.py took 0.275 seconds
[2025-04-27T15:06:02.468+0000] {processor.py:161} INFO - Started process (PID=87) to work on /opt/airflow/dags/email_sender_dag.py
[2025-04-27T15:06:02.469+0000] {processor.py:830} INFO - Processing file /opt/airflow/dags/email_sender_dag.py for tasks to queue
[2025-04-27T15:06:02.471+0000] {logging_mixin.py:188} INFO - [2025-04-27T15:06:02.470+0000] {dagbag.py:538} INFO - Filling up the DagBag from /opt/airflow/dags/email_sender_dag.py
[2025-04-27T15:06:02.579+0000] {processor.py:840} INFO - DAG(s) 'email_sender' retrieved from /opt/airflow/dags/email_sender_dag.py
[2025-04-27T15:06:02.652+0000] {logging_mixin.py:188} INFO - [2025-04-27T15:06:02.652+0000] {dag.py:3036} INFO - Sync 1 DAGs
[2025-04-27T15:06:02.656+0000] {logging_mixin.py:188} INFO - [2025-04-27T15:06:02.656+0000] {dag.py:3823} INFO - Setting next_dagrun for email_sender to None, run_after=None
[2025-04-27T15:06:02.662+0000] {processor.py:183} INFO - Processing /opt/airflow/dags/email_sender_dag.py took 0.198 seconds
[2025-04-27T15:06:32.734+0000] {processor.py:161} INFO - Started process (PID=96) to work on /opt/airflow/dags/email_sender_dag.py
[2025-04-27T15:06:32.735+0000] {processor.py:830} INFO - Processing file /opt/airflow/dags/email_sender_dag.py for tasks to queue
[2025-04-27T15:06:32.736+0000] {logging_mixin.py:188} INFO - [2025-04-27T15:06:32.736+0000] {dagbag.py:538} INFO - Filling up the DagBag from /opt/airflow/dags/email_sender_dag.py
[2025-04-27T15:06:32.914+0000] {processor.py:840} INFO - DAG(s) 'email_sender' retrieved from /opt/airflow/dags/email_sender_dag.py
[2025-04-27T15:06:32.923+0000] {logging_mixin.py:188} INFO - [2025-04-27T15:06:32.923+0000] {dag.py:3036} INFO - Sync 1 DAGs
[2025-04-27T15:06:32.927+0000] {logging_mixin.py:188} INFO - [2025-04-27T15:06:32.927+0000] {dag.py:3823} INFO - Setting next_dagrun for email_sender to None, run_after=None
[2025-04-27T15:06:32.933+0000] {processor.py:183} INFO - Processing /opt/airflow/dags/email_sender_dag.py took 0.203 seconds
[2025-04-27T15:07:02.985+0000] {processor.py:161} INFO - Started process (PID=105) to work on /opt/airflow/dags/email_sender_dag.py
[2025-04-27T15:07:02.986+0000] {processor.py:830} INFO - Processing file /opt/airflow/dags/email_sender_dag.py for tasks to queue
[2025-04-27T15:07:02.988+0000] {logging_mixin.py:188} INFO - [2025-04-27T15:07:02.988+0000] {dagbag.py:538} INFO - Filling up the DagBag from /opt/airflow/dags/email_sender_dag.py
[2025-04-27T15:07:03.107+0000] {processor.py:840} INFO - DAG(s) 'email_sender' retrieved from /opt/airflow/dags/email_sender_dag.py
[2025-04-27T15:07:03.117+0000] {logging_mixin.py:188} INFO - [2025-04-27T15:07:03.117+0000] {dag.py:3036} INFO - Sync 1 DAGs
[2025-04-27T15:07:03.121+0000] {logging_mixin.py:188} INFO - [2025-04-27T15:07:03.121+0000] {dag.py:3823} INFO - Setting next_dagrun for email_sender to None, run_after=None
[2025-04-27T15:07:03.128+0000] {processor.py:183} INFO - Processing /opt/airflow/dags/email_sender_dag.py took 0.146 seconds
[2025-04-27T15:07:33.240+0000] {processor.py:161} INFO - Started process (PID=114) to work on /opt/airflow/dags/email_sender_dag.py
[2025-04-27T15:07:33.242+0000] {processor.py:830} INFO - Processing file /opt/airflow/dags/email_sender_dag.py for tasks to queue
[2025-04-27T15:07:33.243+0000] {logging_mixin.py:188} INFO - [2025-04-27T15:07:33.243+0000] {dagbag.py:538} INFO - Filling up the DagBag from /opt/airflow/dags/email_sender_dag.py
[2025-04-27T15:07:33.366+0000] {processor.py:840} INFO - DAG(s) 'email_sender' retrieved from /opt/airflow/dags/email_sender_dag.py
[2025-04-27T15:07:33.375+0000] {logging_mixin.py:188} INFO - [2025-04-27T15:07:33.375+0000] {dag.py:3036} INFO - Sync 1 DAGs
[2025-04-27T15:07:33.380+0000] {logging_mixin.py:188} INFO - [2025-04-27T15:07:33.380+0000] {dag.py:3823} INFO - Setting next_dagrun for email_sender to None, run_after=None
[2025-04-27T15:07:33.454+0000] {processor.py:183} INFO - Processing /opt/airflow/dags/email_sender_dag.py took 0.217 seconds
[2025-04-27T15:09:38.043+0000] {processor.py:161} INFO - Started process (PID=61) to work on /opt/airflow/dags/email_sender_dag.py
[2025-04-27T15:09:38.045+0000] {processor.py:830} INFO - Processing file /opt/airflow/dags/email_sender_dag.py for tasks to queue
[2025-04-27T15:09:38.048+0000] {logging_mixin.py:188} INFO - [2025-04-27T15:09:38.048+0000] {dagbag.py:538} INFO - Filling up the DagBag from /opt/airflow/dags/email_sender_dag.py
[2025-04-27T15:09:38.224+0000] {processor.py:840} INFO - DAG(s) 'email_sender' retrieved from /opt/airflow/dags/email_sender_dag.py
[2025-04-27T15:09:38.387+0000] {logging_mixin.py:188} INFO - [2025-04-27T15:09:38.387+0000] {dag.py:3036} INFO - Sync 1 DAGs
[2025-04-27T15:09:38.397+0000] {logging_mixin.py:188} INFO - [2025-04-27T15:09:38.396+0000] {dag.py:3823} INFO - Setting next_dagrun for email_sender to None, run_after=None
[2025-04-27T15:09:38.410+0000] {processor.py:183} INFO - Processing /opt/airflow/dags/email_sender_dag.py took 0.370 seconds
[2025-04-27T15:10:09.327+0000] {processor.py:161} INFO - Started process (PID=71) to work on /opt/airflow/dags/email_sender_dag.py
[2025-04-27T15:10:09.327+0000] {processor.py:830} INFO - Processing file /opt/airflow/dags/email_sender_dag.py for tasks to queue
[2025-04-27T15:10:09.328+0000] {logging_mixin.py:188} INFO - [2025-04-27T15:10:09.328+0000] {dagbag.py:538} INFO - Filling up the DagBag from /opt/airflow/dags/email_sender_dag.py
[2025-04-27T15:10:09.489+0000] {processor.py:840} INFO - DAG(s) 'email_sender' retrieved from /opt/airflow/dags/email_sender_dag.py
[2025-04-27T15:10:09.497+0000] {logging_mixin.py:188} INFO - [2025-04-27T15:10:09.497+0000] {dag.py:3036} INFO - Sync 1 DAGs
[2025-04-27T15:10:09.501+0000] {logging_mixin.py:188} INFO - [2025-04-27T15:10:09.501+0000] {dag.py:3823} INFO - Setting next_dagrun for email_sender to None, run_after=None
[2025-04-27T15:10:09.507+0000] {processor.py:183} INFO - Processing /opt/airflow/dags/email_sender_dag.py took 0.182 seconds
[2025-04-27T15:10:39.565+0000] {processor.py:161} INFO - Started process (PID=80) to work on /opt/airflow/dags/email_sender_dag.py
[2025-04-27T15:10:39.566+0000] {processor.py:830} INFO - Processing file /opt/airflow/dags/email_sender_dag.py for tasks to queue
[2025-04-27T15:10:39.566+0000] {logging_mixin.py:188} INFO - [2025-04-27T15:10:39.566+0000] {dagbag.py:538} INFO - Filling up the DagBag from /opt/airflow/dags/email_sender_dag.py
[2025-04-27T15:10:39.675+0000] {processor.py:840} INFO - DAG(s) 'email_sender' retrieved from /opt/airflow/dags/email_sender_dag.py
[2025-04-27T15:10:39.758+0000] {logging_mixin.py:188} INFO - [2025-04-27T15:10:39.758+0000] {dag.py:3036} INFO - Sync 1 DAGs
[2025-04-27T15:10:39.763+0000] {logging_mixin.py:188} INFO - [2025-04-27T15:10:39.763+0000] {dag.py:3823} INFO - Setting next_dagrun for email_sender to None, run_after=None
[2025-04-27T15:10:39.769+0000] {processor.py:183} INFO - Processing /opt/airflow/dags/email_sender_dag.py took 0.206 seconds
[2025-04-27T15:11:09.793+0000] {processor.py:161} INFO - Started process (PID=89) to work on /opt/airflow/dags/email_sender_dag.py
[2025-04-27T15:11:09.793+0000] {processor.py:830} INFO - Processing file /opt/airflow/dags/email_sender_dag.py for tasks to queue
[2025-04-27T15:11:09.795+0000] {logging_mixin.py:188} INFO - [2025-04-27T15:11:09.795+0000] {dagbag.py:538} INFO - Filling up the DagBag from /opt/airflow/dags/email_sender_dag.py
[2025-04-27T15:11:09.965+0000] {processor.py:840} INFO - DAG(s) 'email_sender' retrieved from /opt/airflow/dags/email_sender_dag.py
[2025-04-27T15:11:09.973+0000] {logging_mixin.py:188} INFO - [2025-04-27T15:11:09.972+0000] {dag.py:3036} INFO - Sync 1 DAGs
[2025-04-27T15:11:09.976+0000] {logging_mixin.py:188} INFO - [2025-04-27T15:11:09.976+0000] {dag.py:3823} INFO - Setting next_dagrun for email_sender to None, run_after=None
[2025-04-27T15:11:09.982+0000] {processor.py:183} INFO - Processing /opt/airflow/dags/email_sender_dag.py took 0.192 seconds
[2025-04-27T15:11:40.025+0000] {processor.py:161} INFO - Started process (PID=98) to work on /opt/airflow/dags/email_sender_dag.py
[2025-04-27T15:11:40.026+0000] {processor.py:830} INFO - Processing file /opt/airflow/dags/email_sender_dag.py for tasks to queue
[2025-04-27T15:11:40.027+0000] {logging_mixin.py:188} INFO - [2025-04-27T15:11:40.027+0000] {dagbag.py:538} INFO - Filling up the DagBag from /opt/airflow/dags/email_sender_dag.py
[2025-04-27T15:11:40.193+0000] {processor.py:840} INFO - DAG(s) 'email_sender' retrieved from /opt/airflow/dags/email_sender_dag.py
[2025-04-27T15:11:40.201+0000] {logging_mixin.py:188} INFO - [2025-04-27T15:11:40.201+0000] {dag.py:3036} INFO - Sync 1 DAGs
[2025-04-27T15:11:40.204+0000] {logging_mixin.py:188} INFO - [2025-04-27T15:11:40.204+0000] {dag.py:3823} INFO - Setting next_dagrun for email_sender to None, run_after=None
[2025-04-27T15:11:40.210+0000] {processor.py:183} INFO - Processing /opt/airflow/dags/email_sender_dag.py took 0.188 seconds
[2025-04-27T15:12:10.291+0000] {processor.py:161} INFO - Started process (PID=107) to work on /opt/airflow/dags/email_sender_dag.py
[2025-04-27T15:12:10.293+0000] {processor.py:830} INFO - Processing file /opt/airflow/dags/email_sender_dag.py for tasks to queue
[2025-04-27T15:12:10.294+0000] {logging_mixin.py:188} INFO - [2025-04-27T15:12:10.294+0000] {dagbag.py:538} INFO - Filling up the DagBag from /opt/airflow/dags/email_sender_dag.py
[2025-04-27T15:12:10.462+0000] {processor.py:840} INFO - DAG(s) 'email_sender' retrieved from /opt/airflow/dags/email_sender_dag.py
[2025-04-27T15:12:10.469+0000] {logging_mixin.py:188} INFO - [2025-04-27T15:12:10.469+0000] {dag.py:3036} INFO - Sync 1 DAGs
[2025-04-27T15:12:10.473+0000] {logging_mixin.py:188} INFO - [2025-04-27T15:12:10.473+0000] {dag.py:3823} INFO - Setting next_dagrun for email_sender to None, run_after=None
[2025-04-27T15:12:10.479+0000] {processor.py:183} INFO - Processing /opt/airflow/dags/email_sender_dag.py took 0.192 seconds
[2025-04-27T15:12:40.561+0000] {processor.py:161} INFO - Started process (PID=116) to work on /opt/airflow/dags/email_sender_dag.py
[2025-04-27T15:12:40.562+0000] {processor.py:830} INFO - Processing file /opt/airflow/dags/email_sender_dag.py for tasks to queue
[2025-04-27T15:12:40.563+0000] {logging_mixin.py:188} INFO - [2025-04-27T15:12:40.563+0000] {dagbag.py:538} INFO - Filling up the DagBag from /opt/airflow/dags/email_sender_dag.py
[2025-04-27T15:12:40.680+0000] {processor.py:840} INFO - DAG(s) 'email_sender' retrieved from /opt/airflow/dags/email_sender_dag.py
[2025-04-27T15:12:40.748+0000] {logging_mixin.py:188} INFO - [2025-04-27T15:12:40.748+0000] {dag.py:3036} INFO - Sync 1 DAGs
[2025-04-27T15:12:40.752+0000] {logging_mixin.py:188} INFO - [2025-04-27T15:12:40.752+0000] {dag.py:3823} INFO - Setting next_dagrun for email_sender to None, run_after=None
[2025-04-27T15:12:40.758+0000] {processor.py:183} INFO - Processing /opt/airflow/dags/email_sender_dag.py took 0.201 seconds
[2025-04-27T15:13:10.831+0000] {processor.py:161} INFO - Started process (PID=125) to work on /opt/airflow/dags/email_sender_dag.py
[2025-04-27T15:13:10.832+0000] {processor.py:830} INFO - Processing file /opt/airflow/dags/email_sender_dag.py for tasks to queue
[2025-04-27T15:13:10.833+0000] {logging_mixin.py:188} INFO - [2025-04-27T15:13:10.833+0000] {dagbag.py:538} INFO - Filling up the DagBag from /opt/airflow/dags/email_sender_dag.py
[2025-04-27T15:13:11.027+0000] {processor.py:840} INFO - DAG(s) 'email_sender' retrieved from /opt/airflow/dags/email_sender_dag.py
[2025-04-27T15:13:11.036+0000] {logging_mixin.py:188} INFO - [2025-04-27T15:13:11.036+0000] {dag.py:3036} INFO - Sync 1 DAGs
[2025-04-27T15:13:11.040+0000] {logging_mixin.py:188} INFO - [2025-04-27T15:13:11.039+0000] {dag.py:3823} INFO - Setting next_dagrun for email_sender to None, run_after=None
[2025-04-27T15:13:11.045+0000] {processor.py:183} INFO - Processing /opt/airflow/dags/email_sender_dag.py took 0.217 seconds
[2025-04-27T15:13:41.064+0000] {processor.py:161} INFO - Started process (PID=134) to work on /opt/airflow/dags/email_sender_dag.py
[2025-04-27T15:13:41.065+0000] {processor.py:830} INFO - Processing file /opt/airflow/dags/email_sender_dag.py for tasks to queue
[2025-04-27T15:13:41.066+0000] {logging_mixin.py:188} INFO - [2025-04-27T15:13:41.066+0000] {dagbag.py:538} INFO - Filling up the DagBag from /opt/airflow/dags/email_sender_dag.py
[2025-04-27T15:13:41.243+0000] {processor.py:840} INFO - DAG(s) 'email_sender' retrieved from /opt/airflow/dags/email_sender_dag.py
[2025-04-27T15:13:41.251+0000] {logging_mixin.py:188} INFO - [2025-04-27T15:13:41.251+0000] {dag.py:3036} INFO - Sync 1 DAGs
[2025-04-27T15:13:41.255+0000] {logging_mixin.py:188} INFO - [2025-04-27T15:13:41.255+0000] {dag.py:3823} INFO - Setting next_dagrun for email_sender to None, run_after=None
[2025-04-27T15:13:41.261+0000] {processor.py:183} INFO - Processing /opt/airflow/dags/email_sender_dag.py took 0.200 seconds
[2025-04-27T15:14:11.310+0000] {processor.py:161} INFO - Started process (PID=143) to work on /opt/airflow/dags/email_sender_dag.py
[2025-04-27T15:14:11.311+0000] {processor.py:830} INFO - Processing file /opt/airflow/dags/email_sender_dag.py for tasks to queue
[2025-04-27T15:14:11.312+0000] {logging_mixin.py:188} INFO - [2025-04-27T15:14:11.312+0000] {dagbag.py:538} INFO - Filling up the DagBag from /opt/airflow/dags/email_sender_dag.py
[2025-04-27T15:14:11.496+0000] {processor.py:840} INFO - DAG(s) 'email_sender' retrieved from /opt/airflow/dags/email_sender_dag.py
[2025-04-27T15:14:11.504+0000] {logging_mixin.py:188} INFO - [2025-04-27T15:14:11.504+0000] {dag.py:3036} INFO - Sync 1 DAGs
[2025-04-27T15:14:11.509+0000] {logging_mixin.py:188} INFO - [2025-04-27T15:14:11.509+0000] {dag.py:3823} INFO - Setting next_dagrun for email_sender to None, run_after=None
[2025-04-27T15:14:11.515+0000] {processor.py:183} INFO - Processing /opt/airflow/dags/email_sender_dag.py took 0.208 seconds
[2025-04-27T15:14:41.567+0000] {processor.py:161} INFO - Started process (PID=152) to work on /opt/airflow/dags/email_sender_dag.py
[2025-04-27T15:14:41.568+0000] {processor.py:830} INFO - Processing file /opt/airflow/dags/email_sender_dag.py for tasks to queue
[2025-04-27T15:14:41.569+0000] {logging_mixin.py:188} INFO - [2025-04-27T15:14:41.569+0000] {dagbag.py:538} INFO - Filling up the DagBag from /opt/airflow/dags/email_sender_dag.py
[2025-04-27T15:14:41.746+0000] {processor.py:840} INFO - DAG(s) 'email_sender' retrieved from /opt/airflow/dags/email_sender_dag.py
[2025-04-27T15:14:41.755+0000] {logging_mixin.py:188} INFO - [2025-04-27T15:14:41.755+0000] {dag.py:3036} INFO - Sync 1 DAGs
[2025-04-27T15:14:41.759+0000] {logging_mixin.py:188} INFO - [2025-04-27T15:14:41.759+0000] {dag.py:3823} INFO - Setting next_dagrun for email_sender to None, run_after=None
[2025-04-27T15:14:41.765+0000] {processor.py:183} INFO - Processing /opt/airflow/dags/email_sender_dag.py took 0.201 seconds
[2025-04-27T15:15:11.815+0000] {processor.py:161} INFO - Started process (PID=161) to work on /opt/airflow/dags/email_sender_dag.py
[2025-04-27T15:15:11.816+0000] {processor.py:830} INFO - Processing file /opt/airflow/dags/email_sender_dag.py for tasks to queue
[2025-04-27T15:15:11.817+0000] {logging_mixin.py:188} INFO - [2025-04-27T15:15:11.817+0000] {dagbag.py:538} INFO - Filling up the DagBag from /opt/airflow/dags/email_sender_dag.py
[2025-04-27T15:15:11.990+0000] {processor.py:840} INFO - DAG(s) 'email_sender' retrieved from /opt/airflow/dags/email_sender_dag.py
[2025-04-27T15:15:11.998+0000] {logging_mixin.py:188} INFO - [2025-04-27T15:15:11.997+0000] {dag.py:3036} INFO - Sync 1 DAGs
[2025-04-27T15:15:12.001+0000] {logging_mixin.py:188} INFO - [2025-04-27T15:15:12.001+0000] {dag.py:3823} INFO - Setting next_dagrun for email_sender to None, run_after=None
[2025-04-27T15:15:12.007+0000] {processor.py:183} INFO - Processing /opt/airflow/dags/email_sender_dag.py took 0.195 seconds
[2025-04-27T15:18:45.448+0000] {processor.py:161} INFO - Started process (PID=60) to work on /opt/airflow/dags/email_sender_dag.py
[2025-04-27T15:18:45.451+0000] {processor.py:830} INFO - Processing file /opt/airflow/dags/email_sender_dag.py for tasks to queue
[2025-04-27T15:18:45.452+0000] {logging_mixin.py:188} INFO - [2025-04-27T15:18:45.452+0000] {dagbag.py:538} INFO - Filling up the DagBag from /opt/airflow/dags/email_sender_dag.py
[2025-04-27T15:18:45.614+0000] {processor.py:840} INFO - DAG(s) 'email_sender' retrieved from /opt/airflow/dags/email_sender_dag.py
[2025-04-27T15:18:45.771+0000] {logging_mixin.py:188} INFO - [2025-04-27T15:18:45.771+0000] {dag.py:3036} INFO - Sync 1 DAGs
[2025-04-27T15:18:45.776+0000] {logging_mixin.py:188} INFO - [2025-04-27T15:18:45.776+0000] {dag.py:3823} INFO - Setting next_dagrun for email_sender to None, run_after=None
[2025-04-27T15:18:45.787+0000] {processor.py:183} INFO - Processing /opt/airflow/dags/email_sender_dag.py took 0.341 seconds
[2025-04-27T15:19:16.695+0000] {processor.py:161} INFO - Started process (PID=70) to work on /opt/airflow/dags/email_sender_dag.py
[2025-04-27T15:19:16.695+0000] {processor.py:830} INFO - Processing file /opt/airflow/dags/email_sender_dag.py for tasks to queue
[2025-04-27T15:19:16.696+0000] {logging_mixin.py:188} INFO - [2025-04-27T15:19:16.696+0000] {dagbag.py:538} INFO - Filling up the DagBag from /opt/airflow/dags/email_sender_dag.py
[2025-04-27T15:19:16.889+0000] {processor.py:840} INFO - DAG(s) 'email_sender' retrieved from /opt/airflow/dags/email_sender_dag.py
[2025-04-27T15:19:16.898+0000] {logging_mixin.py:188} INFO - [2025-04-27T15:19:16.898+0000] {dag.py:3036} INFO - Sync 1 DAGs
[2025-04-27T15:19:16.903+0000] {logging_mixin.py:188} INFO - [2025-04-27T15:19:16.903+0000] {dag.py:3823} INFO - Setting next_dagrun for email_sender to None, run_after=None
[2025-04-27T15:19:16.909+0000] {processor.py:183} INFO - Processing /opt/airflow/dags/email_sender_dag.py took 0.216 seconds
[2025-04-27T15:19:46.943+0000] {processor.py:161} INFO - Started process (PID=79) to work on /opt/airflow/dags/email_sender_dag.py
[2025-04-27T15:19:46.944+0000] {processor.py:830} INFO - Processing file /opt/airflow/dags/email_sender_dag.py for tasks to queue
[2025-04-27T15:19:46.945+0000] {logging_mixin.py:188} INFO - [2025-04-27T15:19:46.945+0000] {dagbag.py:538} INFO - Filling up the DagBag from /opt/airflow/dags/email_sender_dag.py
[2025-04-27T15:19:47.075+0000] {processor.py:840} INFO - DAG(s) 'email_sender' retrieved from /opt/airflow/dags/email_sender_dag.py
[2025-04-27T15:19:47.158+0000] {logging_mixin.py:188} INFO - [2025-04-27T15:19:47.157+0000] {dag.py:3036} INFO - Sync 1 DAGs
[2025-04-27T15:19:47.162+0000] {logging_mixin.py:188} INFO - [2025-04-27T15:19:47.162+0000] {dag.py:3823} INFO - Setting next_dagrun for email_sender to None, run_after=None
[2025-04-27T15:19:47.168+0000] {processor.py:183} INFO - Processing /opt/airflow/dags/email_sender_dag.py took 0.228 seconds
[2025-04-27T15:20:17.200+0000] {processor.py:161} INFO - Started process (PID=88) to work on /opt/airflow/dags/email_sender_dag.py
[2025-04-27T15:20:17.201+0000] {processor.py:830} INFO - Processing file /opt/airflow/dags/email_sender_dag.py for tasks to queue
[2025-04-27T15:20:17.203+0000] {logging_mixin.py:188} INFO - [2025-04-27T15:20:17.203+0000] {dagbag.py:538} INFO - Filling up the DagBag from /opt/airflow/dags/email_sender_dag.py
[2025-04-27T15:20:17.382+0000] {processor.py:840} INFO - DAG(s) 'email_sender' retrieved from /opt/airflow/dags/email_sender_dag.py
[2025-04-27T15:20:17.390+0000] {logging_mixin.py:188} INFO - [2025-04-27T15:20:17.390+0000] {dag.py:3036} INFO - Sync 1 DAGs
[2025-04-27T15:20:17.393+0000] {logging_mixin.py:188} INFO - [2025-04-27T15:20:17.393+0000] {dag.py:3823} INFO - Setting next_dagrun for email_sender to None, run_after=None
[2025-04-27T15:20:17.399+0000] {processor.py:183} INFO - Processing /opt/airflow/dags/email_sender_dag.py took 0.203 seconds
[2025-04-27T15:20:47.479+0000] {processor.py:161} INFO - Started process (PID=97) to work on /opt/airflow/dags/email_sender_dag.py
[2025-04-27T15:20:47.481+0000] {processor.py:830} INFO - Processing file /opt/airflow/dags/email_sender_dag.py for tasks to queue
[2025-04-27T15:20:47.484+0000] {logging_mixin.py:188} INFO - [2025-04-27T15:20:47.484+0000] {dagbag.py:538} INFO - Filling up the DagBag from /opt/airflow/dags/email_sender_dag.py
[2025-04-27T15:20:47.652+0000] {processor.py:840} INFO - DAG(s) 'email_sender' retrieved from /opt/airflow/dags/email_sender_dag.py
[2025-04-27T15:20:47.660+0000] {logging_mixin.py:188} INFO - [2025-04-27T15:20:47.659+0000] {dag.py:3036} INFO - Sync 1 DAGs
[2025-04-27T15:20:47.663+0000] {logging_mixin.py:188} INFO - [2025-04-27T15:20:47.663+0000] {dag.py:3823} INFO - Setting next_dagrun for email_sender to None, run_after=None
[2025-04-27T15:20:47.669+0000] {processor.py:183} INFO - Processing /opt/airflow/dags/email_sender_dag.py took 0.193 seconds
[2025-04-27T15:21:17.780+0000] {processor.py:161} INFO - Started process (PID=106) to work on /opt/airflow/dags/email_sender_dag.py
[2025-04-27T15:21:17.781+0000] {processor.py:830} INFO - Processing file /opt/airflow/dags/email_sender_dag.py for tasks to queue
[2025-04-27T15:21:17.782+0000] {logging_mixin.py:188} INFO - [2025-04-27T15:21:17.782+0000] {dagbag.py:538} INFO - Filling up the DagBag from /opt/airflow/dags/email_sender_dag.py
[2025-04-27T15:21:17.950+0000] {processor.py:840} INFO - DAG(s) 'email_sender' retrieved from /opt/airflow/dags/email_sender_dag.py
[2025-04-27T15:21:17.958+0000] {logging_mixin.py:188} INFO - [2025-04-27T15:21:17.958+0000] {dag.py:3036} INFO - Sync 1 DAGs
[2025-04-27T15:21:17.962+0000] {logging_mixin.py:188} INFO - [2025-04-27T15:21:17.962+0000] {dag.py:3823} INFO - Setting next_dagrun for email_sender to None, run_after=None
[2025-04-27T15:21:17.968+0000] {processor.py:183} INFO - Processing /opt/airflow/dags/email_sender_dag.py took 0.192 seconds
[2025-04-27T15:21:48.074+0000] {processor.py:161} INFO - Started process (PID=115) to work on /opt/airflow/dags/email_sender_dag.py
[2025-04-27T15:21:48.077+0000] {processor.py:830} INFO - Processing file /opt/airflow/dags/email_sender_dag.py for tasks to queue
[2025-04-27T15:21:48.078+0000] {logging_mixin.py:188} INFO - [2025-04-27T15:21:48.078+0000] {dagbag.py:538} INFO - Filling up the DagBag from /opt/airflow/dags/email_sender_dag.py
[2025-04-27T15:21:48.193+0000] {processor.py:840} INFO - DAG(s) 'email_sender' retrieved from /opt/airflow/dags/email_sender_dag.py
[2025-04-27T15:21:48.267+0000] {logging_mixin.py:188} INFO - [2025-04-27T15:21:48.267+0000] {dag.py:3036} INFO - Sync 1 DAGs
[2025-04-27T15:21:48.271+0000] {logging_mixin.py:188} INFO - [2025-04-27T15:21:48.271+0000] {dag.py:3823} INFO - Setting next_dagrun for email_sender to None, run_after=None
[2025-04-27T15:21:48.277+0000] {processor.py:183} INFO - Processing /opt/airflow/dags/email_sender_dag.py took 0.206 seconds
[2025-04-27T15:22:18.343+0000] {processor.py:161} INFO - Started process (PID=124) to work on /opt/airflow/dags/email_sender_dag.py
[2025-04-27T15:22:18.344+0000] {processor.py:830} INFO - Processing file /opt/airflow/dags/email_sender_dag.py for tasks to queue
[2025-04-27T15:22:18.345+0000] {logging_mixin.py:188} INFO - [2025-04-27T15:22:18.345+0000] {dagbag.py:538} INFO - Filling up the DagBag from /opt/airflow/dags/email_sender_dag.py
[2025-04-27T15:22:18.530+0000] {processor.py:840} INFO - DAG(s) 'email_sender' retrieved from /opt/airflow/dags/email_sender_dag.py
[2025-04-27T15:22:18.538+0000] {logging_mixin.py:188} INFO - [2025-04-27T15:22:18.538+0000] {dag.py:3036} INFO - Sync 1 DAGs
[2025-04-27T15:22:18.542+0000] {logging_mixin.py:188} INFO - [2025-04-27T15:22:18.542+0000] {dag.py:3823} INFO - Setting next_dagrun for email_sender to None, run_after=None
[2025-04-27T15:22:18.547+0000] {processor.py:183} INFO - Processing /opt/airflow/dags/email_sender_dag.py took 0.208 seconds
[2025-04-27T15:22:48.609+0000] {processor.py:161} INFO - Started process (PID=133) to work on /opt/airflow/dags/email_sender_dag.py
[2025-04-27T15:22:48.612+0000] {processor.py:830} INFO - Processing file /opt/airflow/dags/email_sender_dag.py for tasks to queue
[2025-04-27T15:22:48.614+0000] {logging_mixin.py:188} INFO - [2025-04-27T15:22:48.613+0000] {dagbag.py:538} INFO - Filling up the DagBag from /opt/airflow/dags/email_sender_dag.py
[2025-04-27T15:22:48.788+0000] {processor.py:840} INFO - DAG(s) 'email_sender' retrieved from /opt/airflow/dags/email_sender_dag.py
[2025-04-27T15:22:48.796+0000] {logging_mixin.py:188} INFO - [2025-04-27T15:22:48.796+0000] {dag.py:3036} INFO - Sync 1 DAGs
[2025-04-27T15:22:48.799+0000] {logging_mixin.py:188} INFO - [2025-04-27T15:22:48.799+0000] {dag.py:3823} INFO - Setting next_dagrun for email_sender to None, run_after=None
[2025-04-27T15:22:48.805+0000] {processor.py:183} INFO - Processing /opt/airflow/dags/email_sender_dag.py took 0.200 seconds
[2025-04-27T15:23:18.874+0000] {processor.py:161} INFO - Started process (PID=142) to work on /opt/airflow/dags/email_sender_dag.py
[2025-04-27T15:23:18.877+0000] {processor.py:830} INFO - Processing file /opt/airflow/dags/email_sender_dag.py for tasks to queue
[2025-04-27T15:23:18.879+0000] {logging_mixin.py:188} INFO - [2025-04-27T15:23:18.878+0000] {dagbag.py:538} INFO - Filling up the DagBag from /opt/airflow/dags/email_sender_dag.py
[2025-04-27T15:23:19.051+0000] {processor.py:840} INFO - DAG(s) 'email_sender' retrieved from /opt/airflow/dags/email_sender_dag.py
[2025-04-27T15:23:19.059+0000] {logging_mixin.py:188} INFO - [2025-04-27T15:23:19.059+0000] {dag.py:3036} INFO - Sync 1 DAGs
[2025-04-27T15:23:19.063+0000] {logging_mixin.py:188} INFO - [2025-04-27T15:23:19.063+0000] {dag.py:3823} INFO - Setting next_dagrun for email_sender to None, run_after=None
[2025-04-27T15:23:19.069+0000] {processor.py:183} INFO - Processing /opt/airflow/dags/email_sender_dag.py took 0.198 seconds
[2025-04-27T15:23:22.930+0000] {processor.py:161} INFO - Started process (PID=150) to work on /opt/airflow/dags/email_sender_dag.py
[2025-04-27T15:23:22.931+0000] {processor.py:830} INFO - Processing file /opt/airflow/dags/email_sender_dag.py for tasks to queue
[2025-04-27T15:23:22.932+0000] {logging_mixin.py:188} INFO - [2025-04-27T15:23:22.932+0000] {dagbag.py:538} INFO - Filling up the DagBag from /opt/airflow/dags/email_sender_dag.py
[2025-04-27T15:23:23.104+0000] {processor.py:840} INFO - DAG(s) 'email_sender' retrieved from /opt/airflow/dags/email_sender_dag.py
[2025-04-27T15:23:23.113+0000] {logging_mixin.py:188} INFO - [2025-04-27T15:23:23.112+0000] {dag.py:3036} INFO - Sync 1 DAGs
[2025-04-27T15:23:23.117+0000] {logging_mixin.py:188} INFO - [2025-04-27T15:23:23.117+0000] {dag.py:3823} INFO - Setting next_dagrun for email_sender to None, run_after=None
[2025-04-27T15:23:23.123+0000] {processor.py:183} INFO - Processing /opt/airflow/dags/email_sender_dag.py took 0.197 seconds
[2025-04-27T15:23:53.428+0000] {processor.py:161} INFO - Started process (PID=159) to work on /opt/airflow/dags/email_sender_dag.py
[2025-04-27T15:23:53.429+0000] {processor.py:830} INFO - Processing file /opt/airflow/dags/email_sender_dag.py for tasks to queue
[2025-04-27T15:23:53.430+0000] {logging_mixin.py:188} INFO - [2025-04-27T15:23:53.430+0000] {dagbag.py:538} INFO - Filling up the DagBag from /opt/airflow/dags/email_sender_dag.py
[2025-04-27T15:23:53.565+0000] {processor.py:840} INFO - DAG(s) 'email_sender' retrieved from /opt/airflow/dags/email_sender_dag.py
[2025-04-27T15:23:53.642+0000] {logging_mixin.py:188} INFO - [2025-04-27T15:23:53.642+0000] {dag.py:3036} INFO - Sync 1 DAGs
[2025-04-27T15:23:53.647+0000] {logging_mixin.py:188} INFO - [2025-04-27T15:23:53.646+0000] {dag.py:3823} INFO - Setting next_dagrun for email_sender to None, run_after=None
[2025-04-27T15:23:53.652+0000] {processor.py:183} INFO - Processing /opt/airflow/dags/email_sender_dag.py took 0.226 seconds
[2025-04-27T15:24:23.695+0000] {processor.py:161} INFO - Started process (PID=168) to work on /opt/airflow/dags/email_sender_dag.py
[2025-04-27T15:24:23.697+0000] {processor.py:830} INFO - Processing file /opt/airflow/dags/email_sender_dag.py for tasks to queue
[2025-04-27T15:24:23.699+0000] {logging_mixin.py:188} INFO - [2025-04-27T15:24:23.699+0000] {dagbag.py:538} INFO - Filling up the DagBag from /opt/airflow/dags/email_sender_dag.py
[2025-04-27T15:24:23.920+0000] {processor.py:840} INFO - DAG(s) 'email_sender' retrieved from /opt/airflow/dags/email_sender_dag.py
[2025-04-27T15:24:23.929+0000] {logging_mixin.py:188} INFO - [2025-04-27T15:24:23.929+0000] {dag.py:3036} INFO - Sync 1 DAGs
[2025-04-27T15:24:23.933+0000] {logging_mixin.py:188} INFO - [2025-04-27T15:24:23.933+0000] {dag.py:3823} INFO - Setting next_dagrun for email_sender to None, run_after=None
[2025-04-27T15:24:23.939+0000] {processor.py:183} INFO - Processing /opt/airflow/dags/email_sender_dag.py took 0.248 seconds
[2025-04-27T15:24:53.969+0000] {processor.py:161} INFO - Started process (PID=177) to work on /opt/airflow/dags/email_sender_dag.py
[2025-04-27T15:24:53.971+0000] {processor.py:830} INFO - Processing file /opt/airflow/dags/email_sender_dag.py for tasks to queue
[2025-04-27T15:24:53.972+0000] {logging_mixin.py:188} INFO - [2025-04-27T15:24:53.972+0000] {dagbag.py:538} INFO - Filling up the DagBag from /opt/airflow/dags/email_sender_dag.py
[2025-04-27T15:24:54.174+0000] {processor.py:840} INFO - DAG(s) 'email_sender' retrieved from /opt/airflow/dags/email_sender_dag.py
[2025-04-27T15:24:54.183+0000] {logging_mixin.py:188} INFO - [2025-04-27T15:24:54.183+0000] {dag.py:3036} INFO - Sync 1 DAGs
[2025-04-27T15:24:54.187+0000] {logging_mixin.py:188} INFO - [2025-04-27T15:24:54.187+0000] {dag.py:3823} INFO - Setting next_dagrun for email_sender to None, run_after=None
[2025-04-27T15:24:54.193+0000] {processor.py:183} INFO - Processing /opt/airflow/dags/email_sender_dag.py took 0.229 seconds
[2025-04-27T15:25:24.259+0000] {processor.py:161} INFO - Started process (PID=186) to work on /opt/airflow/dags/email_sender_dag.py
[2025-04-27T15:25:24.260+0000] {processor.py:830} INFO - Processing file /opt/airflow/dags/email_sender_dag.py for tasks to queue
[2025-04-27T15:25:24.261+0000] {logging_mixin.py:188} INFO - [2025-04-27T15:25:24.261+0000] {dagbag.py:538} INFO - Filling up the DagBag from /opt/airflow/dags/email_sender_dag.py
[2025-04-27T15:25:24.436+0000] {processor.py:840} INFO - DAG(s) 'email_sender' retrieved from /opt/airflow/dags/email_sender_dag.py
[2025-04-27T15:25:24.444+0000] {logging_mixin.py:188} INFO - [2025-04-27T15:25:24.443+0000] {dag.py:3036} INFO - Sync 1 DAGs
[2025-04-27T15:25:24.448+0000] {logging_mixin.py:188} INFO - [2025-04-27T15:25:24.448+0000] {dag.py:3823} INFO - Setting next_dagrun for email_sender to None, run_after=None
[2025-04-27T15:25:24.454+0000] {processor.py:183} INFO - Processing /opt/airflow/dags/email_sender_dag.py took 0.198 seconds
[2025-04-27T15:25:54.564+0000] {processor.py:161} INFO - Started process (PID=194) to work on /opt/airflow/dags/email_sender_dag.py
[2025-04-27T15:25:54.565+0000] {processor.py:830} INFO - Processing file /opt/airflow/dags/email_sender_dag.py for tasks to queue
[2025-04-27T15:25:54.566+0000] {logging_mixin.py:188} INFO - [2025-04-27T15:25:54.566+0000] {dagbag.py:538} INFO - Filling up the DagBag from /opt/airflow/dags/email_sender_dag.py
[2025-04-27T15:25:54.755+0000] {processor.py:840} INFO - DAG(s) 'email_sender' retrieved from /opt/airflow/dags/email_sender_dag.py
[2025-04-27T15:25:54.764+0000] {logging_mixin.py:188} INFO - [2025-04-27T15:25:54.764+0000] {dag.py:3036} INFO - Sync 1 DAGs
[2025-04-27T15:25:54.768+0000] {logging_mixin.py:188} INFO - [2025-04-27T15:25:54.768+0000] {dag.py:3823} INFO - Setting next_dagrun for email_sender to None, run_after=None
[2025-04-27T15:25:54.774+0000] {processor.py:183} INFO - Processing /opt/airflow/dags/email_sender_dag.py took 0.213 seconds
[2025-04-27T15:26:24.845+0000] {processor.py:161} INFO - Started process (PID=203) to work on /opt/airflow/dags/email_sender_dag.py
[2025-04-27T15:26:24.846+0000] {processor.py:830} INFO - Processing file /opt/airflow/dags/email_sender_dag.py for tasks to queue
[2025-04-27T15:26:24.848+0000] {logging_mixin.py:188} INFO - [2025-04-27T15:26:24.848+0000] {dagbag.py:538} INFO - Filling up the DagBag from /opt/airflow/dags/email_sender_dag.py
[2025-04-27T15:26:25.136+0000] {processor.py:840} INFO - DAG(s) 'email_sender' retrieved from /opt/airflow/dags/email_sender_dag.py
[2025-04-27T15:26:25.147+0000] {logging_mixin.py:188} INFO - [2025-04-27T15:26:25.147+0000] {dag.py:3036} INFO - Sync 1 DAGs
[2025-04-27T15:26:25.152+0000] {logging_mixin.py:188} INFO - [2025-04-27T15:26:25.152+0000] {dag.py:3823} INFO - Setting next_dagrun for email_sender to None, run_after=None
[2025-04-27T15:26:25.160+0000] {processor.py:183} INFO - Processing /opt/airflow/dags/email_sender_dag.py took 0.321 seconds
[2025-04-27T15:26:56.103+0000] {processor.py:161} INFO - Started process (PID=212) to work on /opt/airflow/dags/email_sender_dag.py
[2025-04-27T15:26:56.104+0000] {processor.py:830} INFO - Processing file /opt/airflow/dags/email_sender_dag.py for tasks to queue
[2025-04-27T15:26:56.106+0000] {logging_mixin.py:188} INFO - [2025-04-27T15:26:56.106+0000] {dagbag.py:538} INFO - Filling up the DagBag from /opt/airflow/dags/email_sender_dag.py
[2025-04-27T15:26:56.324+0000] {processor.py:840} INFO - DAG(s) 'email_sender' retrieved from /opt/airflow/dags/email_sender_dag.py
[2025-04-27T15:26:56.334+0000] {logging_mixin.py:188} INFO - [2025-04-27T15:26:56.333+0000] {dag.py:3036} INFO - Sync 1 DAGs
[2025-04-27T15:26:56.338+0000] {logging_mixin.py:188} INFO - [2025-04-27T15:26:56.338+0000] {dag.py:3823} INFO - Setting next_dagrun for email_sender to None, run_after=None
[2025-04-27T15:26:56.344+0000] {processor.py:183} INFO - Processing /opt/airflow/dags/email_sender_dag.py took 0.246 seconds
[2025-04-27T15:27:26.401+0000] {processor.py:161} INFO - Started process (PID=221) to work on /opt/airflow/dags/email_sender_dag.py
[2025-04-27T15:27:26.402+0000] {processor.py:830} INFO - Processing file /opt/airflow/dags/email_sender_dag.py for tasks to queue
[2025-04-27T15:27:26.403+0000] {logging_mixin.py:188} INFO - [2025-04-27T15:27:26.403+0000] {dagbag.py:538} INFO - Filling up the DagBag from /opt/airflow/dags/email_sender_dag.py
[2025-04-27T15:27:26.574+0000] {processor.py:840} INFO - DAG(s) 'email_sender' retrieved from /opt/airflow/dags/email_sender_dag.py
[2025-04-27T15:27:26.582+0000] {logging_mixin.py:188} INFO - [2025-04-27T15:27:26.582+0000] {dag.py:3036} INFO - Sync 1 DAGs
[2025-04-27T15:27:26.586+0000] {logging_mixin.py:188} INFO - [2025-04-27T15:27:26.586+0000] {dag.py:3823} INFO - Setting next_dagrun for email_sender to None, run_after=None
[2025-04-27T15:27:26.592+0000] {processor.py:183} INFO - Processing /opt/airflow/dags/email_sender_dag.py took 0.194 seconds
[2025-04-27T15:27:56.690+0000] {processor.py:161} INFO - Started process (PID=230) to work on /opt/airflow/dags/email_sender_dag.py
[2025-04-27T15:27:56.691+0000] {processor.py:830} INFO - Processing file /opt/airflow/dags/email_sender_dag.py for tasks to queue
[2025-04-27T15:27:56.693+0000] {logging_mixin.py:188} INFO - [2025-04-27T15:27:56.692+0000] {dagbag.py:538} INFO - Filling up the DagBag from /opt/airflow/dags/email_sender_dag.py
[2025-04-27T15:27:56.879+0000] {processor.py:840} INFO - DAG(s) 'email_sender' retrieved from /opt/airflow/dags/email_sender_dag.py
[2025-04-27T15:27:56.888+0000] {logging_mixin.py:188} INFO - [2025-04-27T15:27:56.888+0000] {dag.py:3036} INFO - Sync 1 DAGs
[2025-04-27T15:27:56.892+0000] {logging_mixin.py:188} INFO - [2025-04-27T15:27:56.892+0000] {dag.py:3823} INFO - Setting next_dagrun for email_sender to None, run_after=None
[2025-04-27T15:27:56.898+0000] {processor.py:183} INFO - Processing /opt/airflow/dags/email_sender_dag.py took 0.212 seconds
[2025-04-27T15:28:26.953+0000] {processor.py:161} INFO - Started process (PID=239) to work on /opt/airflow/dags/email_sender_dag.py
[2025-04-27T15:28:26.953+0000] {processor.py:830} INFO - Processing file /opt/airflow/dags/email_sender_dag.py for tasks to queue
[2025-04-27T15:28:26.954+0000] {logging_mixin.py:188} INFO - [2025-04-27T15:28:26.954+0000] {dagbag.py:538} INFO - Filling up the DagBag from /opt/airflow/dags/email_sender_dag.py
[2025-04-27T15:28:27.136+0000] {processor.py:840} INFO - DAG(s) 'email_sender' retrieved from /opt/airflow/dags/email_sender_dag.py
[2025-04-27T15:28:27.150+0000] {logging_mixin.py:188} INFO - [2025-04-27T15:28:27.148+0000] {dag.py:3036} INFO - Sync 1 DAGs
[2025-04-27T15:28:27.162+0000] {logging_mixin.py:188} INFO - [2025-04-27T15:28:27.162+0000] {dag.py:3823} INFO - Setting next_dagrun for email_sender to None, run_after=None
[2025-04-27T15:28:27.172+0000] {processor.py:183} INFO - Processing /opt/airflow/dags/email_sender_dag.py took 0.222 seconds
[2025-04-27T15:28:43.133+0000] {processor.py:161} INFO - Started process (PID=241) to work on /opt/airflow/dags/email_sender_dag.py
[2025-04-27T15:28:43.134+0000] {processor.py:830} INFO - Processing file /opt/airflow/dags/email_sender_dag.py for tasks to queue
[2025-04-27T15:28:43.135+0000] {logging_mixin.py:188} INFO - [2025-04-27T15:28:43.135+0000] {dagbag.py:538} INFO - Filling up the DagBag from /opt/airflow/dags/email_sender_dag.py
[2025-04-27T15:28:43.332+0000] {processor.py:840} INFO - DAG(s) 'email_sender' retrieved from /opt/airflow/dags/email_sender_dag.py
[2025-04-27T15:28:43.352+0000] {logging_mixin.py:188} INFO - [2025-04-27T15:28:43.352+0000] {dag.py:3036} INFO - Sync 1 DAGs
[2025-04-27T15:28:43.357+0000] {logging_mixin.py:188} INFO - [2025-04-27T15:28:43.357+0000] {dag.py:3823} INFO - Setting next_dagrun for email_sender to None, run_after=None
[2025-04-27T15:28:43.365+0000] {processor.py:183} INFO - Processing /opt/airflow/dags/email_sender_dag.py took 0.236 seconds
[2025-04-27T15:29:13.617+0000] {processor.py:161} INFO - Started process (PID=250) to work on /opt/airflow/dags/email_sender_dag.py
[2025-04-27T15:29:13.618+0000] {processor.py:830} INFO - Processing file /opt/airflow/dags/email_sender_dag.py for tasks to queue
[2025-04-27T15:29:13.620+0000] {logging_mixin.py:188} INFO - [2025-04-27T15:29:13.620+0000] {dagbag.py:538} INFO - Filling up the DagBag from /opt/airflow/dags/email_sender_dag.py
[2025-04-27T15:29:13.791+0000] {processor.py:840} INFO - DAG(s) 'email_sender' retrieved from /opt/airflow/dags/email_sender_dag.py
[2025-04-27T15:29:13.799+0000] {logging_mixin.py:188} INFO - [2025-04-27T15:29:13.799+0000] {dag.py:3036} INFO - Sync 1 DAGs
[2025-04-27T15:29:13.803+0000] {logging_mixin.py:188} INFO - [2025-04-27T15:29:13.803+0000] {dag.py:3823} INFO - Setting next_dagrun for email_sender to None, run_after=None
[2025-04-27T15:29:13.809+0000] {processor.py:183} INFO - Processing /opt/airflow/dags/email_sender_dag.py took 0.195 seconds
[2025-04-27T15:29:43.893+0000] {processor.py:161} INFO - Started process (PID=259) to work on /opt/airflow/dags/email_sender_dag.py
[2025-04-27T15:29:43.894+0000] {processor.py:830} INFO - Processing file /opt/airflow/dags/email_sender_dag.py for tasks to queue
[2025-04-27T15:29:43.895+0000] {logging_mixin.py:188} INFO - [2025-04-27T15:29:43.895+0000] {dagbag.py:538} INFO - Filling up the DagBag from /opt/airflow/dags/email_sender_dag.py
[2025-04-27T15:29:44.064+0000] {processor.py:840} INFO - DAG(s) 'email_sender' retrieved from /opt/airflow/dags/email_sender_dag.py
[2025-04-27T15:29:44.072+0000] {logging_mixin.py:188} INFO - [2025-04-27T15:29:44.072+0000] {dag.py:3036} INFO - Sync 1 DAGs
[2025-04-27T15:29:44.076+0000] {logging_mixin.py:188} INFO - [2025-04-27T15:29:44.076+0000] {dag.py:3823} INFO - Setting next_dagrun for email_sender to None, run_after=None
[2025-04-27T15:29:44.082+0000] {processor.py:183} INFO - Processing /opt/airflow/dags/email_sender_dag.py took 0.192 seconds
[2025-04-27T15:31:30.730+0000] {processor.py:161} INFO - Started process (PID=61) to work on /opt/airflow/dags/email_sender_dag.py
[2025-04-27T15:31:30.732+0000] {processor.py:830} INFO - Processing file /opt/airflow/dags/email_sender_dag.py for tasks to queue
[2025-04-27T15:31:30.734+0000] {logging_mixin.py:188} INFO - [2025-04-27T15:31:30.734+0000] {dagbag.py:538} INFO - Filling up the DagBag from /opt/airflow/dags/email_sender_dag.py
[2025-04-27T15:31:30.896+0000] {processor.py:840} INFO - DAG(s) 'email_sender' retrieved from /opt/airflow/dags/email_sender_dag.py
[2025-04-27T15:31:31.063+0000] {logging_mixin.py:188} INFO - [2025-04-27T15:31:31.063+0000] {dag.py:3036} INFO - Sync 1 DAGs
[2025-04-27T15:31:31.070+0000] {logging_mixin.py:188} INFO - [2025-04-27T15:31:31.069+0000] {dag.py:3823} INFO - Setting next_dagrun for email_sender to None, run_after=None
[2025-04-27T15:31:31.085+0000] {processor.py:183} INFO - Processing /opt/airflow/dags/email_sender_dag.py took 0.357 seconds
[2025-04-27T15:32:01.119+0000] {processor.py:161} INFO - Started process (PID=71) to work on /opt/airflow/dags/email_sender_dag.py
[2025-04-27T15:32:01.119+0000] {processor.py:830} INFO - Processing file /opt/airflow/dags/email_sender_dag.py for tasks to queue
[2025-04-27T15:32:01.120+0000] {logging_mixin.py:188} INFO - [2025-04-27T15:32:01.120+0000] {dagbag.py:538} INFO - Filling up the DagBag from /opt/airflow/dags/email_sender_dag.py
[2025-04-27T15:32:01.301+0000] {processor.py:840} INFO - DAG(s) 'email_sender' retrieved from /opt/airflow/dags/email_sender_dag.py
[2025-04-27T15:32:01.310+0000] {logging_mixin.py:188} INFO - [2025-04-27T15:32:01.310+0000] {dag.py:3036} INFO - Sync 1 DAGs
[2025-04-27T15:32:01.314+0000] {logging_mixin.py:188} INFO - [2025-04-27T15:32:01.314+0000] {dag.py:3823} INFO - Setting next_dagrun for email_sender to None, run_after=None
[2025-04-27T15:32:01.320+0000] {processor.py:183} INFO - Processing /opt/airflow/dags/email_sender_dag.py took 0.203 seconds
[2025-04-27T15:32:31.437+0000] {processor.py:161} INFO - Started process (PID=79) to work on /opt/airflow/dags/email_sender_dag.py
[2025-04-27T15:32:31.438+0000] {processor.py:830} INFO - Processing file /opt/airflow/dags/email_sender_dag.py for tasks to queue
[2025-04-27T15:32:31.440+0000] {logging_mixin.py:188} INFO - [2025-04-27T15:32:31.440+0000] {dagbag.py:538} INFO - Filling up the DagBag from /opt/airflow/dags/email_sender_dag.py
[2025-04-27T15:32:31.554+0000] {processor.py:840} INFO - DAG(s) 'email_sender' retrieved from /opt/airflow/dags/email_sender_dag.py
[2025-04-27T15:32:31.623+0000] {logging_mixin.py:188} INFO - [2025-04-27T15:32:31.623+0000] {dag.py:3036} INFO - Sync 1 DAGs
[2025-04-27T15:32:31.627+0000] {logging_mixin.py:188} INFO - [2025-04-27T15:32:31.627+0000] {dag.py:3823} INFO - Setting next_dagrun for email_sender to None, run_after=None
[2025-04-27T15:32:31.633+0000] {processor.py:183} INFO - Processing /opt/airflow/dags/email_sender_dag.py took 0.200 seconds
[2025-04-27T15:33:01.799+0000] {processor.py:161} INFO - Started process (PID=88) to work on /opt/airflow/dags/email_sender_dag.py
[2025-04-27T15:33:01.802+0000] {processor.py:830} INFO - Processing file /opt/airflow/dags/email_sender_dag.py for tasks to queue
[2025-04-27T15:33:01.804+0000] {logging_mixin.py:188} INFO - [2025-04-27T15:33:01.804+0000] {dagbag.py:538} INFO - Filling up the DagBag from /opt/airflow/dags/email_sender_dag.py
[2025-04-27T15:33:01.979+0000] {processor.py:840} INFO - DAG(s) 'email_sender' retrieved from /opt/airflow/dags/email_sender_dag.py
[2025-04-27T15:33:01.987+0000] {logging_mixin.py:188} INFO - [2025-04-27T15:33:01.987+0000] {dag.py:3036} INFO - Sync 1 DAGs
[2025-04-27T15:33:01.991+0000] {logging_mixin.py:188} INFO - [2025-04-27T15:33:01.991+0000] {dag.py:3823} INFO - Setting next_dagrun for email_sender to None, run_after=None
[2025-04-27T15:33:01.997+0000] {processor.py:183} INFO - Processing /opt/airflow/dags/email_sender_dag.py took 0.201 seconds
[2025-04-27T15:33:32.168+0000] {processor.py:161} INFO - Started process (PID=97) to work on /opt/airflow/dags/email_sender_dag.py
[2025-04-27T15:33:32.170+0000] {processor.py:830} INFO - Processing file /opt/airflow/dags/email_sender_dag.py for tasks to queue
[2025-04-27T15:33:32.172+0000] {logging_mixin.py:188} INFO - [2025-04-27T15:33:32.172+0000] {dagbag.py:538} INFO - Filling up the DagBag from /opt/airflow/dags/email_sender_dag.py
[2025-04-27T15:33:32.345+0000] {processor.py:840} INFO - DAG(s) 'email_sender' retrieved from /opt/airflow/dags/email_sender_dag.py
[2025-04-27T15:33:32.353+0000] {logging_mixin.py:188} INFO - [2025-04-27T15:33:32.353+0000] {dag.py:3036} INFO - Sync 1 DAGs
[2025-04-27T15:33:32.356+0000] {logging_mixin.py:188} INFO - [2025-04-27T15:33:32.356+0000] {dag.py:3823} INFO - Setting next_dagrun for email_sender to None, run_after=None
[2025-04-27T15:33:32.362+0000] {processor.py:183} INFO - Processing /opt/airflow/dags/email_sender_dag.py took 0.198 seconds
[2025-04-27T15:34:02.453+0000] {processor.py:161} INFO - Started process (PID=106) to work on /opt/airflow/dags/email_sender_dag.py
[2025-04-27T15:34:02.454+0000] {processor.py:830} INFO - Processing file /opt/airflow/dags/email_sender_dag.py for tasks to queue
[2025-04-27T15:34:02.455+0000] {logging_mixin.py:188} INFO - [2025-04-27T15:34:02.455+0000] {dagbag.py:538} INFO - Filling up the DagBag from /opt/airflow/dags/email_sender_dag.py
[2025-04-27T15:34:02.667+0000] {processor.py:840} INFO - DAG(s) 'email_sender' retrieved from /opt/airflow/dags/email_sender_dag.py
[2025-04-27T15:34:02.676+0000] {logging_mixin.py:188} INFO - [2025-04-27T15:34:02.676+0000] {dag.py:3036} INFO - Sync 1 DAGs
[2025-04-27T15:34:02.680+0000] {logging_mixin.py:188} INFO - [2025-04-27T15:34:02.680+0000] {dag.py:3823} INFO - Setting next_dagrun for email_sender to None, run_after=None
[2025-04-27T15:34:02.687+0000] {processor.py:183} INFO - Processing /opt/airflow/dags/email_sender_dag.py took 0.237 seconds
[2025-04-27T15:34:32.762+0000] {processor.py:161} INFO - Started process (PID=115) to work on /opt/airflow/dags/email_sender_dag.py
[2025-04-27T15:34:32.764+0000] {processor.py:830} INFO - Processing file /opt/airflow/dags/email_sender_dag.py for tasks to queue
[2025-04-27T15:34:32.766+0000] {logging_mixin.py:188} INFO - [2025-04-27T15:34:32.766+0000] {dagbag.py:538} INFO - Filling up the DagBag from /opt/airflow/dags/email_sender_dag.py
[2025-04-27T15:34:32.996+0000] {processor.py:840} INFO - DAG(s) 'email_sender' retrieved from /opt/airflow/dags/email_sender_dag.py
[2025-04-27T15:34:33.005+0000] {logging_mixin.py:188} INFO - [2025-04-27T15:34:33.004+0000] {dag.py:3036} INFO - Sync 1 DAGs
[2025-04-27T15:34:33.009+0000] {logging_mixin.py:188} INFO - [2025-04-27T15:34:33.009+0000] {dag.py:3823} INFO - Setting next_dagrun for email_sender to None, run_after=None
[2025-04-27T15:34:33.015+0000] {processor.py:183} INFO - Processing /opt/airflow/dags/email_sender_dag.py took 0.258 seconds
[2025-04-27T15:35:03.157+0000] {processor.py:161} INFO - Started process (PID=124) to work on /opt/airflow/dags/email_sender_dag.py
[2025-04-27T15:35:03.160+0000] {processor.py:830} INFO - Processing file /opt/airflow/dags/email_sender_dag.py for tasks to queue
[2025-04-27T15:35:03.163+0000] {logging_mixin.py:188} INFO - [2025-04-27T15:35:03.163+0000] {dagbag.py:538} INFO - Filling up the DagBag from /opt/airflow/dags/email_sender_dag.py
[2025-04-27T15:35:03.384+0000] {processor.py:840} INFO - DAG(s) 'email_sender' retrieved from /opt/airflow/dags/email_sender_dag.py
[2025-04-27T15:35:03.393+0000] {logging_mixin.py:188} INFO - [2025-04-27T15:35:03.393+0000] {dag.py:3036} INFO - Sync 1 DAGs
[2025-04-27T15:35:03.397+0000] {logging_mixin.py:188} INFO - [2025-04-27T15:35:03.397+0000] {dag.py:3823} INFO - Setting next_dagrun for email_sender to None, run_after=None
[2025-04-27T15:35:03.404+0000] {processor.py:183} INFO - Processing /opt/airflow/dags/email_sender_dag.py took 0.254 seconds
[2025-04-27T15:35:33.511+0000] {processor.py:161} INFO - Started process (PID=133) to work on /opt/airflow/dags/email_sender_dag.py
[2025-04-27T15:35:33.512+0000] {processor.py:830} INFO - Processing file /opt/airflow/dags/email_sender_dag.py for tasks to queue
[2025-04-27T15:35:33.516+0000] {logging_mixin.py:188} INFO - [2025-04-27T15:35:33.516+0000] {dagbag.py:538} INFO - Filling up the DagBag from /opt/airflow/dags/email_sender_dag.py
[2025-04-27T15:35:33.732+0000] {processor.py:840} INFO - DAG(s) 'email_sender' retrieved from /opt/airflow/dags/email_sender_dag.py
[2025-04-27T15:35:33.741+0000] {logging_mixin.py:188} INFO - [2025-04-27T15:35:33.741+0000] {dag.py:3036} INFO - Sync 1 DAGs
[2025-04-27T15:35:33.745+0000] {logging_mixin.py:188} INFO - [2025-04-27T15:35:33.744+0000] {dag.py:3823} INFO - Setting next_dagrun for email_sender to None, run_after=None
[2025-04-27T15:35:33.750+0000] {processor.py:183} INFO - Processing /opt/airflow/dags/email_sender_dag.py took 0.246 seconds
[2025-04-27T15:36:03.812+0000] {processor.py:161} INFO - Started process (PID=143) to work on /opt/airflow/dags/email_sender_dag.py
[2025-04-27T15:36:03.815+0000] {processor.py:830} INFO - Processing file /opt/airflow/dags/email_sender_dag.py for tasks to queue
[2025-04-27T15:36:03.817+0000] {logging_mixin.py:188} INFO - [2025-04-27T15:36:03.817+0000] {dagbag.py:538} INFO - Filling up the DagBag from /opt/airflow/dags/email_sender_dag.py
[2025-04-27T15:36:03.997+0000] {processor.py:840} INFO - DAG(s) 'email_sender' retrieved from /opt/airflow/dags/email_sender_dag.py
[2025-04-27T15:36:04.005+0000] {logging_mixin.py:188} INFO - [2025-04-27T15:36:04.005+0000] {dag.py:3036} INFO - Sync 1 DAGs
[2025-04-27T15:36:04.008+0000] {logging_mixin.py:188} INFO - [2025-04-27T15:36:04.008+0000] {dag.py:3823} INFO - Setting next_dagrun for email_sender to None, run_after=None
[2025-04-27T15:36:04.015+0000] {processor.py:183} INFO - Processing /opt/airflow/dags/email_sender_dag.py took 0.207 seconds
[2025-04-27T15:36:34.280+0000] {processor.py:161} INFO - Started process (PID=159) to work on /opt/airflow/dags/email_sender_dag.py
[2025-04-27T15:36:34.282+0000] {processor.py:830} INFO - Processing file /opt/airflow/dags/email_sender_dag.py for tasks to queue
[2025-04-27T15:36:34.284+0000] {logging_mixin.py:188} INFO - [2025-04-27T15:36:34.284+0000] {dagbag.py:538} INFO - Filling up the DagBag from /opt/airflow/dags/email_sender_dag.py
[2025-04-27T15:36:34.502+0000] {processor.py:840} INFO - DAG(s) 'email_sender' retrieved from /opt/airflow/dags/email_sender_dag.py
[2025-04-27T15:36:34.510+0000] {logging_mixin.py:188} INFO - [2025-04-27T15:36:34.510+0000] {dag.py:3036} INFO - Sync 1 DAGs
[2025-04-27T15:36:34.514+0000] {logging_mixin.py:188} INFO - [2025-04-27T15:36:34.514+0000] {dag.py:3823} INFO - Setting next_dagrun for email_sender to None, run_after=None
[2025-04-27T15:36:34.520+0000] {processor.py:183} INFO - Processing /opt/airflow/dags/email_sender_dag.py took 0.244 seconds
[2025-04-27T15:37:04.753+0000] {processor.py:161} INFO - Started process (PID=175) to work on /opt/airflow/dags/email_sender_dag.py
[2025-04-27T15:37:04.755+0000] {processor.py:830} INFO - Processing file /opt/airflow/dags/email_sender_dag.py for tasks to queue
[2025-04-27T15:37:04.757+0000] {logging_mixin.py:188} INFO - [2025-04-27T15:37:04.756+0000] {dagbag.py:538} INFO - Filling up the DagBag from /opt/airflow/dags/email_sender_dag.py
[2025-04-27T15:37:04.971+0000] {processor.py:840} INFO - DAG(s) 'email_sender' retrieved from /opt/airflow/dags/email_sender_dag.py
[2025-04-27T15:37:04.980+0000] {logging_mixin.py:188} INFO - [2025-04-27T15:37:04.980+0000] {dag.py:3036} INFO - Sync 1 DAGs
[2025-04-27T15:37:04.984+0000] {logging_mixin.py:188} INFO - [2025-04-27T15:37:04.984+0000] {dag.py:3823} INFO - Setting next_dagrun for email_sender to None, run_after=None
[2025-04-27T15:37:04.990+0000] {processor.py:183} INFO - Processing /opt/airflow/dags/email_sender_dag.py took 0.242 seconds
[2025-04-27T15:37:35.203+0000] {processor.py:161} INFO - Started process (PID=191) to work on /opt/airflow/dags/email_sender_dag.py
[2025-04-27T15:37:35.205+0000] {processor.py:830} INFO - Processing file /opt/airflow/dags/email_sender_dag.py for tasks to queue
[2025-04-27T15:37:35.207+0000] {logging_mixin.py:188} INFO - [2025-04-27T15:37:35.206+0000] {dagbag.py:538} INFO - Filling up the DagBag from /opt/airflow/dags/email_sender_dag.py
[2025-04-27T15:37:35.389+0000] {processor.py:840} INFO - DAG(s) 'email_sender' retrieved from /opt/airflow/dags/email_sender_dag.py
[2025-04-27T15:37:35.397+0000] {logging_mixin.py:188} INFO - [2025-04-27T15:37:35.396+0000] {dag.py:3036} INFO - Sync 1 DAGs
[2025-04-27T15:37:35.400+0000] {logging_mixin.py:188} INFO - [2025-04-27T15:37:35.400+0000] {dag.py:3823} INFO - Setting next_dagrun for email_sender to None, run_after=None
[2025-04-27T15:37:35.406+0000] {processor.py:183} INFO - Processing /opt/airflow/dags/email_sender_dag.py took 0.207 seconds
[2025-04-27T15:38:05.656+0000] {processor.py:161} INFO - Started process (PID=213) to work on /opt/airflow/dags/email_sender_dag.py
[2025-04-27T15:38:05.657+0000] {processor.py:830} INFO - Processing file /opt/airflow/dags/email_sender_dag.py for tasks to queue
[2025-04-27T15:38:05.658+0000] {logging_mixin.py:188} INFO - [2025-04-27T15:38:05.657+0000] {dagbag.py:538} INFO - Filling up the DagBag from /opt/airflow/dags/email_sender_dag.py
[2025-04-27T15:38:05.858+0000] {processor.py:840} INFO - DAG(s) 'email_sender' retrieved from /opt/airflow/dags/email_sender_dag.py
[2025-04-27T15:38:05.868+0000] {logging_mixin.py:188} INFO - [2025-04-27T15:38:05.867+0000] {dag.py:3036} INFO - Sync 1 DAGs
[2025-04-27T15:38:05.871+0000] {logging_mixin.py:188} INFO - [2025-04-27T15:38:05.871+0000] {dag.py:3823} INFO - Setting next_dagrun for email_sender to None, run_after=None
[2025-04-27T15:38:05.878+0000] {processor.py:183} INFO - Processing /opt/airflow/dags/email_sender_dag.py took 0.225 seconds
[2025-04-27T15:38:36.073+0000] {processor.py:161} INFO - Started process (PID=230) to work on /opt/airflow/dags/email_sender_dag.py
[2025-04-27T15:38:36.074+0000] {processor.py:830} INFO - Processing file /opt/airflow/dags/email_sender_dag.py for tasks to queue
[2025-04-27T15:38:36.076+0000] {logging_mixin.py:188} INFO - [2025-04-27T15:38:36.075+0000] {dagbag.py:538} INFO - Filling up the DagBag from /opt/airflow/dags/email_sender_dag.py
[2025-04-27T15:38:36.253+0000] {processor.py:840} INFO - DAG(s) 'email_sender' retrieved from /opt/airflow/dags/email_sender_dag.py
[2025-04-27T15:38:36.261+0000] {logging_mixin.py:188} INFO - [2025-04-27T15:38:36.261+0000] {dag.py:3036} INFO - Sync 1 DAGs
[2025-04-27T15:38:36.265+0000] {logging_mixin.py:188} INFO - [2025-04-27T15:38:36.265+0000] {dag.py:3823} INFO - Setting next_dagrun for email_sender to None, run_after=None
[2025-04-27T15:38:36.271+0000] {processor.py:183} INFO - Processing /opt/airflow/dags/email_sender_dag.py took 0.201 seconds
[2025-04-27T15:39:06.488+0000] {processor.py:161} INFO - Started process (PID=246) to work on /opt/airflow/dags/email_sender_dag.py
[2025-04-27T15:39:06.490+0000] {processor.py:830} INFO - Processing file /opt/airflow/dags/email_sender_dag.py for tasks to queue
[2025-04-27T15:39:06.492+0000] {logging_mixin.py:188} INFO - [2025-04-27T15:39:06.492+0000] {dagbag.py:538} INFO - Filling up the DagBag from /opt/airflow/dags/email_sender_dag.py
[2025-04-27T15:39:06.686+0000] {processor.py:840} INFO - DAG(s) 'email_sender' retrieved from /opt/airflow/dags/email_sender_dag.py
[2025-04-27T15:39:06.695+0000] {logging_mixin.py:188} INFO - [2025-04-27T15:39:06.695+0000] {dag.py:3036} INFO - Sync 1 DAGs
[2025-04-27T15:39:06.699+0000] {logging_mixin.py:188} INFO - [2025-04-27T15:39:06.698+0000] {dag.py:3823} INFO - Setting next_dagrun for email_sender to None, run_after=None
[2025-04-27T15:39:06.704+0000] {processor.py:183} INFO - Processing /opt/airflow/dags/email_sender_dag.py took 0.221 seconds
[2025-04-27T15:39:36.927+0000] {processor.py:161} INFO - Started process (PID=262) to work on /opt/airflow/dags/email_sender_dag.py
[2025-04-27T15:39:36.929+0000] {processor.py:830} INFO - Processing file /opt/airflow/dags/email_sender_dag.py for tasks to queue
[2025-04-27T15:39:36.931+0000] {logging_mixin.py:188} INFO - [2025-04-27T15:39:36.931+0000] {dagbag.py:538} INFO - Filling up the DagBag from /opt/airflow/dags/email_sender_dag.py
[2025-04-27T15:39:37.136+0000] {processor.py:840} INFO - DAG(s) 'email_sender' retrieved from /opt/airflow/dags/email_sender_dag.py
[2025-04-27T15:39:37.144+0000] {logging_mixin.py:188} INFO - [2025-04-27T15:39:37.144+0000] {dag.py:3036} INFO - Sync 1 DAGs
[2025-04-27T15:39:37.149+0000] {logging_mixin.py:188} INFO - [2025-04-27T15:39:37.148+0000] {dag.py:3823} INFO - Setting next_dagrun for email_sender to None, run_after=None
[2025-04-27T15:39:37.155+0000] {processor.py:183} INFO - Processing /opt/airflow/dags/email_sender_dag.py took 0.232 seconds
[2025-04-27T15:40:07.369+0000] {processor.py:161} INFO - Started process (PID=278) to work on /opt/airflow/dags/email_sender_dag.py
[2025-04-27T15:40:07.371+0000] {processor.py:830} INFO - Processing file /opt/airflow/dags/email_sender_dag.py for tasks to queue
[2025-04-27T15:40:07.373+0000] {logging_mixin.py:188} INFO - [2025-04-27T15:40:07.373+0000] {dagbag.py:538} INFO - Filling up the DagBag from /opt/airflow/dags/email_sender_dag.py
[2025-04-27T15:40:07.572+0000] {processor.py:840} INFO - DAG(s) 'email_sender' retrieved from /opt/airflow/dags/email_sender_dag.py
[2025-04-27T15:40:07.581+0000] {logging_mixin.py:188} INFO - [2025-04-27T15:40:07.580+0000] {dag.py:3036} INFO - Sync 1 DAGs
[2025-04-27T15:40:07.585+0000] {logging_mixin.py:188} INFO - [2025-04-27T15:40:07.585+0000] {dag.py:3823} INFO - Setting next_dagrun for email_sender to None, run_after=None
[2025-04-27T15:40:07.592+0000] {processor.py:183} INFO - Processing /opt/airflow/dags/email_sender_dag.py took 0.228 seconds
[2025-04-27T15:40:37.766+0000] {processor.py:161} INFO - Started process (PID=294) to work on /opt/airflow/dags/email_sender_dag.py
[2025-04-27T15:40:37.768+0000] {processor.py:830} INFO - Processing file /opt/airflow/dags/email_sender_dag.py for tasks to queue
[2025-04-27T15:40:37.770+0000] {logging_mixin.py:188} INFO - [2025-04-27T15:40:37.770+0000] {dagbag.py:538} INFO - Filling up the DagBag from /opt/airflow/dags/email_sender_dag.py
[2025-04-27T15:40:37.975+0000] {processor.py:840} INFO - DAG(s) 'email_sender' retrieved from /opt/airflow/dags/email_sender_dag.py
[2025-04-27T15:40:37.984+0000] {logging_mixin.py:188} INFO - [2025-04-27T15:40:37.983+0000] {dag.py:3036} INFO - Sync 1 DAGs
[2025-04-27T15:40:37.989+0000] {logging_mixin.py:188} INFO - [2025-04-27T15:40:37.989+0000] {dag.py:3823} INFO - Setting next_dagrun for email_sender to None, run_after=None
[2025-04-27T15:40:37.995+0000] {processor.py:183} INFO - Processing /opt/airflow/dags/email_sender_dag.py took 0.232 seconds
[2025-04-27T15:41:08.183+0000] {processor.py:161} INFO - Started process (PID=310) to work on /opt/airflow/dags/email_sender_dag.py
[2025-04-27T15:41:08.185+0000] {processor.py:830} INFO - Processing file /opt/airflow/dags/email_sender_dag.py for tasks to queue
[2025-04-27T15:41:08.187+0000] {logging_mixin.py:188} INFO - [2025-04-27T15:41:08.187+0000] {dagbag.py:538} INFO - Filling up the DagBag from /opt/airflow/dags/email_sender_dag.py
[2025-04-27T15:41:08.367+0000] {processor.py:840} INFO - DAG(s) 'email_sender' retrieved from /opt/airflow/dags/email_sender_dag.py
[2025-04-27T15:41:08.375+0000] {logging_mixin.py:188} INFO - [2025-04-27T15:41:08.375+0000] {dag.py:3036} INFO - Sync 1 DAGs
[2025-04-27T15:41:08.379+0000] {logging_mixin.py:188} INFO - [2025-04-27T15:41:08.379+0000] {dag.py:3823} INFO - Setting next_dagrun for email_sender to None, run_after=None
[2025-04-27T15:41:08.385+0000] {processor.py:183} INFO - Processing /opt/airflow/dags/email_sender_dag.py took 0.206 seconds
[2025-04-27T15:41:38.663+0000] {processor.py:161} INFO - Started process (PID=326) to work on /opt/airflow/dags/email_sender_dag.py
[2025-04-27T15:41:38.664+0000] {processor.py:830} INFO - Processing file /opt/airflow/dags/email_sender_dag.py for tasks to queue
[2025-04-27T15:41:38.666+0000] {logging_mixin.py:188} INFO - [2025-04-27T15:41:38.665+0000] {dagbag.py:538} INFO - Filling up the DagBag from /opt/airflow/dags/email_sender_dag.py
[2025-04-27T15:41:38.835+0000] {processor.py:840} INFO - DAG(s) 'email_sender' retrieved from /opt/airflow/dags/email_sender_dag.py
[2025-04-27T15:41:38.843+0000] {logging_mixin.py:188} INFO - [2025-04-27T15:41:38.842+0000] {dag.py:3036} INFO - Sync 1 DAGs
[2025-04-27T15:41:38.846+0000] {logging_mixin.py:188} INFO - [2025-04-27T15:41:38.846+0000] {dag.py:3823} INFO - Setting next_dagrun for email_sender to None, run_after=None
[2025-04-27T15:41:38.853+0000] {processor.py:183} INFO - Processing /opt/airflow/dags/email_sender_dag.py took 0.193 seconds
[2025-04-27T15:42:09.085+0000] {processor.py:161} INFO - Started process (PID=342) to work on /opt/airflow/dags/email_sender_dag.py
[2025-04-27T15:42:09.087+0000] {processor.py:830} INFO - Processing file /opt/airflow/dags/email_sender_dag.py for tasks to queue
[2025-04-27T15:42:09.089+0000] {logging_mixin.py:188} INFO - [2025-04-27T15:42:09.088+0000] {dagbag.py:538} INFO - Filling up the DagBag from /opt/airflow/dags/email_sender_dag.py
[2025-04-27T15:42:09.272+0000] {processor.py:840} INFO - DAG(s) 'email_sender' retrieved from /opt/airflow/dags/email_sender_dag.py
[2025-04-27T15:42:09.280+0000] {logging_mixin.py:188} INFO - [2025-04-27T15:42:09.280+0000] {dag.py:3036} INFO - Sync 1 DAGs
[2025-04-27T15:42:09.284+0000] {logging_mixin.py:188} INFO - [2025-04-27T15:42:09.284+0000] {dag.py:3823} INFO - Setting next_dagrun for email_sender to None, run_after=None
[2025-04-27T15:42:09.290+0000] {processor.py:183} INFO - Processing /opt/airflow/dags/email_sender_dag.py took 0.210 seconds
[2025-04-27T15:42:39.520+0000] {processor.py:161} INFO - Started process (PID=358) to work on /opt/airflow/dags/email_sender_dag.py
[2025-04-27T15:42:39.522+0000] {processor.py:830} INFO - Processing file /opt/airflow/dags/email_sender_dag.py for tasks to queue
[2025-04-27T15:42:39.524+0000] {logging_mixin.py:188} INFO - [2025-04-27T15:42:39.523+0000] {dagbag.py:538} INFO - Filling up the DagBag from /opt/airflow/dags/email_sender_dag.py
[2025-04-27T15:42:39.703+0000] {processor.py:840} INFO - DAG(s) 'email_sender' retrieved from /opt/airflow/dags/email_sender_dag.py
[2025-04-27T15:42:39.711+0000] {logging_mixin.py:188} INFO - [2025-04-27T15:42:39.711+0000] {dag.py:3036} INFO - Sync 1 DAGs
[2025-04-27T15:42:39.715+0000] {logging_mixin.py:188} INFO - [2025-04-27T15:42:39.715+0000] {dag.py:3823} INFO - Setting next_dagrun for email_sender to None, run_after=None
[2025-04-27T15:42:39.721+0000] {processor.py:183} INFO - Processing /opt/airflow/dags/email_sender_dag.py took 0.205 seconds
[2025-04-27T15:43:09.945+0000] {processor.py:161} INFO - Started process (PID=374) to work on /opt/airflow/dags/email_sender_dag.py
[2025-04-27T15:43:09.946+0000] {processor.py:830} INFO - Processing file /opt/airflow/dags/email_sender_dag.py for tasks to queue
[2025-04-27T15:43:09.949+0000] {logging_mixin.py:188} INFO - [2025-04-27T15:43:09.949+0000] {dagbag.py:538} INFO - Filling up the DagBag from /opt/airflow/dags/email_sender_dag.py
[2025-04-27T15:43:10.121+0000] {processor.py:840} INFO - DAG(s) 'email_sender' retrieved from /opt/airflow/dags/email_sender_dag.py
[2025-04-27T15:43:10.129+0000] {logging_mixin.py:188} INFO - [2025-04-27T15:43:10.129+0000] {dag.py:3036} INFO - Sync 1 DAGs
[2025-04-27T15:43:10.133+0000] {logging_mixin.py:188} INFO - [2025-04-27T15:43:10.133+0000] {dag.py:3823} INFO - Setting next_dagrun for email_sender to None, run_after=None
[2025-04-27T15:43:10.139+0000] {processor.py:183} INFO - Processing /opt/airflow/dags/email_sender_dag.py took 0.199 seconds
[2025-04-27T15:43:40.365+0000] {processor.py:161} INFO - Started process (PID=390) to work on /opt/airflow/dags/email_sender_dag.py
[2025-04-27T15:43:40.366+0000] {processor.py:830} INFO - Processing file /opt/airflow/dags/email_sender_dag.py for tasks to queue
[2025-04-27T15:43:40.368+0000] {logging_mixin.py:188} INFO - [2025-04-27T15:43:40.368+0000] {dagbag.py:538} INFO - Filling up the DagBag from /opt/airflow/dags/email_sender_dag.py
[2025-04-27T15:43:40.538+0000] {processor.py:840} INFO - DAG(s) 'email_sender' retrieved from /opt/airflow/dags/email_sender_dag.py
[2025-04-27T15:43:40.546+0000] {logging_mixin.py:188} INFO - [2025-04-27T15:43:40.545+0000] {dag.py:3036} INFO - Sync 1 DAGs
[2025-04-27T15:43:40.549+0000] {logging_mixin.py:188} INFO - [2025-04-27T15:43:40.549+0000] {dag.py:3823} INFO - Setting next_dagrun for email_sender to None, run_after=None
[2025-04-27T15:43:40.555+0000] {processor.py:183} INFO - Processing /opt/airflow/dags/email_sender_dag.py took 0.194 seconds
[2025-04-27T15:44:10.815+0000] {processor.py:161} INFO - Started process (PID=406) to work on /opt/airflow/dags/email_sender_dag.py
[2025-04-27T15:44:10.819+0000] {processor.py:830} INFO - Processing file /opt/airflow/dags/email_sender_dag.py for tasks to queue
[2025-04-27T15:44:10.821+0000] {logging_mixin.py:188} INFO - [2025-04-27T15:44:10.820+0000] {dagbag.py:538} INFO - Filling up the DagBag from /opt/airflow/dags/email_sender_dag.py
[2025-04-27T15:44:11.004+0000] {processor.py:840} INFO - DAG(s) 'email_sender' retrieved from /opt/airflow/dags/email_sender_dag.py
[2025-04-27T15:44:11.012+0000] {logging_mixin.py:188} INFO - [2025-04-27T15:44:11.012+0000] {dag.py:3036} INFO - Sync 1 DAGs
[2025-04-27T15:44:11.016+0000] {logging_mixin.py:188} INFO - [2025-04-27T15:44:11.016+0000] {dag.py:3823} INFO - Setting next_dagrun for email_sender to None, run_after=None
[2025-04-27T15:44:11.022+0000] {processor.py:183} INFO - Processing /opt/airflow/dags/email_sender_dag.py took 0.211 seconds
[2025-04-27T15:44:41.222+0000] {processor.py:161} INFO - Started process (PID=422) to work on /opt/airflow/dags/email_sender_dag.py
[2025-04-27T15:44:41.223+0000] {processor.py:830} INFO - Processing file /opt/airflow/dags/email_sender_dag.py for tasks to queue
[2025-04-27T15:44:41.225+0000] {logging_mixin.py:188} INFO - [2025-04-27T15:44:41.225+0000] {dagbag.py:538} INFO - Filling up the DagBag from /opt/airflow/dags/email_sender_dag.py
[2025-04-27T15:44:41.444+0000] {processor.py:840} INFO - DAG(s) 'email_sender' retrieved from /opt/airflow/dags/email_sender_dag.py
[2025-04-27T15:44:41.452+0000] {logging_mixin.py:188} INFO - [2025-04-27T15:44:41.452+0000] {dag.py:3036} INFO - Sync 1 DAGs
[2025-04-27T15:44:41.457+0000] {logging_mixin.py:188} INFO - [2025-04-27T15:44:41.457+0000] {dag.py:3823} INFO - Setting next_dagrun for email_sender to None, run_after=None
[2025-04-27T15:44:41.463+0000] {processor.py:183} INFO - Processing /opt/airflow/dags/email_sender_dag.py took 0.245 seconds
[2025-04-27T15:45:11.646+0000] {processor.py:161} INFO - Started process (PID=438) to work on /opt/airflow/dags/email_sender_dag.py
[2025-04-27T15:45:11.648+0000] {processor.py:830} INFO - Processing file /opt/airflow/dags/email_sender_dag.py for tasks to queue
[2025-04-27T15:45:11.649+0000] {logging_mixin.py:188} INFO - [2025-04-27T15:45:11.649+0000] {dagbag.py:538} INFO - Filling up the DagBag from /opt/airflow/dags/email_sender_dag.py
[2025-04-27T15:45:11.859+0000] {processor.py:840} INFO - DAG(s) 'email_sender' retrieved from /opt/airflow/dags/email_sender_dag.py
[2025-04-27T15:45:11.870+0000] {logging_mixin.py:188} INFO - [2025-04-27T15:45:11.870+0000] {dag.py:3036} INFO - Sync 1 DAGs
[2025-04-27T15:45:11.876+0000] {logging_mixin.py:188} INFO - [2025-04-27T15:45:11.875+0000] {dag.py:3823} INFO - Setting next_dagrun for email_sender to None, run_after=None
[2025-04-27T15:45:11.883+0000] {processor.py:183} INFO - Processing /opt/airflow/dags/email_sender_dag.py took 0.241 seconds
[2025-04-27T15:45:42.034+0000] {processor.py:161} INFO - Started process (PID=454) to work on /opt/airflow/dags/email_sender_dag.py
[2025-04-27T15:45:42.035+0000] {processor.py:830} INFO - Processing file /opt/airflow/dags/email_sender_dag.py for tasks to queue
[2025-04-27T15:45:42.037+0000] {logging_mixin.py:188} INFO - [2025-04-27T15:45:42.037+0000] {dagbag.py:538} INFO - Filling up the DagBag from /opt/airflow/dags/email_sender_dag.py
[2025-04-27T15:45:42.223+0000] {processor.py:840} INFO - DAG(s) 'email_sender' retrieved from /opt/airflow/dags/email_sender_dag.py
[2025-04-27T15:45:42.231+0000] {logging_mixin.py:188} INFO - [2025-04-27T15:45:42.231+0000] {dag.py:3036} INFO - Sync 1 DAGs
[2025-04-27T15:45:42.235+0000] {logging_mixin.py:188} INFO - [2025-04-27T15:45:42.235+0000] {dag.py:3823} INFO - Setting next_dagrun for email_sender to None, run_after=None
[2025-04-27T15:45:42.241+0000] {processor.py:183} INFO - Processing /opt/airflow/dags/email_sender_dag.py took 0.211 seconds
[2025-04-27T15:46:12.521+0000] {processor.py:161} INFO - Started process (PID=470) to work on /opt/airflow/dags/email_sender_dag.py
[2025-04-27T15:46:12.522+0000] {processor.py:830} INFO - Processing file /opt/airflow/dags/email_sender_dag.py for tasks to queue
[2025-04-27T15:46:12.524+0000] {logging_mixin.py:188} INFO - [2025-04-27T15:46:12.524+0000] {dagbag.py:538} INFO - Filling up the DagBag from /opt/airflow/dags/email_sender_dag.py
[2025-04-27T15:46:12.703+0000] {processor.py:840} INFO - DAG(s) 'email_sender' retrieved from /opt/airflow/dags/email_sender_dag.py
[2025-04-27T15:46:12.711+0000] {logging_mixin.py:188} INFO - [2025-04-27T15:46:12.711+0000] {dag.py:3036} INFO - Sync 1 DAGs
[2025-04-27T15:46:12.715+0000] {logging_mixin.py:188} INFO - [2025-04-27T15:46:12.715+0000] {dag.py:3823} INFO - Setting next_dagrun for email_sender to None, run_after=None
[2025-04-27T15:46:12.722+0000] {processor.py:183} INFO - Processing /opt/airflow/dags/email_sender_dag.py took 0.205 seconds
[2025-04-27T15:46:42.987+0000] {processor.py:161} INFO - Started process (PID=486) to work on /opt/airflow/dags/email_sender_dag.py
[2025-04-27T15:46:42.988+0000] {processor.py:830} INFO - Processing file /opt/airflow/dags/email_sender_dag.py for tasks to queue
[2025-04-27T15:46:42.989+0000] {logging_mixin.py:188} INFO - [2025-04-27T15:46:42.989+0000] {dagbag.py:538} INFO - Filling up the DagBag from /opt/airflow/dags/email_sender_dag.py
[2025-04-27T15:46:43.162+0000] {processor.py:840} INFO - DAG(s) 'email_sender' retrieved from /opt/airflow/dags/email_sender_dag.py
[2025-04-27T15:46:43.170+0000] {logging_mixin.py:188} INFO - [2025-04-27T15:46:43.170+0000] {dag.py:3036} INFO - Sync 1 DAGs
[2025-04-27T15:46:43.174+0000] {logging_mixin.py:188} INFO - [2025-04-27T15:46:43.174+0000] {dag.py:3823} INFO - Setting next_dagrun for email_sender to None, run_after=None
[2025-04-27T15:46:43.180+0000] {processor.py:183} INFO - Processing /opt/airflow/dags/email_sender_dag.py took 0.197 seconds
[2025-04-27T15:47:13.423+0000] {processor.py:161} INFO - Started process (PID=502) to work on /opt/airflow/dags/email_sender_dag.py
[2025-04-27T15:47:13.424+0000] {processor.py:830} INFO - Processing file /opt/airflow/dags/email_sender_dag.py for tasks to queue
[2025-04-27T15:47:13.426+0000] {logging_mixin.py:188} INFO - [2025-04-27T15:47:13.426+0000] {dagbag.py:538} INFO - Filling up the DagBag from /opt/airflow/dags/email_sender_dag.py
[2025-04-27T15:47:13.604+0000] {processor.py:840} INFO - DAG(s) 'email_sender' retrieved from /opt/airflow/dags/email_sender_dag.py
[2025-04-27T15:47:13.612+0000] {logging_mixin.py:188} INFO - [2025-04-27T15:47:13.612+0000] {dag.py:3036} INFO - Sync 1 DAGs
[2025-04-27T15:47:13.616+0000] {logging_mixin.py:188} INFO - [2025-04-27T15:47:13.615+0000] {dag.py:3823} INFO - Setting next_dagrun for email_sender to None, run_after=None
[2025-04-27T15:47:13.621+0000] {processor.py:183} INFO - Processing /opt/airflow/dags/email_sender_dag.py took 0.203 seconds
[2025-04-27T15:47:43.827+0000] {processor.py:161} INFO - Started process (PID=518) to work on /opt/airflow/dags/email_sender_dag.py
[2025-04-27T15:47:43.830+0000] {processor.py:830} INFO - Processing file /opt/airflow/dags/email_sender_dag.py for tasks to queue
[2025-04-27T15:47:43.831+0000] {logging_mixin.py:188} INFO - [2025-04-27T15:47:43.831+0000] {dagbag.py:538} INFO - Filling up the DagBag from /opt/airflow/dags/email_sender_dag.py
[2025-04-27T15:47:44.001+0000] {processor.py:840} INFO - DAG(s) 'email_sender' retrieved from /opt/airflow/dags/email_sender_dag.py
[2025-04-27T15:47:44.009+0000] {logging_mixin.py:188} INFO - [2025-04-27T15:47:44.009+0000] {dag.py:3036} INFO - Sync 1 DAGs
[2025-04-27T15:47:44.013+0000] {logging_mixin.py:188} INFO - [2025-04-27T15:47:44.013+0000] {dag.py:3823} INFO - Setting next_dagrun for email_sender to None, run_after=None
[2025-04-27T15:47:44.019+0000] {processor.py:183} INFO - Processing /opt/airflow/dags/email_sender_dag.py took 0.195 seconds
[2025-04-27T15:48:14.208+0000] {processor.py:161} INFO - Started process (PID=534) to work on /opt/airflow/dags/email_sender_dag.py
[2025-04-27T15:48:14.210+0000] {processor.py:830} INFO - Processing file /opt/airflow/dags/email_sender_dag.py for tasks to queue
[2025-04-27T15:48:14.213+0000] {logging_mixin.py:188} INFO - [2025-04-27T15:48:14.213+0000] {dagbag.py:538} INFO - Filling up the DagBag from /opt/airflow/dags/email_sender_dag.py
[2025-04-27T15:48:14.385+0000] {processor.py:840} INFO - DAG(s) 'email_sender' retrieved from /opt/airflow/dags/email_sender_dag.py
[2025-04-27T15:48:14.392+0000] {logging_mixin.py:188} INFO - [2025-04-27T15:48:14.392+0000] {dag.py:3036} INFO - Sync 1 DAGs
[2025-04-27T15:48:14.396+0000] {logging_mixin.py:188} INFO - [2025-04-27T15:48:14.396+0000] {dag.py:3823} INFO - Setting next_dagrun for email_sender to None, run_after=None
[2025-04-27T15:48:14.402+0000] {processor.py:183} INFO - Processing /opt/airflow/dags/email_sender_dag.py took 0.198 seconds
[2025-04-27T15:48:44.619+0000] {processor.py:161} INFO - Started process (PID=550) to work on /opt/airflow/dags/email_sender_dag.py
[2025-04-27T15:48:44.620+0000] {processor.py:830} INFO - Processing file /opt/airflow/dags/email_sender_dag.py for tasks to queue
[2025-04-27T15:48:44.621+0000] {logging_mixin.py:188} INFO - [2025-04-27T15:48:44.621+0000] {dagbag.py:538} INFO - Filling up the DagBag from /opt/airflow/dags/email_sender_dag.py
[2025-04-27T15:48:44.789+0000] {processor.py:840} INFO - DAG(s) 'email_sender' retrieved from /opt/airflow/dags/email_sender_dag.py
[2025-04-27T15:48:44.797+0000] {logging_mixin.py:188} INFO - [2025-04-27T15:48:44.796+0000] {dag.py:3036} INFO - Sync 1 DAGs
[2025-04-27T15:48:44.801+0000] {logging_mixin.py:188} INFO - [2025-04-27T15:48:44.801+0000] {dag.py:3823} INFO - Setting next_dagrun for email_sender to None, run_after=None
[2025-04-27T15:48:44.806+0000] {processor.py:183} INFO - Processing /opt/airflow/dags/email_sender_dag.py took 0.190 seconds
[2025-04-27T15:49:15.057+0000] {processor.py:161} INFO - Started process (PID=566) to work on /opt/airflow/dags/email_sender_dag.py
[2025-04-27T15:49:15.059+0000] {processor.py:830} INFO - Processing file /opt/airflow/dags/email_sender_dag.py for tasks to queue
[2025-04-27T15:49:15.061+0000] {logging_mixin.py:188} INFO - [2025-04-27T15:49:15.060+0000] {dagbag.py:538} INFO - Filling up the DagBag from /opt/airflow/dags/email_sender_dag.py
[2025-04-27T15:49:15.244+0000] {processor.py:840} INFO - DAG(s) 'email_sender' retrieved from /opt/airflow/dags/email_sender_dag.py
[2025-04-27T15:49:15.253+0000] {logging_mixin.py:188} INFO - [2025-04-27T15:49:15.252+0000] {dag.py:3036} INFO - Sync 1 DAGs
[2025-04-27T15:49:15.256+0000] {logging_mixin.py:188} INFO - [2025-04-27T15:49:15.256+0000] {dag.py:3823} INFO - Setting next_dagrun for email_sender to None, run_after=None
[2025-04-27T15:49:15.262+0000] {processor.py:183} INFO - Processing /opt/airflow/dags/email_sender_dag.py took 0.209 seconds
[2025-04-27T15:49:45.451+0000] {processor.py:161} INFO - Started process (PID=582) to work on /opt/airflow/dags/email_sender_dag.py
[2025-04-27T15:49:45.456+0000] {processor.py:830} INFO - Processing file /opt/airflow/dags/email_sender_dag.py for tasks to queue
[2025-04-27T15:49:45.457+0000] {logging_mixin.py:188} INFO - [2025-04-27T15:49:45.457+0000] {dagbag.py:538} INFO - Filling up the DagBag from /opt/airflow/dags/email_sender_dag.py
[2025-04-27T15:49:45.633+0000] {processor.py:840} INFO - DAG(s) 'email_sender' retrieved from /opt/airflow/dags/email_sender_dag.py
[2025-04-27T15:49:45.641+0000] {logging_mixin.py:188} INFO - [2025-04-27T15:49:45.641+0000] {dag.py:3036} INFO - Sync 1 DAGs
[2025-04-27T15:49:45.645+0000] {logging_mixin.py:188} INFO - [2025-04-27T15:49:45.644+0000] {dag.py:3823} INFO - Setting next_dagrun for email_sender to None, run_after=None
[2025-04-27T15:49:45.650+0000] {processor.py:183} INFO - Processing /opt/airflow/dags/email_sender_dag.py took 0.201 seconds
[2025-04-27T15:50:06.778+0000] {processor.py:161} INFO - Started process (PID=592) to work on /opt/airflow/dags/email_sender_dag.py
[2025-04-27T15:50:06.779+0000] {processor.py:830} INFO - Processing file /opt/airflow/dags/email_sender_dag.py for tasks to queue
[2025-04-27T15:50:06.780+0000] {logging_mixin.py:188} INFO - [2025-04-27T15:50:06.779+0000] {dagbag.py:538} INFO - Filling up the DagBag from /opt/airflow/dags/email_sender_dag.py
[2025-04-27T15:50:06.959+0000] {processor.py:840} INFO - DAG(s) 'email_sender' retrieved from /opt/airflow/dags/email_sender_dag.py
[2025-04-27T15:50:06.967+0000] {logging_mixin.py:188} INFO - [2025-04-27T15:50:06.966+0000] {dag.py:3036} INFO - Sync 1 DAGs
[2025-04-27T15:50:06.970+0000] {logging_mixin.py:188} INFO - [2025-04-27T15:50:06.970+0000] {dag.py:3823} INFO - Setting next_dagrun for email_sender to None, run_after=None
[2025-04-27T15:50:06.977+0000] {processor.py:183} INFO - Processing /opt/airflow/dags/email_sender_dag.py took 0.201 seconds
[2025-04-27T15:50:37.118+0000] {processor.py:161} INFO - Started process (PID=608) to work on /opt/airflow/dags/email_sender_dag.py
[2025-04-27T15:50:37.118+0000] {processor.py:830} INFO - Processing file /opt/airflow/dags/email_sender_dag.py for tasks to queue
[2025-04-27T15:50:37.119+0000] {logging_mixin.py:188} INFO - [2025-04-27T15:50:37.119+0000] {dagbag.py:538} INFO - Filling up the DagBag from /opt/airflow/dags/email_sender_dag.py
[2025-04-27T15:50:37.296+0000] {processor.py:840} INFO - DAG(s) 'email_sender' retrieved from /opt/airflow/dags/email_sender_dag.py
[2025-04-27T15:50:37.304+0000] {logging_mixin.py:188} INFO - [2025-04-27T15:50:37.304+0000] {dag.py:3036} INFO - Sync 1 DAGs
[2025-04-27T15:50:37.308+0000] {logging_mixin.py:188} INFO - [2025-04-27T15:50:37.308+0000] {dag.py:3823} INFO - Setting next_dagrun for email_sender to None, run_after=None
[2025-04-27T15:50:37.314+0000] {processor.py:183} INFO - Processing /opt/airflow/dags/email_sender_dag.py took 0.200 seconds
[2025-04-27T15:50:47.239+0000] {processor.py:161} INFO - Started process (PID=611) to work on /opt/airflow/dags/email_sender_dag.py
[2025-04-27T15:50:47.241+0000] {processor.py:830} INFO - Processing file /opt/airflow/dags/email_sender_dag.py for tasks to queue
[2025-04-27T15:50:47.242+0000] {logging_mixin.py:188} INFO - [2025-04-27T15:50:47.242+0000] {dagbag.py:538} INFO - Filling up the DagBag from /opt/airflow/dags/email_sender_dag.py
[2025-04-27T15:50:47.423+0000] {processor.py:840} INFO - DAG(s) 'email_sender' retrieved from /opt/airflow/dags/email_sender_dag.py
[2025-04-27T15:50:47.432+0000] {logging_mixin.py:188} INFO - [2025-04-27T15:50:47.432+0000] {dag.py:3036} INFO - Sync 1 DAGs
[2025-04-27T15:50:47.436+0000] {logging_mixin.py:188} INFO - [2025-04-27T15:50:47.436+0000] {dag.py:3823} INFO - Setting next_dagrun for email_sender to None, run_after=None
[2025-04-27T15:50:47.443+0000] {processor.py:183} INFO - Processing /opt/airflow/dags/email_sender_dag.py took 0.209 seconds
[2025-04-27T15:51:17.578+0000] {processor.py:161} INFO - Started process (PID=621) to work on /opt/airflow/dags/email_sender_dag.py
[2025-04-27T15:51:17.579+0000] {processor.py:830} INFO - Processing file /opt/airflow/dags/email_sender_dag.py for tasks to queue
[2025-04-27T15:51:17.580+0000] {logging_mixin.py:188} INFO - [2025-04-27T15:51:17.580+0000] {dagbag.py:538} INFO - Filling up the DagBag from /opt/airflow/dags/email_sender_dag.py
[2025-04-27T15:51:17.785+0000] {processor.py:840} INFO - DAG(s) 'email_sender' retrieved from /opt/airflow/dags/email_sender_dag.py
[2025-04-27T15:51:17.794+0000] {logging_mixin.py:188} INFO - [2025-04-27T15:51:17.794+0000] {dag.py:3036} INFO - Sync 1 DAGs
[2025-04-27T15:51:17.797+0000] {logging_mixin.py:188} INFO - [2025-04-27T15:51:17.797+0000] {dag.py:3823} INFO - Setting next_dagrun for email_sender to None, run_after=None
[2025-04-27T15:51:17.803+0000] {processor.py:183} INFO - Processing /opt/airflow/dags/email_sender_dag.py took 0.228 seconds
[2025-04-27T15:51:48.000+0000] {processor.py:161} INFO - Started process (PID=638) to work on /opt/airflow/dags/email_sender_dag.py
[2025-04-27T15:51:48.001+0000] {processor.py:830} INFO - Processing file /opt/airflow/dags/email_sender_dag.py for tasks to queue
[2025-04-27T15:51:48.002+0000] {logging_mixin.py:188} INFO - [2025-04-27T15:51:48.001+0000] {dagbag.py:538} INFO - Filling up the DagBag from /opt/airflow/dags/email_sender_dag.py
[2025-04-27T15:51:48.179+0000] {processor.py:840} INFO - DAG(s) 'email_sender' retrieved from /opt/airflow/dags/email_sender_dag.py
[2025-04-27T15:51:48.186+0000] {logging_mixin.py:188} INFO - [2025-04-27T15:51:48.186+0000] {dag.py:3036} INFO - Sync 1 DAGs
[2025-04-27T15:51:48.190+0000] {logging_mixin.py:188} INFO - [2025-04-27T15:51:48.190+0000] {dag.py:3823} INFO - Setting next_dagrun for email_sender to None, run_after=None
[2025-04-27T15:51:48.195+0000] {processor.py:183} INFO - Processing /opt/airflow/dags/email_sender_dag.py took 0.199 seconds
[2025-04-27T15:52:18.406+0000] {processor.py:161} INFO - Started process (PID=654) to work on /opt/airflow/dags/email_sender_dag.py
[2025-04-27T15:52:18.408+0000] {processor.py:830} INFO - Processing file /opt/airflow/dags/email_sender_dag.py for tasks to queue
[2025-04-27T15:52:18.409+0000] {logging_mixin.py:188} INFO - [2025-04-27T15:52:18.408+0000] {dagbag.py:538} INFO - Filling up the DagBag from /opt/airflow/dags/email_sender_dag.py
[2025-04-27T15:52:18.583+0000] {processor.py:840} INFO - DAG(s) 'email_sender' retrieved from /opt/airflow/dags/email_sender_dag.py
[2025-04-27T15:52:18.590+0000] {logging_mixin.py:188} INFO - [2025-04-27T15:52:18.590+0000] {dag.py:3036} INFO - Sync 1 DAGs
[2025-04-27T15:52:18.594+0000] {logging_mixin.py:188} INFO - [2025-04-27T15:52:18.594+0000] {dag.py:3823} INFO - Setting next_dagrun for email_sender to None, run_after=None
[2025-04-27T15:52:18.599+0000] {processor.py:183} INFO - Processing /opt/airflow/dags/email_sender_dag.py took 0.197 seconds
[2025-04-27T15:52:48.770+0000] {processor.py:161} INFO - Started process (PID=670) to work on /opt/airflow/dags/email_sender_dag.py
[2025-04-27T15:52:48.771+0000] {processor.py:830} INFO - Processing file /opt/airflow/dags/email_sender_dag.py for tasks to queue
[2025-04-27T15:52:48.771+0000] {logging_mixin.py:188} INFO - [2025-04-27T15:52:48.771+0000] {dagbag.py:538} INFO - Filling up the DagBag from /opt/airflow/dags/email_sender_dag.py
[2025-04-27T15:52:48.940+0000] {processor.py:840} INFO - DAG(s) 'email_sender' retrieved from /opt/airflow/dags/email_sender_dag.py
[2025-04-27T15:52:48.947+0000] {logging_mixin.py:188} INFO - [2025-04-27T15:52:48.947+0000] {dag.py:3036} INFO - Sync 1 DAGs
[2025-04-27T15:52:48.951+0000] {logging_mixin.py:188} INFO - [2025-04-27T15:52:48.951+0000] {dag.py:3823} INFO - Setting next_dagrun for email_sender to None, run_after=None
[2025-04-27T15:52:48.957+0000] {processor.py:183} INFO - Processing /opt/airflow/dags/email_sender_dag.py took 0.189 seconds
[2025-04-27T15:53:19.177+0000] {processor.py:161} INFO - Started process (PID=686) to work on /opt/airflow/dags/email_sender_dag.py
[2025-04-27T15:53:19.179+0000] {processor.py:830} INFO - Processing file /opt/airflow/dags/email_sender_dag.py for tasks to queue
[2025-04-27T15:53:19.180+0000] {logging_mixin.py:188} INFO - [2025-04-27T15:53:19.180+0000] {dagbag.py:538} INFO - Filling up the DagBag from /opt/airflow/dags/email_sender_dag.py
[2025-04-27T15:53:19.346+0000] {processor.py:840} INFO - DAG(s) 'email_sender' retrieved from /opt/airflow/dags/email_sender_dag.py
[2025-04-27T15:53:19.354+0000] {logging_mixin.py:188} INFO - [2025-04-27T15:53:19.354+0000] {dag.py:3036} INFO - Sync 1 DAGs
[2025-04-27T15:53:19.358+0000] {logging_mixin.py:188} INFO - [2025-04-27T15:53:19.358+0000] {dag.py:3823} INFO - Setting next_dagrun for email_sender to None, run_after=None
[2025-04-27T15:53:19.363+0000] {processor.py:183} INFO - Processing /opt/airflow/dags/email_sender_dag.py took 0.190 seconds
[2025-04-27T15:53:49.605+0000] {processor.py:161} INFO - Started process (PID=702) to work on /opt/airflow/dags/email_sender_dag.py
[2025-04-27T15:53:49.606+0000] {processor.py:830} INFO - Processing file /opt/airflow/dags/email_sender_dag.py for tasks to queue
[2025-04-27T15:53:49.607+0000] {logging_mixin.py:188} INFO - [2025-04-27T15:53:49.607+0000] {dagbag.py:538} INFO - Filling up the DagBag from /opt/airflow/dags/email_sender_dag.py
[2025-04-27T15:53:49.774+0000] {processor.py:840} INFO - DAG(s) 'email_sender' retrieved from /opt/airflow/dags/email_sender_dag.py
[2025-04-27T15:53:49.782+0000] {logging_mixin.py:188} INFO - [2025-04-27T15:53:49.781+0000] {dag.py:3036} INFO - Sync 1 DAGs
[2025-04-27T15:53:49.785+0000] {logging_mixin.py:188} INFO - [2025-04-27T15:53:49.785+0000] {dag.py:3823} INFO - Setting next_dagrun for email_sender to None, run_after=None
[2025-04-27T15:53:49.791+0000] {processor.py:183} INFO - Processing /opt/airflow/dags/email_sender_dag.py took 0.188 seconds
[2025-04-27T15:54:20.061+0000] {processor.py:161} INFO - Started process (PID=718) to work on /opt/airflow/dags/email_sender_dag.py
[2025-04-27T15:54:20.062+0000] {processor.py:830} INFO - Processing file /opt/airflow/dags/email_sender_dag.py for tasks to queue
[2025-04-27T15:54:20.063+0000] {logging_mixin.py:188} INFO - [2025-04-27T15:54:20.062+0000] {dagbag.py:538} INFO - Filling up the DagBag from /opt/airflow/dags/email_sender_dag.py
[2025-04-27T15:54:20.233+0000] {processor.py:840} INFO - DAG(s) 'email_sender' retrieved from /opt/airflow/dags/email_sender_dag.py
[2025-04-27T15:54:20.241+0000] {logging_mixin.py:188} INFO - [2025-04-27T15:54:20.240+0000] {dag.py:3036} INFO - Sync 1 DAGs
[2025-04-27T15:54:20.244+0000] {logging_mixin.py:188} INFO - [2025-04-27T15:54:20.244+0000] {dag.py:3823} INFO - Setting next_dagrun for email_sender to None, run_after=None
[2025-04-27T15:54:20.250+0000] {processor.py:183} INFO - Processing /opt/airflow/dags/email_sender_dag.py took 0.192 seconds
[2025-04-27T15:54:50.461+0000] {processor.py:161} INFO - Started process (PID=734) to work on /opt/airflow/dags/email_sender_dag.py
[2025-04-27T15:54:50.463+0000] {processor.py:830} INFO - Processing file /opt/airflow/dags/email_sender_dag.py for tasks to queue
[2025-04-27T15:54:50.464+0000] {logging_mixin.py:188} INFO - [2025-04-27T15:54:50.463+0000] {dagbag.py:538} INFO - Filling up the DagBag from /opt/airflow/dags/email_sender_dag.py
[2025-04-27T15:54:50.636+0000] {processor.py:840} INFO - DAG(s) 'email_sender' retrieved from /opt/airflow/dags/email_sender_dag.py
[2025-04-27T15:54:50.643+0000] {logging_mixin.py:188} INFO - [2025-04-27T15:54:50.643+0000] {dag.py:3036} INFO - Sync 1 DAGs
[2025-04-27T15:54:50.647+0000] {logging_mixin.py:188} INFO - [2025-04-27T15:54:50.647+0000] {dag.py:3823} INFO - Setting next_dagrun for email_sender to None, run_after=None
[2025-04-27T15:54:50.653+0000] {processor.py:183} INFO - Processing /opt/airflow/dags/email_sender_dag.py took 0.194 seconds
[2025-04-27T15:55:20.787+0000] {processor.py:161} INFO - Started process (PID=750) to work on /opt/airflow/dags/email_sender_dag.py
[2025-04-27T15:55:20.788+0000] {processor.py:830} INFO - Processing file /opt/airflow/dags/email_sender_dag.py for tasks to queue
[2025-04-27T15:55:20.789+0000] {logging_mixin.py:188} INFO - [2025-04-27T15:55:20.788+0000] {dagbag.py:538} INFO - Filling up the DagBag from /opt/airflow/dags/email_sender_dag.py
[2025-04-27T15:55:20.958+0000] {processor.py:840} INFO - DAG(s) 'email_sender' retrieved from /opt/airflow/dags/email_sender_dag.py
[2025-04-27T15:55:20.966+0000] {logging_mixin.py:188} INFO - [2025-04-27T15:55:20.966+0000] {dag.py:3036} INFO - Sync 1 DAGs
[2025-04-27T15:55:20.970+0000] {logging_mixin.py:188} INFO - [2025-04-27T15:55:20.970+0000] {dag.py:3823} INFO - Setting next_dagrun for email_sender to None, run_after=None
[2025-04-27T15:55:20.976+0000] {processor.py:183} INFO - Processing /opt/airflow/dags/email_sender_dag.py took 0.192 seconds
[2025-04-27T15:55:51.163+0000] {processor.py:161} INFO - Started process (PID=766) to work on /opt/airflow/dags/email_sender_dag.py
[2025-04-27T15:55:51.164+0000] {processor.py:830} INFO - Processing file /opt/airflow/dags/email_sender_dag.py for tasks to queue
[2025-04-27T15:55:51.165+0000] {logging_mixin.py:188} INFO - [2025-04-27T15:55:51.165+0000] {dagbag.py:538} INFO - Filling up the DagBag from /opt/airflow/dags/email_sender_dag.py
[2025-04-27T15:55:51.335+0000] {processor.py:840} INFO - DAG(s) 'email_sender' retrieved from /opt/airflow/dags/email_sender_dag.py
[2025-04-27T15:55:51.343+0000] {logging_mixin.py:188} INFO - [2025-04-27T15:55:51.343+0000] {dag.py:3036} INFO - Sync 1 DAGs
[2025-04-27T15:55:51.347+0000] {logging_mixin.py:188} INFO - [2025-04-27T15:55:51.347+0000] {dag.py:3823} INFO - Setting next_dagrun for email_sender to None, run_after=None
[2025-04-27T15:55:51.353+0000] {processor.py:183} INFO - Processing /opt/airflow/dags/email_sender_dag.py took 0.193 seconds
[2025-04-27T15:56:21.551+0000] {processor.py:161} INFO - Started process (PID=782) to work on /opt/airflow/dags/email_sender_dag.py
[2025-04-27T15:56:21.552+0000] {processor.py:830} INFO - Processing file /opt/airflow/dags/email_sender_dag.py for tasks to queue
[2025-04-27T15:56:21.552+0000] {logging_mixin.py:188} INFO - [2025-04-27T15:56:21.552+0000] {dagbag.py:538} INFO - Filling up the DagBag from /opt/airflow/dags/email_sender_dag.py
[2025-04-27T15:56:21.720+0000] {processor.py:840} INFO - DAG(s) 'email_sender' retrieved from /opt/airflow/dags/email_sender_dag.py
[2025-04-27T15:56:21.728+0000] {logging_mixin.py:188} INFO - [2025-04-27T15:56:21.727+0000] {dag.py:3036} INFO - Sync 1 DAGs
[2025-04-27T15:56:21.731+0000] {logging_mixin.py:188} INFO - [2025-04-27T15:56:21.731+0000] {dag.py:3823} INFO - Setting next_dagrun for email_sender to None, run_after=None
[2025-04-27T15:56:21.737+0000] {processor.py:183} INFO - Processing /opt/airflow/dags/email_sender_dag.py took 0.187 seconds
[2025-04-27T15:56:51.977+0000] {processor.py:161} INFO - Started process (PID=798) to work on /opt/airflow/dags/email_sender_dag.py
[2025-04-27T15:56:51.977+0000] {processor.py:830} INFO - Processing file /opt/airflow/dags/email_sender_dag.py for tasks to queue
[2025-04-27T15:56:51.977+0000] {logging_mixin.py:188} INFO - [2025-04-27T15:56:51.977+0000] {dagbag.py:538} INFO - Filling up the DagBag from /opt/airflow/dags/email_sender_dag.py
[2025-04-27T15:56:52.153+0000] {processor.py:840} INFO - DAG(s) 'email_sender' retrieved from /opt/airflow/dags/email_sender_dag.py
[2025-04-27T15:56:52.162+0000] {logging_mixin.py:188} INFO - [2025-04-27T15:56:52.162+0000] {dag.py:3036} INFO - Sync 1 DAGs
[2025-04-27T15:56:52.167+0000] {logging_mixin.py:188} INFO - [2025-04-27T15:56:52.167+0000] {dag.py:3823} INFO - Setting next_dagrun for email_sender to None, run_after=None
[2025-04-27T15:56:52.173+0000] {processor.py:183} INFO - Processing /opt/airflow/dags/email_sender_dag.py took 0.198 seconds
[2025-04-27T15:57:22.399+0000] {processor.py:161} INFO - Started process (PID=814) to work on /opt/airflow/dags/email_sender_dag.py
[2025-04-27T15:57:22.400+0000] {processor.py:830} INFO - Processing file /opt/airflow/dags/email_sender_dag.py for tasks to queue
[2025-04-27T15:57:22.400+0000] {logging_mixin.py:188} INFO - [2025-04-27T15:57:22.400+0000] {dagbag.py:538} INFO - Filling up the DagBag from /opt/airflow/dags/email_sender_dag.py
[2025-04-27T15:57:22.574+0000] {processor.py:840} INFO - DAG(s) 'email_sender' retrieved from /opt/airflow/dags/email_sender_dag.py
[2025-04-27T15:57:22.582+0000] {logging_mixin.py:188} INFO - [2025-04-27T15:57:22.582+0000] {dag.py:3036} INFO - Sync 1 DAGs
[2025-04-27T15:57:22.586+0000] {logging_mixin.py:188} INFO - [2025-04-27T15:57:22.586+0000] {dag.py:3823} INFO - Setting next_dagrun for email_sender to None, run_after=None
[2025-04-27T15:57:22.593+0000] {processor.py:183} INFO - Processing /opt/airflow/dags/email_sender_dag.py took 0.197 seconds
[2025-04-27T15:57:52.815+0000] {processor.py:161} INFO - Started process (PID=830) to work on /opt/airflow/dags/email_sender_dag.py
[2025-04-27T15:57:52.816+0000] {processor.py:830} INFO - Processing file /opt/airflow/dags/email_sender_dag.py for tasks to queue
[2025-04-27T15:57:52.817+0000] {logging_mixin.py:188} INFO - [2025-04-27T15:57:52.817+0000] {dagbag.py:538} INFO - Filling up the DagBag from /opt/airflow/dags/email_sender_dag.py
[2025-04-27T15:57:53.007+0000] {processor.py:840} INFO - DAG(s) 'email_sender' retrieved from /opt/airflow/dags/email_sender_dag.py
[2025-04-27T15:57:53.015+0000] {logging_mixin.py:188} INFO - [2025-04-27T15:57:53.015+0000] {dag.py:3036} INFO - Sync 1 DAGs
[2025-04-27T15:57:53.019+0000] {logging_mixin.py:188} INFO - [2025-04-27T15:57:53.019+0000] {dag.py:3823} INFO - Setting next_dagrun for email_sender to None, run_after=None
[2025-04-27T15:57:53.025+0000] {processor.py:183} INFO - Processing /opt/airflow/dags/email_sender_dag.py took 0.214 seconds
