[2025-04-25T00:17:43.181+0000] {processor.py:161} INFO - Started process (PID=222) to work on /opt/airflow/dags/input/gerentes_emails.xlsx
[2025-04-25T00:17:43.182+0000] {processor.py:830} INFO - Processing file /opt/airflow/dags/input/gerentes_emails.xlsx for tasks to queue
[2025-04-25T00:17:43.184+0000] {logging_mixin.py:188} INFO - [2025-04-25T00:17:43.184+0000] {dagbag.py:538} INFO - Filling up the DagBag from /opt/airflow/dags/input/gerentes_emails.xlsx
[2025-04-25T00:17:43.186+0000] {processor.py:842} WARNING - No viable dags retrieved from /opt/airflow/dags/input/gerentes_emails.xlsx
[2025-04-25T00:17:43.194+0000] {processor.py:183} INFO - Processing /opt/airflow/dags/input/gerentes_emails.xlsx took 0.016 seconds
[2025-04-25T00:18:13.495+0000] {processor.py:161} INFO - Started process (PID=231) to work on /opt/airflow/dags/input/gerentes_emails.xlsx
[2025-04-25T00:18:13.496+0000] {processor.py:830} INFO - Processing file /opt/airflow/dags/input/gerentes_emails.xlsx for tasks to queue
[2025-04-25T00:18:13.498+0000] {logging_mixin.py:188} INFO - [2025-04-25T00:18:13.497+0000] {dagbag.py:538} INFO - Filling up the DagBag from /opt/airflow/dags/input/gerentes_emails.xlsx
[2025-04-25T00:18:13.500+0000] {processor.py:842} WARNING - No viable dags retrieved from /opt/airflow/dags/input/gerentes_emails.xlsx
[2025-04-25T00:18:13.510+0000] {processor.py:183} INFO - Processing /opt/airflow/dags/input/gerentes_emails.xlsx took 0.019 seconds
[2025-04-25T00:18:43.797+0000] {processor.py:161} INFO - Started process (PID=240) to work on /opt/airflow/dags/input/gerentes_emails.xlsx
[2025-04-25T00:18:43.798+0000] {processor.py:830} INFO - Processing file /opt/airflow/dags/input/gerentes_emails.xlsx for tasks to queue
[2025-04-25T00:18:43.800+0000] {logging_mixin.py:188} INFO - [2025-04-25T00:18:43.800+0000] {dagbag.py:538} INFO - Filling up the DagBag from /opt/airflow/dags/input/gerentes_emails.xlsx
[2025-04-25T00:18:43.802+0000] {processor.py:842} WARNING - No viable dags retrieved from /opt/airflow/dags/input/gerentes_emails.xlsx
[2025-04-25T00:18:43.810+0000] {processor.py:183} INFO - Processing /opt/airflow/dags/input/gerentes_emails.xlsx took 0.017 seconds
[2025-04-25T00:19:14.079+0000] {processor.py:161} INFO - Started process (PID=249) to work on /opt/airflow/dags/input/gerentes_emails.xlsx
[2025-04-25T00:19:14.080+0000] {processor.py:830} INFO - Processing file /opt/airflow/dags/input/gerentes_emails.xlsx for tasks to queue
[2025-04-25T00:19:14.082+0000] {logging_mixin.py:188} INFO - [2025-04-25T00:19:14.081+0000] {dagbag.py:538} INFO - Filling up the DagBag from /opt/airflow/dags/input/gerentes_emails.xlsx
[2025-04-25T00:19:14.084+0000] {processor.py:842} WARNING - No viable dags retrieved from /opt/airflow/dags/input/gerentes_emails.xlsx
[2025-04-25T00:19:14.095+0000] {processor.py:183} INFO - Processing /opt/airflow/dags/input/gerentes_emails.xlsx took 0.020 seconds
[2025-04-25T00:19:44.360+0000] {processor.py:161} INFO - Started process (PID=258) to work on /opt/airflow/dags/input/gerentes_emails.xlsx
[2025-04-25T00:19:44.362+0000] {processor.py:830} INFO - Processing file /opt/airflow/dags/input/gerentes_emails.xlsx for tasks to queue
[2025-04-25T00:19:44.364+0000] {logging_mixin.py:188} INFO - [2025-04-25T00:19:44.364+0000] {dagbag.py:538} INFO - Filling up the DagBag from /opt/airflow/dags/input/gerentes_emails.xlsx
[2025-04-25T00:19:44.366+0000] {processor.py:842} WARNING - No viable dags retrieved from /opt/airflow/dags/input/gerentes_emails.xlsx
[2025-04-25T00:19:44.377+0000] {processor.py:183} INFO - Processing /opt/airflow/dags/input/gerentes_emails.xlsx took 0.020 seconds
[2025-04-25T00:20:14.651+0000] {processor.py:161} INFO - Started process (PID=267) to work on /opt/airflow/dags/input/gerentes_emails.xlsx
[2025-04-25T00:20:14.653+0000] {processor.py:830} INFO - Processing file /opt/airflow/dags/input/gerentes_emails.xlsx for tasks to queue
[2025-04-25T00:20:14.655+0000] {logging_mixin.py:188} INFO - [2025-04-25T00:20:14.654+0000] {dagbag.py:538} INFO - Filling up the DagBag from /opt/airflow/dags/input/gerentes_emails.xlsx
[2025-04-25T00:20:14.657+0000] {processor.py:842} WARNING - No viable dags retrieved from /opt/airflow/dags/input/gerentes_emails.xlsx
[2025-04-25T00:20:14.668+0000] {processor.py:183} INFO - Processing /opt/airflow/dags/input/gerentes_emails.xlsx took 0.020 seconds
[2025-04-25T00:20:44.923+0000] {processor.py:161} INFO - Started process (PID=276) to work on /opt/airflow/dags/input/gerentes_emails.xlsx
[2025-04-25T00:20:44.924+0000] {processor.py:830} INFO - Processing file /opt/airflow/dags/input/gerentes_emails.xlsx for tasks to queue
[2025-04-25T00:20:44.926+0000] {logging_mixin.py:188} INFO - [2025-04-25T00:20:44.926+0000] {dagbag.py:538} INFO - Filling up the DagBag from /opt/airflow/dags/input/gerentes_emails.xlsx
[2025-04-25T00:20:44.928+0000] {processor.py:842} WARNING - No viable dags retrieved from /opt/airflow/dags/input/gerentes_emails.xlsx
[2025-04-25T00:20:44.939+0000] {processor.py:183} INFO - Processing /opt/airflow/dags/input/gerentes_emails.xlsx took 0.020 seconds
