[2025-04-27T15:00:44.591+0000] {processor.py:161} INFO - Started process (PID=61) to work on /opt/airflow/dags/input/gerentes_emails.xlsx
[2025-04-27T15:00:44.592+0000] {processor.py:830} INFO - Processing file /opt/airflow/dags/input/gerentes_emails.xlsx for tasks to queue
[2025-04-27T15:00:44.594+0000] {logging_mixin.py:188} INFO - [2025-04-27T15:00:44.593+0000] {dagbag.py:538} INFO - Filling up the DagBag from /opt/airflow/dags/input/gerentes_emails.xlsx
[2025-04-27T15:00:44.597+0000] {processor.py:842} WARNING - No viable dags retrieved from /opt/airflow/dags/input/gerentes_emails.xlsx
[2025-04-27T15:00:44.609+0000] {processor.py:183} INFO - Processing /opt/airflow/dags/input/gerentes_emails.xlsx took 0.020 seconds
[2025-04-27T15:01:14.798+0000] {processor.py:161} INFO - Started process (PID=69) to work on /opt/airflow/dags/input/gerentes_emails.xlsx
[2025-04-27T15:01:14.798+0000] {processor.py:830} INFO - Processing file /opt/airflow/dags/input/gerentes_emails.xlsx for tasks to queue
[2025-04-27T15:01:14.800+0000] {logging_mixin.py:188} INFO - [2025-04-27T15:01:14.800+0000] {dagbag.py:538} INFO - Filling up the DagBag from /opt/airflow/dags/input/gerentes_emails.xlsx
[2025-04-27T15:01:14.802+0000] {processor.py:842} WARNING - No viable dags retrieved from /opt/airflow/dags/input/gerentes_emails.xlsx
[2025-04-27T15:01:14.811+0000] {processor.py:183} INFO - Processing /opt/airflow/dags/input/gerentes_emails.xlsx took 0.016 seconds
[2025-04-27T15:01:45.053+0000] {processor.py:161} INFO - Started process (PID=77) to work on /opt/airflow/dags/input/gerentes_emails.xlsx
[2025-04-27T15:01:45.054+0000] {processor.py:830} INFO - Processing file /opt/airflow/dags/input/gerentes_emails.xlsx for tasks to queue
[2025-04-27T15:01:45.056+0000] {logging_mixin.py:188} INFO - [2025-04-27T15:01:45.055+0000] {dagbag.py:538} INFO - Filling up the DagBag from /opt/airflow/dags/input/gerentes_emails.xlsx
[2025-04-27T15:01:45.057+0000] {processor.py:842} WARNING - No viable dags retrieved from /opt/airflow/dags/input/gerentes_emails.xlsx
[2025-04-27T15:01:45.069+0000] {processor.py:183} INFO - Processing /opt/airflow/dags/input/gerentes_emails.xlsx took 0.018 seconds
[2025-04-27T15:02:15.305+0000] {processor.py:161} INFO - Started process (PID=86) to work on /opt/airflow/dags/input/gerentes_emails.xlsx
[2025-04-27T15:02:15.305+0000] {processor.py:830} INFO - Processing file /opt/airflow/dags/input/gerentes_emails.xlsx for tasks to queue
[2025-04-27T15:02:15.307+0000] {logging_mixin.py:188} INFO - [2025-04-27T15:02:15.306+0000] {dagbag.py:538} INFO - Filling up the DagBag from /opt/airflow/dags/input/gerentes_emails.xlsx
[2025-04-27T15:02:15.308+0000] {processor.py:842} WARNING - No viable dags retrieved from /opt/airflow/dags/input/gerentes_emails.xlsx
[2025-04-27T15:02:15.318+0000] {processor.py:183} INFO - Processing /opt/airflow/dags/input/gerentes_emails.xlsx took 0.018 seconds
[2025-04-27T15:04:59.983+0000] {processor.py:161} INFO - Started process (PID=63) to work on /opt/airflow/dags/input/gerentes_emails.xlsx
[2025-04-27T15:04:59.985+0000] {processor.py:830} INFO - Processing file /opt/airflow/dags/input/gerentes_emails.xlsx for tasks to queue
[2025-04-27T15:04:59.987+0000] {logging_mixin.py:188} INFO - [2025-04-27T15:04:59.986+0000] {dagbag.py:538} INFO - Filling up the DagBag from /opt/airflow/dags/input/gerentes_emails.xlsx
[2025-04-27T15:04:59.990+0000] {processor.py:842} WARNING - No viable dags retrieved from /opt/airflow/dags/input/gerentes_emails.xlsx
[2025-04-27T15:05:00.001+0000] {processor.py:183} INFO - Processing /opt/airflow/dags/input/gerentes_emails.xlsx took 0.020 seconds
[2025-04-27T15:05:30.193+0000] {processor.py:161} INFO - Started process (PID=71) to work on /opt/airflow/dags/input/gerentes_emails.xlsx
[2025-04-27T15:05:30.194+0000] {processor.py:830} INFO - Processing file /opt/airflow/dags/input/gerentes_emails.xlsx for tasks to queue
[2025-04-27T15:05:30.196+0000] {logging_mixin.py:188} INFO - [2025-04-27T15:05:30.196+0000] {dagbag.py:538} INFO - Filling up the DagBag from /opt/airflow/dags/input/gerentes_emails.xlsx
[2025-04-27T15:05:30.198+0000] {processor.py:842} WARNING - No viable dags retrieved from /opt/airflow/dags/input/gerentes_emails.xlsx
[2025-04-27T15:05:30.208+0000] {processor.py:183} INFO - Processing /opt/airflow/dags/input/gerentes_emails.xlsx took 0.019 seconds
[2025-04-27T15:06:00.438+0000] {processor.py:161} INFO - Started process (PID=80) to work on /opt/airflow/dags/input/gerentes_emails.xlsx
[2025-04-27T15:06:00.438+0000] {processor.py:830} INFO - Processing file /opt/airflow/dags/input/gerentes_emails.xlsx for tasks to queue
[2025-04-27T15:06:00.440+0000] {logging_mixin.py:188} INFO - [2025-04-27T15:06:00.439+0000] {dagbag.py:538} INFO - Filling up the DagBag from /opt/airflow/dags/input/gerentes_emails.xlsx
[2025-04-27T15:06:00.441+0000] {processor.py:842} WARNING - No viable dags retrieved from /opt/airflow/dags/input/gerentes_emails.xlsx
[2025-04-27T15:06:00.449+0000] {processor.py:183} INFO - Processing /opt/airflow/dags/input/gerentes_emails.xlsx took 0.014 seconds
[2025-04-27T15:06:30.697+0000] {processor.py:161} INFO - Started process (PID=89) to work on /opt/airflow/dags/input/gerentes_emails.xlsx
[2025-04-27T15:06:30.698+0000] {processor.py:830} INFO - Processing file /opt/airflow/dags/input/gerentes_emails.xlsx for tasks to queue
[2025-04-27T15:06:30.699+0000] {logging_mixin.py:188} INFO - [2025-04-27T15:06:30.699+0000] {dagbag.py:538} INFO - Filling up the DagBag from /opt/airflow/dags/input/gerentes_emails.xlsx
[2025-04-27T15:06:30.701+0000] {processor.py:842} WARNING - No viable dags retrieved from /opt/airflow/dags/input/gerentes_emails.xlsx
[2025-04-27T15:06:30.711+0000] {processor.py:183} INFO - Processing /opt/airflow/dags/input/gerentes_emails.xlsx took 0.016 seconds
[2025-04-27T15:07:00.955+0000] {processor.py:161} INFO - Started process (PID=98) to work on /opt/airflow/dags/input/gerentes_emails.xlsx
[2025-04-27T15:07:00.956+0000] {processor.py:830} INFO - Processing file /opt/airflow/dags/input/gerentes_emails.xlsx for tasks to queue
[2025-04-27T15:07:00.957+0000] {logging_mixin.py:188} INFO - [2025-04-27T15:07:00.957+0000] {dagbag.py:538} INFO - Filling up the DagBag from /opt/airflow/dags/input/gerentes_emails.xlsx
[2025-04-27T15:07:00.959+0000] {processor.py:842} WARNING - No viable dags retrieved from /opt/airflow/dags/input/gerentes_emails.xlsx
[2025-04-27T15:07:00.968+0000] {processor.py:183} INFO - Processing /opt/airflow/dags/input/gerentes_emails.xlsx took 0.016 seconds
[2025-04-27T15:07:31.207+0000] {processor.py:161} INFO - Started process (PID=113) to work on /opt/airflow/dags/input/gerentes_emails.xlsx
[2025-04-27T15:07:31.208+0000] {processor.py:830} INFO - Processing file /opt/airflow/dags/input/gerentes_emails.xlsx for tasks to queue
[2025-04-27T15:07:31.209+0000] {logging_mixin.py:188} INFO - [2025-04-27T15:07:31.209+0000] {dagbag.py:538} INFO - Filling up the DagBag from /opt/airflow/dags/input/gerentes_emails.xlsx
[2025-04-27T15:07:31.211+0000] {processor.py:842} WARNING - No viable dags retrieved from /opt/airflow/dags/input/gerentes_emails.xlsx
[2025-04-27T15:07:31.220+0000] {processor.py:183} INFO - Processing /opt/airflow/dags/input/gerentes_emails.xlsx took 0.017 seconds
[2025-04-27T15:09:38.055+0000] {processor.py:161} INFO - Started process (PID=62) to work on /opt/airflow/dags/input/gerentes_emails.xlsx
[2025-04-27T15:09:38.056+0000] {processor.py:830} INFO - Processing file /opt/airflow/dags/input/gerentes_emails.xlsx for tasks to queue
[2025-04-27T15:09:38.058+0000] {logging_mixin.py:188} INFO - [2025-04-27T15:09:38.058+0000] {dagbag.py:538} INFO - Filling up the DagBag from /opt/airflow/dags/input/gerentes_emails.xlsx
[2025-04-27T15:09:38.061+0000] {processor.py:842} WARNING - No viable dags retrieved from /opt/airflow/dags/input/gerentes_emails.xlsx
[2025-04-27T15:09:38.081+0000] {processor.py:183} INFO - Processing /opt/airflow/dags/input/gerentes_emails.xlsx took 0.030 seconds
[2025-04-27T15:10:08.321+0000] {processor.py:161} INFO - Started process (PID=70) to work on /opt/airflow/dags/input/gerentes_emails.xlsx
[2025-04-27T15:10:08.322+0000] {processor.py:830} INFO - Processing file /opt/airflow/dags/input/gerentes_emails.xlsx for tasks to queue
[2025-04-27T15:10:08.324+0000] {logging_mixin.py:188} INFO - [2025-04-27T15:10:08.324+0000] {dagbag.py:538} INFO - Filling up the DagBag from /opt/airflow/dags/input/gerentes_emails.xlsx
[2025-04-27T15:10:08.326+0000] {processor.py:842} WARNING - No viable dags retrieved from /opt/airflow/dags/input/gerentes_emails.xlsx
[2025-04-27T15:10:08.335+0000] {processor.py:183} INFO - Processing /opt/airflow/dags/input/gerentes_emails.xlsx took 0.017 seconds
[2025-04-27T15:10:38.560+0000] {processor.py:161} INFO - Started process (PID=79) to work on /opt/airflow/dags/input/gerentes_emails.xlsx
[2025-04-27T15:10:38.561+0000] {processor.py:830} INFO - Processing file /opt/airflow/dags/input/gerentes_emails.xlsx for tasks to queue
[2025-04-27T15:10:38.562+0000] {logging_mixin.py:188} INFO - [2025-04-27T15:10:38.562+0000] {dagbag.py:538} INFO - Filling up the DagBag from /opt/airflow/dags/input/gerentes_emails.xlsx
[2025-04-27T15:10:38.564+0000] {processor.py:842} WARNING - No viable dags retrieved from /opt/airflow/dags/input/gerentes_emails.xlsx
[2025-04-27T15:10:38.574+0000] {processor.py:183} INFO - Processing /opt/airflow/dags/input/gerentes_emails.xlsx took 0.017 seconds
[2025-04-27T15:11:08.782+0000] {processor.py:161} INFO - Started process (PID=88) to work on /opt/airflow/dags/input/gerentes_emails.xlsx
[2025-04-27T15:11:08.782+0000] {processor.py:830} INFO - Processing file /opt/airflow/dags/input/gerentes_emails.xlsx for tasks to queue
[2025-04-27T15:11:08.783+0000] {logging_mixin.py:188} INFO - [2025-04-27T15:11:08.783+0000] {dagbag.py:538} INFO - Filling up the DagBag from /opt/airflow/dags/input/gerentes_emails.xlsx
[2025-04-27T15:11:08.785+0000] {processor.py:842} WARNING - No viable dags retrieved from /opt/airflow/dags/input/gerentes_emails.xlsx
[2025-04-27T15:11:08.793+0000] {processor.py:183} INFO - Processing /opt/airflow/dags/input/gerentes_emails.xlsx took 0.014 seconds
[2025-04-27T15:11:39.005+0000] {processor.py:161} INFO - Started process (PID=97) to work on /opt/airflow/dags/input/gerentes_emails.xlsx
[2025-04-27T15:11:39.006+0000] {processor.py:830} INFO - Processing file /opt/airflow/dags/input/gerentes_emails.xlsx for tasks to queue
[2025-04-27T15:11:39.007+0000] {logging_mixin.py:188} INFO - [2025-04-27T15:11:39.007+0000] {dagbag.py:538} INFO - Filling up the DagBag from /opt/airflow/dags/input/gerentes_emails.xlsx
[2025-04-27T15:11:39.008+0000] {processor.py:842} WARNING - No viable dags retrieved from /opt/airflow/dags/input/gerentes_emails.xlsx
[2025-04-27T15:11:39.015+0000] {processor.py:183} INFO - Processing /opt/airflow/dags/input/gerentes_emails.xlsx took 0.012 seconds
[2025-04-27T15:12:09.269+0000] {processor.py:161} INFO - Started process (PID=106) to work on /opt/airflow/dags/input/gerentes_emails.xlsx
[2025-04-27T15:12:09.269+0000] {processor.py:830} INFO - Processing file /opt/airflow/dags/input/gerentes_emails.xlsx for tasks to queue
[2025-04-27T15:12:09.271+0000] {logging_mixin.py:188} INFO - [2025-04-27T15:12:09.271+0000] {dagbag.py:538} INFO - Filling up the DagBag from /opt/airflow/dags/input/gerentes_emails.xlsx
[2025-04-27T15:12:09.272+0000] {processor.py:842} WARNING - No viable dags retrieved from /opt/airflow/dags/input/gerentes_emails.xlsx
[2025-04-27T15:12:09.281+0000] {processor.py:183} INFO - Processing /opt/airflow/dags/input/gerentes_emails.xlsx took 0.016 seconds
[2025-04-27T15:12:39.534+0000] {processor.py:161} INFO - Started process (PID=115) to work on /opt/airflow/dags/input/gerentes_emails.xlsx
[2025-04-27T15:12:39.534+0000] {processor.py:830} INFO - Processing file /opt/airflow/dags/input/gerentes_emails.xlsx for tasks to queue
[2025-04-27T15:12:39.535+0000] {logging_mixin.py:188} INFO - [2025-04-27T15:12:39.535+0000] {dagbag.py:538} INFO - Filling up the DagBag from /opt/airflow/dags/input/gerentes_emails.xlsx
[2025-04-27T15:12:39.537+0000] {processor.py:842} WARNING - No viable dags retrieved from /opt/airflow/dags/input/gerentes_emails.xlsx
[2025-04-27T15:12:39.545+0000] {processor.py:183} INFO - Processing /opt/airflow/dags/input/gerentes_emails.xlsx took 0.014 seconds
[2025-04-27T15:13:09.806+0000] {processor.py:161} INFO - Started process (PID=124) to work on /opt/airflow/dags/input/gerentes_emails.xlsx
[2025-04-27T15:13:09.806+0000] {processor.py:830} INFO - Processing file /opt/airflow/dags/input/gerentes_emails.xlsx for tasks to queue
[2025-04-27T15:13:09.808+0000] {logging_mixin.py:188} INFO - [2025-04-27T15:13:09.808+0000] {dagbag.py:538} INFO - Filling up the DagBag from /opt/airflow/dags/input/gerentes_emails.xlsx
[2025-04-27T15:13:09.810+0000] {processor.py:842} WARNING - No viable dags retrieved from /opt/airflow/dags/input/gerentes_emails.xlsx
[2025-04-27T15:13:09.819+0000] {processor.py:183} INFO - Processing /opt/airflow/dags/input/gerentes_emails.xlsx took 0.017 seconds
[2025-04-27T15:13:40.051+0000] {processor.py:161} INFO - Started process (PID=133) to work on /opt/airflow/dags/input/gerentes_emails.xlsx
[2025-04-27T15:13:40.051+0000] {processor.py:830} INFO - Processing file /opt/airflow/dags/input/gerentes_emails.xlsx for tasks to queue
[2025-04-27T15:13:40.053+0000] {logging_mixin.py:188} INFO - [2025-04-27T15:13:40.053+0000] {dagbag.py:538} INFO - Filling up the DagBag from /opt/airflow/dags/input/gerentes_emails.xlsx
[2025-04-27T15:13:40.054+0000] {processor.py:842} WARNING - No viable dags retrieved from /opt/airflow/dags/input/gerentes_emails.xlsx
[2025-04-27T15:13:40.065+0000] {processor.py:183} INFO - Processing /opt/airflow/dags/input/gerentes_emails.xlsx took 0.018 seconds
[2025-04-27T15:14:10.294+0000] {processor.py:161} INFO - Started process (PID=142) to work on /opt/airflow/dags/input/gerentes_emails.xlsx
[2025-04-27T15:14:10.294+0000] {processor.py:830} INFO - Processing file /opt/airflow/dags/input/gerentes_emails.xlsx for tasks to queue
[2025-04-27T15:14:10.296+0000] {logging_mixin.py:188} INFO - [2025-04-27T15:14:10.296+0000] {dagbag.py:538} INFO - Filling up the DagBag from /opt/airflow/dags/input/gerentes_emails.xlsx
[2025-04-27T15:14:10.298+0000] {processor.py:842} WARNING - No viable dags retrieved from /opt/airflow/dags/input/gerentes_emails.xlsx
[2025-04-27T15:14:10.310+0000] {processor.py:183} INFO - Processing /opt/airflow/dags/input/gerentes_emails.xlsx took 0.019 seconds
[2025-04-27T15:14:40.556+0000] {processor.py:161} INFO - Started process (PID=151) to work on /opt/airflow/dags/input/gerentes_emails.xlsx
[2025-04-27T15:14:40.557+0000] {processor.py:830} INFO - Processing file /opt/airflow/dags/input/gerentes_emails.xlsx for tasks to queue
[2025-04-27T15:14:40.559+0000] {logging_mixin.py:188} INFO - [2025-04-27T15:14:40.558+0000] {dagbag.py:538} INFO - Filling up the DagBag from /opt/airflow/dags/input/gerentes_emails.xlsx
[2025-04-27T15:14:40.560+0000] {processor.py:842} WARNING - No viable dags retrieved from /opt/airflow/dags/input/gerentes_emails.xlsx
[2025-04-27T15:14:40.571+0000] {processor.py:183} INFO - Processing /opt/airflow/dags/input/gerentes_emails.xlsx took 0.018 seconds
[2025-04-27T15:15:10.787+0000] {processor.py:161} INFO - Started process (PID=160) to work on /opt/airflow/dags/input/gerentes_emails.xlsx
[2025-04-27T15:15:10.788+0000] {processor.py:830} INFO - Processing file /opt/airflow/dags/input/gerentes_emails.xlsx for tasks to queue
[2025-04-27T15:15:10.789+0000] {logging_mixin.py:188} INFO - [2025-04-27T15:15:10.789+0000] {dagbag.py:538} INFO - Filling up the DagBag from /opt/airflow/dags/input/gerentes_emails.xlsx
[2025-04-27T15:15:10.790+0000] {processor.py:842} WARNING - No viable dags retrieved from /opt/airflow/dags/input/gerentes_emails.xlsx
[2025-04-27T15:15:10.800+0000] {processor.py:183} INFO - Processing /opt/airflow/dags/input/gerentes_emails.xlsx took 0.016 seconds
[2025-04-27T15:18:45.458+0000] {processor.py:161} INFO - Started process (PID=61) to work on /opt/airflow/dags/input/gerentes_emails.xlsx
[2025-04-27T15:18:45.459+0000] {processor.py:830} INFO - Processing file /opt/airflow/dags/input/gerentes_emails.xlsx for tasks to queue
[2025-04-27T15:18:45.463+0000] {logging_mixin.py:188} INFO - [2025-04-27T15:18:45.462+0000] {dagbag.py:538} INFO - Filling up the DagBag from /opt/airflow/dags/input/gerentes_emails.xlsx
[2025-04-27T15:18:45.468+0000] {processor.py:842} WARNING - No viable dags retrieved from /opt/airflow/dags/input/gerentes_emails.xlsx
[2025-04-27T15:18:45.483+0000] {processor.py:183} INFO - Processing /opt/airflow/dags/input/gerentes_emails.xlsx took 0.029 seconds
[2025-04-27T15:19:15.689+0000] {processor.py:161} INFO - Started process (PID=69) to work on /opt/airflow/dags/input/gerentes_emails.xlsx
[2025-04-27T15:19:15.690+0000] {processor.py:830} INFO - Processing file /opt/airflow/dags/input/gerentes_emails.xlsx for tasks to queue
[2025-04-27T15:19:15.691+0000] {logging_mixin.py:188} INFO - [2025-04-27T15:19:15.691+0000] {dagbag.py:538} INFO - Filling up the DagBag from /opt/airflow/dags/input/gerentes_emails.xlsx
[2025-04-27T15:19:15.692+0000] {processor.py:842} WARNING - No viable dags retrieved from /opt/airflow/dags/input/gerentes_emails.xlsx
[2025-04-27T15:19:15.699+0000] {processor.py:183} INFO - Processing /opt/airflow/dags/input/gerentes_emails.xlsx took 0.012 seconds
[2025-04-27T15:19:45.916+0000] {processor.py:161} INFO - Started process (PID=78) to work on /opt/airflow/dags/input/gerentes_emails.xlsx
[2025-04-27T15:19:45.917+0000] {processor.py:830} INFO - Processing file /opt/airflow/dags/input/gerentes_emails.xlsx for tasks to queue
[2025-04-27T15:19:45.919+0000] {logging_mixin.py:188} INFO - [2025-04-27T15:19:45.918+0000] {dagbag.py:538} INFO - Filling up the DagBag from /opt/airflow/dags/input/gerentes_emails.xlsx
[2025-04-27T15:19:45.920+0000] {processor.py:842} WARNING - No viable dags retrieved from /opt/airflow/dags/input/gerentes_emails.xlsx
[2025-04-27T15:19:45.930+0000] {processor.py:183} INFO - Processing /opt/airflow/dags/input/gerentes_emails.xlsx took 0.016 seconds
[2025-04-27T15:20:16.178+0000] {processor.py:161} INFO - Started process (PID=87) to work on /opt/airflow/dags/input/gerentes_emails.xlsx
[2025-04-27T15:20:16.179+0000] {processor.py:830} INFO - Processing file /opt/airflow/dags/input/gerentes_emails.xlsx for tasks to queue
[2025-04-27T15:20:16.181+0000] {logging_mixin.py:188} INFO - [2025-04-27T15:20:16.180+0000] {dagbag.py:538} INFO - Filling up the DagBag from /opt/airflow/dags/input/gerentes_emails.xlsx
[2025-04-27T15:20:16.183+0000] {processor.py:842} WARNING - No viable dags retrieved from /opt/airflow/dags/input/gerentes_emails.xlsx
[2025-04-27T15:20:16.194+0000] {processor.py:183} INFO - Processing /opt/airflow/dags/input/gerentes_emails.xlsx took 0.020 seconds
[2025-04-27T15:20:46.459+0000] {processor.py:161} INFO - Started process (PID=96) to work on /opt/airflow/dags/input/gerentes_emails.xlsx
[2025-04-27T15:20:46.460+0000] {processor.py:830} INFO - Processing file /opt/airflow/dags/input/gerentes_emails.xlsx for tasks to queue
[2025-04-27T15:20:46.461+0000] {logging_mixin.py:188} INFO - [2025-04-27T15:20:46.461+0000] {dagbag.py:538} INFO - Filling up the DagBag from /opt/airflow/dags/input/gerentes_emails.xlsx
[2025-04-27T15:20:46.462+0000] {processor.py:842} WARNING - No viable dags retrieved from /opt/airflow/dags/input/gerentes_emails.xlsx
[2025-04-27T15:20:46.473+0000] {processor.py:183} INFO - Processing /opt/airflow/dags/input/gerentes_emails.xlsx took 0.017 seconds
[2025-04-27T15:21:16.761+0000] {processor.py:161} INFO - Started process (PID=105) to work on /opt/airflow/dags/input/gerentes_emails.xlsx
[2025-04-27T15:21:16.762+0000] {processor.py:830} INFO - Processing file /opt/airflow/dags/input/gerentes_emails.xlsx for tasks to queue
[2025-04-27T15:21:16.764+0000] {logging_mixin.py:188} INFO - [2025-04-27T15:21:16.764+0000] {dagbag.py:538} INFO - Filling up the DagBag from /opt/airflow/dags/input/gerentes_emails.xlsx
[2025-04-27T15:21:16.766+0000] {processor.py:842} WARNING - No viable dags retrieved from /opt/airflow/dags/input/gerentes_emails.xlsx
[2025-04-27T15:21:16.777+0000] {processor.py:183} INFO - Processing /opt/airflow/dags/input/gerentes_emails.xlsx took 0.019 seconds
[2025-04-27T15:21:47.053+0000] {processor.py:161} INFO - Started process (PID=114) to work on /opt/airflow/dags/input/gerentes_emails.xlsx
[2025-04-27T15:21:47.053+0000] {processor.py:830} INFO - Processing file /opt/airflow/dags/input/gerentes_emails.xlsx for tasks to queue
[2025-04-27T15:21:47.055+0000] {logging_mixin.py:188} INFO - [2025-04-27T15:21:47.055+0000] {dagbag.py:538} INFO - Filling up the DagBag from /opt/airflow/dags/input/gerentes_emails.xlsx
[2025-04-27T15:21:47.057+0000] {processor.py:842} WARNING - No viable dags retrieved from /opt/airflow/dags/input/gerentes_emails.xlsx
[2025-04-27T15:21:47.068+0000] {processor.py:183} INFO - Processing /opt/airflow/dags/input/gerentes_emails.xlsx took 0.018 seconds
[2025-04-27T15:22:17.325+0000] {processor.py:161} INFO - Started process (PID=123) to work on /opt/airflow/dags/input/gerentes_emails.xlsx
[2025-04-27T15:22:17.326+0000] {processor.py:830} INFO - Processing file /opt/airflow/dags/input/gerentes_emails.xlsx for tasks to queue
[2025-04-27T15:22:17.328+0000] {logging_mixin.py:188} INFO - [2025-04-27T15:22:17.327+0000] {dagbag.py:538} INFO - Filling up the DagBag from /opt/airflow/dags/input/gerentes_emails.xlsx
[2025-04-27T15:22:17.329+0000] {processor.py:842} WARNING - No viable dags retrieved from /opt/airflow/dags/input/gerentes_emails.xlsx
[2025-04-27T15:22:17.341+0000] {processor.py:183} INFO - Processing /opt/airflow/dags/input/gerentes_emails.xlsx took 0.019 seconds
[2025-04-27T15:22:47.586+0000] {processor.py:161} INFO - Started process (PID=132) to work on /opt/airflow/dags/input/gerentes_emails.xlsx
[2025-04-27T15:22:47.586+0000] {processor.py:830} INFO - Processing file /opt/airflow/dags/input/gerentes_emails.xlsx for tasks to queue
[2025-04-27T15:22:47.588+0000] {logging_mixin.py:188} INFO - [2025-04-27T15:22:47.588+0000] {dagbag.py:538} INFO - Filling up the DagBag from /opt/airflow/dags/input/gerentes_emails.xlsx
[2025-04-27T15:22:47.590+0000] {processor.py:842} WARNING - No viable dags retrieved from /opt/airflow/dags/input/gerentes_emails.xlsx
[2025-04-27T15:22:47.602+0000] {processor.py:183} INFO - Processing /opt/airflow/dags/input/gerentes_emails.xlsx took 0.021 seconds
[2025-04-27T15:23:17.854+0000] {processor.py:161} INFO - Started process (PID=141) to work on /opt/airflow/dags/input/gerentes_emails.xlsx
[2025-04-27T15:23:17.855+0000] {processor.py:830} INFO - Processing file /opt/airflow/dags/input/gerentes_emails.xlsx for tasks to queue
[2025-04-27T15:23:17.857+0000] {logging_mixin.py:188} INFO - [2025-04-27T15:23:17.856+0000] {dagbag.py:538} INFO - Filling up the DagBag from /opt/airflow/dags/input/gerentes_emails.xlsx
[2025-04-27T15:23:17.858+0000] {processor.py:842} WARNING - No viable dags retrieved from /opt/airflow/dags/input/gerentes_emails.xlsx
[2025-04-27T15:23:17.869+0000] {processor.py:183} INFO - Processing /opt/airflow/dags/input/gerentes_emails.xlsx took 0.018 seconds
[2025-04-27T15:23:48.358+0000] {processor.py:161} INFO - Started process (PID=152) to work on /opt/airflow/dags/input/gerentes_emails.xlsx
[2025-04-27T15:23:48.359+0000] {processor.py:830} INFO - Processing file /opt/airflow/dags/input/gerentes_emails.xlsx for tasks to queue
[2025-04-27T15:23:48.361+0000] {logging_mixin.py:188} INFO - [2025-04-27T15:23:48.361+0000] {dagbag.py:538} INFO - Filling up the DagBag from /opt/airflow/dags/input/gerentes_emails.xlsx
[2025-04-27T15:23:48.363+0000] {processor.py:842} WARNING - No viable dags retrieved from /opt/airflow/dags/input/gerentes_emails.xlsx
[2025-04-27T15:23:48.373+0000] {processor.py:183} INFO - Processing /opt/airflow/dags/input/gerentes_emails.xlsx took 0.019 seconds
[2025-04-27T15:24:18.631+0000] {processor.py:161} INFO - Started process (PID=161) to work on /opt/airflow/dags/input/gerentes_emails.xlsx
[2025-04-27T15:24:18.632+0000] {processor.py:830} INFO - Processing file /opt/airflow/dags/input/gerentes_emails.xlsx for tasks to queue
[2025-04-27T15:24:18.635+0000] {logging_mixin.py:188} INFO - [2025-04-27T15:24:18.635+0000] {dagbag.py:538} INFO - Filling up the DagBag from /opt/airflow/dags/input/gerentes_emails.xlsx
[2025-04-27T15:24:18.637+0000] {processor.py:842} WARNING - No viable dags retrieved from /opt/airflow/dags/input/gerentes_emails.xlsx
[2025-04-27T15:24:18.649+0000] {processor.py:183} INFO - Processing /opt/airflow/dags/input/gerentes_emails.xlsx took 0.022 seconds
[2025-04-27T15:24:48.897+0000] {processor.py:161} INFO - Started process (PID=170) to work on /opt/airflow/dags/input/gerentes_emails.xlsx
[2025-04-27T15:24:48.897+0000] {processor.py:830} INFO - Processing file /opt/airflow/dags/input/gerentes_emails.xlsx for tasks to queue
[2025-04-27T15:24:48.900+0000] {logging_mixin.py:188} INFO - [2025-04-27T15:24:48.900+0000] {dagbag.py:538} INFO - Filling up the DagBag from /opt/airflow/dags/input/gerentes_emails.xlsx
[2025-04-27T15:24:48.902+0000] {processor.py:842} WARNING - No viable dags retrieved from /opt/airflow/dags/input/gerentes_emails.xlsx
[2025-04-27T15:24:48.914+0000] {processor.py:183} INFO - Processing /opt/airflow/dags/input/gerentes_emails.xlsx took 0.021 seconds
[2025-04-27T15:25:19.194+0000] {processor.py:161} INFO - Started process (PID=179) to work on /opt/airflow/dags/input/gerentes_emails.xlsx
[2025-04-27T15:25:19.195+0000] {processor.py:830} INFO - Processing file /opt/airflow/dags/input/gerentes_emails.xlsx for tasks to queue
[2025-04-27T15:25:19.197+0000] {logging_mixin.py:188} INFO - [2025-04-27T15:25:19.197+0000] {dagbag.py:538} INFO - Filling up the DagBag from /opt/airflow/dags/input/gerentes_emails.xlsx
[2025-04-27T15:25:19.199+0000] {processor.py:842} WARNING - No viable dags retrieved from /opt/airflow/dags/input/gerentes_emails.xlsx
[2025-04-27T15:25:19.209+0000] {processor.py:183} INFO - Processing /opt/airflow/dags/input/gerentes_emails.xlsx took 0.018 seconds
[2025-04-27T15:25:49.497+0000] {processor.py:161} INFO - Started process (PID=188) to work on /opt/airflow/dags/input/gerentes_emails.xlsx
[2025-04-27T15:25:49.497+0000] {processor.py:830} INFO - Processing file /opt/airflow/dags/input/gerentes_emails.xlsx for tasks to queue
[2025-04-27T15:25:49.499+0000] {logging_mixin.py:188} INFO - [2025-04-27T15:25:49.499+0000] {dagbag.py:538} INFO - Filling up the DagBag from /opt/airflow/dags/input/gerentes_emails.xlsx
[2025-04-27T15:25:49.500+0000] {processor.py:842} WARNING - No viable dags retrieved from /opt/airflow/dags/input/gerentes_emails.xlsx
[2025-04-27T15:25:49.509+0000] {processor.py:183} INFO - Processing /opt/airflow/dags/input/gerentes_emails.xlsx took 0.015 seconds
[2025-04-27T15:26:19.780+0000] {processor.py:161} INFO - Started process (PID=196) to work on /opt/airflow/dags/input/gerentes_emails.xlsx
[2025-04-27T15:26:19.781+0000] {processor.py:830} INFO - Processing file /opt/airflow/dags/input/gerentes_emails.xlsx for tasks to queue
[2025-04-27T15:26:19.783+0000] {logging_mixin.py:188} INFO - [2025-04-27T15:26:19.783+0000] {dagbag.py:538} INFO - Filling up the DagBag from /opt/airflow/dags/input/gerentes_emails.xlsx
[2025-04-27T15:26:19.785+0000] {processor.py:842} WARNING - No viable dags retrieved from /opt/airflow/dags/input/gerentes_emails.xlsx
[2025-04-27T15:26:19.798+0000] {processor.py:183} INFO - Processing /opt/airflow/dags/input/gerentes_emails.xlsx took 0.023 seconds
[2025-04-27T15:26:50.040+0000] {processor.py:161} INFO - Started process (PID=205) to work on /opt/airflow/dags/input/gerentes_emails.xlsx
[2025-04-27T15:26:50.040+0000] {processor.py:830} INFO - Processing file /opt/airflow/dags/input/gerentes_emails.xlsx for tasks to queue
[2025-04-27T15:26:50.042+0000] {logging_mixin.py:188} INFO - [2025-04-27T15:26:50.042+0000] {dagbag.py:538} INFO - Filling up the DagBag from /opt/airflow/dags/input/gerentes_emails.xlsx
[2025-04-27T15:26:50.045+0000] {processor.py:842} WARNING - No viable dags retrieved from /opt/airflow/dags/input/gerentes_emails.xlsx
[2025-04-27T15:26:50.056+0000] {processor.py:183} INFO - Processing /opt/airflow/dags/input/gerentes_emails.xlsx took 0.020 seconds
[2025-04-27T15:27:20.325+0000] {processor.py:161} INFO - Started process (PID=214) to work on /opt/airflow/dags/input/gerentes_emails.xlsx
[2025-04-27T15:27:20.326+0000] {processor.py:830} INFO - Processing file /opt/airflow/dags/input/gerentes_emails.xlsx for tasks to queue
[2025-04-27T15:27:20.327+0000] {logging_mixin.py:188} INFO - [2025-04-27T15:27:20.327+0000] {dagbag.py:538} INFO - Filling up the DagBag from /opt/airflow/dags/input/gerentes_emails.xlsx
[2025-04-27T15:27:20.329+0000] {processor.py:842} WARNING - No viable dags retrieved from /opt/airflow/dags/input/gerentes_emails.xlsx
[2025-04-27T15:27:20.340+0000] {processor.py:183} INFO - Processing /opt/airflow/dags/input/gerentes_emails.xlsx took 0.018 seconds
[2025-04-27T15:27:50.615+0000] {processor.py:161} INFO - Started process (PID=223) to work on /opt/airflow/dags/input/gerentes_emails.xlsx
[2025-04-27T15:27:50.615+0000] {processor.py:830} INFO - Processing file /opt/airflow/dags/input/gerentes_emails.xlsx for tasks to queue
[2025-04-27T15:27:50.618+0000] {logging_mixin.py:188} INFO - [2025-04-27T15:27:50.617+0000] {dagbag.py:538} INFO - Filling up the DagBag from /opt/airflow/dags/input/gerentes_emails.xlsx
[2025-04-27T15:27:50.620+0000] {processor.py:842} WARNING - No viable dags retrieved from /opt/airflow/dags/input/gerentes_emails.xlsx
[2025-04-27T15:27:50.642+0000] {processor.py:183} INFO - Processing /opt/airflow/dags/input/gerentes_emails.xlsx took 0.031 seconds
[2025-04-27T15:28:20.884+0000] {processor.py:161} INFO - Started process (PID=238) to work on /opt/airflow/dags/input/gerentes_emails.xlsx
[2025-04-27T15:28:20.884+0000] {processor.py:830} INFO - Processing file /opt/airflow/dags/input/gerentes_emails.xlsx for tasks to queue
[2025-04-27T15:28:20.886+0000] {logging_mixin.py:188} INFO - [2025-04-27T15:28:20.886+0000] {dagbag.py:538} INFO - Filling up the DagBag from /opt/airflow/dags/input/gerentes_emails.xlsx
[2025-04-27T15:28:20.888+0000] {processor.py:842} WARNING - No viable dags retrieved from /opt/airflow/dags/input/gerentes_emails.xlsx
[2025-04-27T15:28:20.896+0000] {processor.py:183} INFO - Processing /opt/airflow/dags/input/gerentes_emails.xlsx took 0.015 seconds
[2025-04-27T15:28:51.427+0000] {processor.py:161} INFO - Started process (PID=249) to work on /opt/airflow/dags/input/gerentes_emails.xlsx
[2025-04-27T15:28:51.428+0000] {processor.py:830} INFO - Processing file /opt/airflow/dags/input/gerentes_emails.xlsx for tasks to queue
[2025-04-27T15:28:51.429+0000] {logging_mixin.py:188} INFO - [2025-04-27T15:28:51.429+0000] {dagbag.py:538} INFO - Filling up the DagBag from /opt/airflow/dags/input/gerentes_emails.xlsx
[2025-04-27T15:28:51.430+0000] {processor.py:842} WARNING - No viable dags retrieved from /opt/airflow/dags/input/gerentes_emails.xlsx
[2025-04-27T15:28:51.438+0000] {processor.py:183} INFO - Processing /opt/airflow/dags/input/gerentes_emails.xlsx took 0.013 seconds
[2025-04-27T15:29:21.693+0000] {processor.py:161} INFO - Started process (PID=258) to work on /opt/airflow/dags/input/gerentes_emails.xlsx
[2025-04-27T15:29:21.694+0000] {processor.py:830} INFO - Processing file /opt/airflow/dags/input/gerentes_emails.xlsx for tasks to queue
[2025-04-27T15:29:21.695+0000] {logging_mixin.py:188} INFO - [2025-04-27T15:29:21.695+0000] {dagbag.py:538} INFO - Filling up the DagBag from /opt/airflow/dags/input/gerentes_emails.xlsx
[2025-04-27T15:29:21.697+0000] {processor.py:842} WARNING - No viable dags retrieved from /opt/airflow/dags/input/gerentes_emails.xlsx
[2025-04-27T15:29:21.706+0000] {processor.py:183} INFO - Processing /opt/airflow/dags/input/gerentes_emails.xlsx took 0.016 seconds
[2025-04-27T15:29:51.983+0000] {processor.py:161} INFO - Started process (PID=267) to work on /opt/airflow/dags/input/gerentes_emails.xlsx
[2025-04-27T15:29:51.983+0000] {processor.py:830} INFO - Processing file /opt/airflow/dags/input/gerentes_emails.xlsx for tasks to queue
[2025-04-27T15:29:51.984+0000] {logging_mixin.py:188} INFO - [2025-04-27T15:29:51.984+0000] {dagbag.py:538} INFO - Filling up the DagBag from /opt/airflow/dags/input/gerentes_emails.xlsx
[2025-04-27T15:29:51.985+0000] {processor.py:842} WARNING - No viable dags retrieved from /opt/airflow/dags/input/gerentes_emails.xlsx
[2025-04-27T15:29:51.990+0000] {processor.py:183} INFO - Processing /opt/airflow/dags/input/gerentes_emails.xlsx took 0.009 seconds
[2025-04-27T15:31:30.739+0000] {processor.py:161} INFO - Started process (PID=62) to work on /opt/airflow/dags/input/gerentes_emails.xlsx
[2025-04-27T15:31:30.740+0000] {processor.py:830} INFO - Processing file /opt/airflow/dags/input/gerentes_emails.xlsx for tasks to queue
[2025-04-27T15:31:30.742+0000] {logging_mixin.py:188} INFO - [2025-04-27T15:31:30.742+0000] {dagbag.py:538} INFO - Filling up the DagBag from /opt/airflow/dags/input/gerentes_emails.xlsx
[2025-04-27T15:31:30.746+0000] {processor.py:842} WARNING - No viable dags retrieved from /opt/airflow/dags/input/gerentes_emails.xlsx
[2025-04-27T15:31:30.763+0000] {processor.py:183} INFO - Processing /opt/airflow/dags/input/gerentes_emails.xlsx took 0.026 seconds
[2025-04-27T15:32:01.094+0000] {processor.py:161} INFO - Started process (PID=70) to work on /opt/airflow/dags/input/gerentes_emails.xlsx
[2025-04-27T15:32:01.095+0000] {processor.py:830} INFO - Processing file /opt/airflow/dags/input/gerentes_emails.xlsx for tasks to queue
[2025-04-27T15:32:01.097+0000] {logging_mixin.py:188} INFO - [2025-04-27T15:32:01.096+0000] {dagbag.py:538} INFO - Filling up the DagBag from /opt/airflow/dags/input/gerentes_emails.xlsx
[2025-04-27T15:32:01.098+0000] {processor.py:842} WARNING - No viable dags retrieved from /opt/airflow/dags/input/gerentes_emails.xlsx
[2025-04-27T15:32:01.107+0000] {processor.py:183} INFO - Processing /opt/airflow/dags/input/gerentes_emails.xlsx took 0.015 seconds
[2025-04-27T15:32:31.443+0000] {processor.py:161} INFO - Started process (PID=80) to work on /opt/airflow/dags/input/gerentes_emails.xlsx
[2025-04-27T15:32:31.444+0000] {processor.py:830} INFO - Processing file /opt/airflow/dags/input/gerentes_emails.xlsx for tasks to queue
[2025-04-27T15:32:31.445+0000] {logging_mixin.py:188} INFO - [2025-04-27T15:32:31.445+0000] {dagbag.py:538} INFO - Filling up the DagBag from /opt/airflow/dags/input/gerentes_emails.xlsx
[2025-04-27T15:32:31.450+0000] {processor.py:842} WARNING - No viable dags retrieved from /opt/airflow/dags/input/gerentes_emails.xlsx
[2025-04-27T15:32:31.458+0000] {processor.py:183} INFO - Processing /opt/airflow/dags/input/gerentes_emails.xlsx took 0.017 seconds
[2025-04-27T15:33:01.807+0000] {processor.py:161} INFO - Started process (PID=89) to work on /opt/airflow/dags/input/gerentes_emails.xlsx
[2025-04-27T15:33:01.808+0000] {processor.py:830} INFO - Processing file /opt/airflow/dags/input/gerentes_emails.xlsx for tasks to queue
[2025-04-27T15:33:01.809+0000] {logging_mixin.py:188} INFO - [2025-04-27T15:33:01.809+0000] {dagbag.py:538} INFO - Filling up the DagBag from /opt/airflow/dags/input/gerentes_emails.xlsx
[2025-04-27T15:33:01.812+0000] {processor.py:842} WARNING - No viable dags retrieved from /opt/airflow/dags/input/gerentes_emails.xlsx
[2025-04-27T15:33:01.821+0000] {processor.py:183} INFO - Processing /opt/airflow/dags/input/gerentes_emails.xlsx took 0.017 seconds
[2025-04-27T15:33:32.174+0000] {processor.py:161} INFO - Started process (PID=98) to work on /opt/airflow/dags/input/gerentes_emails.xlsx
[2025-04-27T15:33:32.175+0000] {processor.py:830} INFO - Processing file /opt/airflow/dags/input/gerentes_emails.xlsx for tasks to queue
[2025-04-27T15:33:32.176+0000] {logging_mixin.py:188} INFO - [2025-04-27T15:33:32.176+0000] {dagbag.py:538} INFO - Filling up the DagBag from /opt/airflow/dags/input/gerentes_emails.xlsx
[2025-04-27T15:33:32.179+0000] {processor.py:842} WARNING - No viable dags retrieved from /opt/airflow/dags/input/gerentes_emails.xlsx
[2025-04-27T15:33:32.187+0000] {processor.py:183} INFO - Processing /opt/airflow/dags/input/gerentes_emails.xlsx took 0.015 seconds
[2025-04-27T15:34:02.457+0000] {processor.py:161} INFO - Started process (PID=107) to work on /opt/airflow/dags/input/gerentes_emails.xlsx
[2025-04-27T15:34:02.460+0000] {processor.py:830} INFO - Processing file /opt/airflow/dags/input/gerentes_emails.xlsx for tasks to queue
[2025-04-27T15:34:02.463+0000] {logging_mixin.py:188} INFO - [2025-04-27T15:34:02.463+0000] {dagbag.py:538} INFO - Filling up the DagBag from /opt/airflow/dags/input/gerentes_emails.xlsx
[2025-04-27T15:34:02.466+0000] {processor.py:842} WARNING - No viable dags retrieved from /opt/airflow/dags/input/gerentes_emails.xlsx
[2025-04-27T15:34:02.475+0000] {processor.py:183} INFO - Processing /opt/airflow/dags/input/gerentes_emails.xlsx took 0.020 seconds
[2025-04-27T15:34:32.769+0000] {processor.py:161} INFO - Started process (PID=116) to work on /opt/airflow/dags/input/gerentes_emails.xlsx
[2025-04-27T15:34:32.770+0000] {processor.py:830} INFO - Processing file /opt/airflow/dags/input/gerentes_emails.xlsx for tasks to queue
[2025-04-27T15:34:32.772+0000] {logging_mixin.py:188} INFO - [2025-04-27T15:34:32.771+0000] {dagbag.py:538} INFO - Filling up the DagBag from /opt/airflow/dags/input/gerentes_emails.xlsx
[2025-04-27T15:34:32.778+0000] {processor.py:842} WARNING - No viable dags retrieved from /opt/airflow/dags/input/gerentes_emails.xlsx
[2025-04-27T15:34:32.787+0000] {processor.py:183} INFO - Processing /opt/airflow/dags/input/gerentes_emails.xlsx took 0.022 seconds
[2025-04-27T15:35:03.165+0000] {processor.py:161} INFO - Started process (PID=125) to work on /opt/airflow/dags/input/gerentes_emails.xlsx
[2025-04-27T15:35:03.169+0000] {processor.py:830} INFO - Processing file /opt/airflow/dags/input/gerentes_emails.xlsx for tasks to queue
[2025-04-27T15:35:03.170+0000] {logging_mixin.py:188} INFO - [2025-04-27T15:35:03.170+0000] {dagbag.py:538} INFO - Filling up the DagBag from /opt/airflow/dags/input/gerentes_emails.xlsx
[2025-04-27T15:35:03.171+0000] {processor.py:842} WARNING - No viable dags retrieved from /opt/airflow/dags/input/gerentes_emails.xlsx
[2025-04-27T15:35:03.179+0000] {processor.py:183} INFO - Processing /opt/airflow/dags/input/gerentes_emails.xlsx took 0.017 seconds
[2025-04-27T15:35:33.519+0000] {processor.py:161} INFO - Started process (PID=134) to work on /opt/airflow/dags/input/gerentes_emails.xlsx
[2025-04-27T15:35:33.520+0000] {processor.py:830} INFO - Processing file /opt/airflow/dags/input/gerentes_emails.xlsx for tasks to queue
[2025-04-27T15:35:33.522+0000] {logging_mixin.py:188} INFO - [2025-04-27T15:35:33.522+0000] {dagbag.py:538} INFO - Filling up the DagBag from /opt/airflow/dags/input/gerentes_emails.xlsx
[2025-04-27T15:35:33.527+0000] {processor.py:842} WARNING - No viable dags retrieved from /opt/airflow/dags/input/gerentes_emails.xlsx
[2025-04-27T15:35:33.537+0000] {processor.py:183} INFO - Processing /opt/airflow/dags/input/gerentes_emails.xlsx took 0.022 seconds
[2025-04-27T15:36:03.820+0000] {processor.py:161} INFO - Started process (PID=144) to work on /opt/airflow/dags/input/gerentes_emails.xlsx
[2025-04-27T15:36:03.822+0000] {processor.py:830} INFO - Processing file /opt/airflow/dags/input/gerentes_emails.xlsx for tasks to queue
[2025-04-27T15:36:03.826+0000] {logging_mixin.py:188} INFO - [2025-04-27T15:36:03.826+0000] {dagbag.py:538} INFO - Filling up the DagBag from /opt/airflow/dags/input/gerentes_emails.xlsx
[2025-04-27T15:36:03.836+0000] {processor.py:842} WARNING - No viable dags retrieved from /opt/airflow/dags/input/gerentes_emails.xlsx
[2025-04-27T15:36:03.844+0000] {processor.py:183} INFO - Processing /opt/airflow/dags/input/gerentes_emails.xlsx took 0.027 seconds
[2025-04-27T15:36:34.288+0000] {processor.py:161} INFO - Started process (PID=160) to work on /opt/airflow/dags/input/gerentes_emails.xlsx
[2025-04-27T15:36:34.289+0000] {processor.py:830} INFO - Processing file /opt/airflow/dags/input/gerentes_emails.xlsx for tasks to queue
[2025-04-27T15:36:34.290+0000] {logging_mixin.py:188} INFO - [2025-04-27T15:36:34.290+0000] {dagbag.py:538} INFO - Filling up the DagBag from /opt/airflow/dags/input/gerentes_emails.xlsx
[2025-04-27T15:36:34.294+0000] {processor.py:842} WARNING - No viable dags retrieved from /opt/airflow/dags/input/gerentes_emails.xlsx
[2025-04-27T15:36:34.303+0000] {processor.py:183} INFO - Processing /opt/airflow/dags/input/gerentes_emails.xlsx took 0.019 seconds
[2025-04-27T15:37:04.757+0000] {processor.py:161} INFO - Started process (PID=176) to work on /opt/airflow/dags/input/gerentes_emails.xlsx
[2025-04-27T15:37:04.757+0000] {processor.py:830} INFO - Processing file /opt/airflow/dags/input/gerentes_emails.xlsx for tasks to queue
[2025-04-27T15:37:04.759+0000] {logging_mixin.py:188} INFO - [2025-04-27T15:37:04.758+0000] {dagbag.py:538} INFO - Filling up the DagBag from /opt/airflow/dags/input/gerentes_emails.xlsx
[2025-04-27T15:37:04.764+0000] {processor.py:842} WARNING - No viable dags retrieved from /opt/airflow/dags/input/gerentes_emails.xlsx
[2025-04-27T15:37:04.773+0000] {processor.py:183} INFO - Processing /opt/airflow/dags/input/gerentes_emails.xlsx took 0.020 seconds
[2025-04-27T15:37:35.212+0000] {processor.py:161} INFO - Started process (PID=192) to work on /opt/airflow/dags/input/gerentes_emails.xlsx
[2025-04-27T15:37:35.213+0000] {processor.py:830} INFO - Processing file /opt/airflow/dags/input/gerentes_emails.xlsx for tasks to queue
[2025-04-27T15:37:35.214+0000] {logging_mixin.py:188} INFO - [2025-04-27T15:37:35.214+0000] {dagbag.py:538} INFO - Filling up the DagBag from /opt/airflow/dags/input/gerentes_emails.xlsx
[2025-04-27T15:37:35.218+0000] {processor.py:842} WARNING - No viable dags retrieved from /opt/airflow/dags/input/gerentes_emails.xlsx
[2025-04-27T15:37:35.227+0000] {processor.py:183} INFO - Processing /opt/airflow/dags/input/gerentes_emails.xlsx took 0.017 seconds
[2025-04-27T15:38:05.659+0000] {processor.py:161} INFO - Started process (PID=214) to work on /opt/airflow/dags/input/gerentes_emails.xlsx
[2025-04-27T15:38:05.660+0000] {processor.py:830} INFO - Processing file /opt/airflow/dags/input/gerentes_emails.xlsx for tasks to queue
[2025-04-27T15:38:05.661+0000] {logging_mixin.py:188} INFO - [2025-04-27T15:38:05.661+0000] {dagbag.py:538} INFO - Filling up the DagBag from /opt/airflow/dags/input/gerentes_emails.xlsx
[2025-04-27T15:38:05.666+0000] {processor.py:842} WARNING - No viable dags retrieved from /opt/airflow/dags/input/gerentes_emails.xlsx
[2025-04-27T15:38:05.673+0000] {processor.py:183} INFO - Processing /opt/airflow/dags/input/gerentes_emails.xlsx took 0.015 seconds
[2025-04-27T15:38:36.079+0000] {processor.py:161} INFO - Started process (PID=231) to work on /opt/airflow/dags/input/gerentes_emails.xlsx
[2025-04-27T15:38:36.080+0000] {processor.py:830} INFO - Processing file /opt/airflow/dags/input/gerentes_emails.xlsx for tasks to queue
[2025-04-27T15:38:36.082+0000] {logging_mixin.py:188} INFO - [2025-04-27T15:38:36.082+0000] {dagbag.py:538} INFO - Filling up the DagBag from /opt/airflow/dags/input/gerentes_emails.xlsx
[2025-04-27T15:38:36.083+0000] {processor.py:842} WARNING - No viable dags retrieved from /opt/airflow/dags/input/gerentes_emails.xlsx
[2025-04-27T15:38:36.091+0000] {processor.py:183} INFO - Processing /opt/airflow/dags/input/gerentes_emails.xlsx took 0.015 seconds
[2025-04-27T15:39:06.495+0000] {processor.py:161} INFO - Started process (PID=247) to work on /opt/airflow/dags/input/gerentes_emails.xlsx
[2025-04-27T15:39:06.496+0000] {processor.py:830} INFO - Processing file /opt/airflow/dags/input/gerentes_emails.xlsx for tasks to queue
[2025-04-27T15:39:06.497+0000] {logging_mixin.py:188} INFO - [2025-04-27T15:39:06.497+0000] {dagbag.py:538} INFO - Filling up the DagBag from /opt/airflow/dags/input/gerentes_emails.xlsx
[2025-04-27T15:39:06.501+0000] {processor.py:842} WARNING - No viable dags retrieved from /opt/airflow/dags/input/gerentes_emails.xlsx
[2025-04-27T15:39:06.510+0000] {processor.py:183} INFO - Processing /opt/airflow/dags/input/gerentes_emails.xlsx took 0.018 seconds
[2025-04-27T15:39:36.935+0000] {processor.py:161} INFO - Started process (PID=263) to work on /opt/airflow/dags/input/gerentes_emails.xlsx
[2025-04-27T15:39:36.936+0000] {processor.py:830} INFO - Processing file /opt/airflow/dags/input/gerentes_emails.xlsx for tasks to queue
[2025-04-27T15:39:36.937+0000] {logging_mixin.py:188} INFO - [2025-04-27T15:39:36.937+0000] {dagbag.py:538} INFO - Filling up the DagBag from /opt/airflow/dags/input/gerentes_emails.xlsx
[2025-04-27T15:39:36.941+0000] {processor.py:842} WARNING - No viable dags retrieved from /opt/airflow/dags/input/gerentes_emails.xlsx
[2025-04-27T15:39:36.950+0000] {processor.py:183} INFO - Processing /opt/airflow/dags/input/gerentes_emails.xlsx took 0.018 seconds
[2025-04-27T15:40:07.376+0000] {processor.py:161} INFO - Started process (PID=279) to work on /opt/airflow/dags/input/gerentes_emails.xlsx
[2025-04-27T15:40:07.377+0000] {processor.py:830} INFO - Processing file /opt/airflow/dags/input/gerentes_emails.xlsx for tasks to queue
[2025-04-27T15:40:07.378+0000] {logging_mixin.py:188} INFO - [2025-04-27T15:40:07.378+0000] {dagbag.py:538} INFO - Filling up the DagBag from /opt/airflow/dags/input/gerentes_emails.xlsx
[2025-04-27T15:40:07.383+0000] {processor.py:842} WARNING - No viable dags retrieved from /opt/airflow/dags/input/gerentes_emails.xlsx
[2025-04-27T15:40:07.391+0000] {processor.py:183} INFO - Processing /opt/airflow/dags/input/gerentes_emails.xlsx took 0.019 seconds
[2025-04-27T15:40:37.772+0000] {processor.py:161} INFO - Started process (PID=295) to work on /opt/airflow/dags/input/gerentes_emails.xlsx
[2025-04-27T15:40:37.772+0000] {processor.py:830} INFO - Processing file /opt/airflow/dags/input/gerentes_emails.xlsx for tasks to queue
[2025-04-27T15:40:37.773+0000] {logging_mixin.py:188} INFO - [2025-04-27T15:40:37.773+0000] {dagbag.py:538} INFO - Filling up the DagBag from /opt/airflow/dags/input/gerentes_emails.xlsx
[2025-04-27T15:40:37.774+0000] {processor.py:842} WARNING - No viable dags retrieved from /opt/airflow/dags/input/gerentes_emails.xlsx
[2025-04-27T15:40:37.784+0000] {processor.py:183} INFO - Processing /opt/airflow/dags/input/gerentes_emails.xlsx took 0.015 seconds
[2025-04-27T15:41:08.190+0000] {processor.py:161} INFO - Started process (PID=311) to work on /opt/airflow/dags/input/gerentes_emails.xlsx
[2025-04-27T15:41:08.190+0000] {processor.py:830} INFO - Processing file /opt/airflow/dags/input/gerentes_emails.xlsx for tasks to queue
[2025-04-27T15:41:08.191+0000] {logging_mixin.py:188} INFO - [2025-04-27T15:41:08.191+0000] {dagbag.py:538} INFO - Filling up the DagBag from /opt/airflow/dags/input/gerentes_emails.xlsx
[2025-04-27T15:41:08.194+0000] {processor.py:842} WARNING - No viable dags retrieved from /opt/airflow/dags/input/gerentes_emails.xlsx
[2025-04-27T15:41:08.211+0000] {processor.py:183} INFO - Processing /opt/airflow/dags/input/gerentes_emails.xlsx took 0.025 seconds
[2025-04-27T15:41:38.668+0000] {processor.py:161} INFO - Started process (PID=327) to work on /opt/airflow/dags/input/gerentes_emails.xlsx
[2025-04-27T15:41:38.669+0000] {processor.py:830} INFO - Processing file /opt/airflow/dags/input/gerentes_emails.xlsx for tasks to queue
[2025-04-27T15:41:38.670+0000] {logging_mixin.py:188} INFO - [2025-04-27T15:41:38.670+0000] {dagbag.py:538} INFO - Filling up the DagBag from /opt/airflow/dags/input/gerentes_emails.xlsx
[2025-04-27T15:41:38.674+0000] {processor.py:842} WARNING - No viable dags retrieved from /opt/airflow/dags/input/gerentes_emails.xlsx
[2025-04-27T15:41:38.682+0000] {processor.py:183} INFO - Processing /opt/airflow/dags/input/gerentes_emails.xlsx took 0.016 seconds
[2025-04-27T15:42:09.093+0000] {processor.py:161} INFO - Started process (PID=343) to work on /opt/airflow/dags/input/gerentes_emails.xlsx
[2025-04-27T15:42:09.094+0000] {processor.py:830} INFO - Processing file /opt/airflow/dags/input/gerentes_emails.xlsx for tasks to queue
[2025-04-27T15:42:09.096+0000] {logging_mixin.py:188} INFO - [2025-04-27T15:42:09.096+0000] {dagbag.py:538} INFO - Filling up the DagBag from /opt/airflow/dags/input/gerentes_emails.xlsx
[2025-04-27T15:42:09.098+0000] {processor.py:842} WARNING - No viable dags retrieved from /opt/airflow/dags/input/gerentes_emails.xlsx
[2025-04-27T15:42:09.107+0000] {processor.py:183} INFO - Processing /opt/airflow/dags/input/gerentes_emails.xlsx took 0.016 seconds
[2025-04-27T15:42:39.526+0000] {processor.py:161} INFO - Started process (PID=359) to work on /opt/airflow/dags/input/gerentes_emails.xlsx
[2025-04-27T15:42:39.527+0000] {processor.py:830} INFO - Processing file /opt/airflow/dags/input/gerentes_emails.xlsx for tasks to queue
[2025-04-27T15:42:39.528+0000] {logging_mixin.py:188} INFO - [2025-04-27T15:42:39.528+0000] {dagbag.py:538} INFO - Filling up the DagBag from /opt/airflow/dags/input/gerentes_emails.xlsx
[2025-04-27T15:42:39.529+0000] {processor.py:842} WARNING - No viable dags retrieved from /opt/airflow/dags/input/gerentes_emails.xlsx
[2025-04-27T15:42:39.538+0000] {processor.py:183} INFO - Processing /opt/airflow/dags/input/gerentes_emails.xlsx took 0.014 seconds
[2025-04-27T15:43:09.952+0000] {processor.py:161} INFO - Started process (PID=375) to work on /opt/airflow/dags/input/gerentes_emails.xlsx
[2025-04-27T15:43:09.952+0000] {processor.py:830} INFO - Processing file /opt/airflow/dags/input/gerentes_emails.xlsx for tasks to queue
[2025-04-27T15:43:09.954+0000] {logging_mixin.py:188} INFO - [2025-04-27T15:43:09.953+0000] {dagbag.py:538} INFO - Filling up the DagBag from /opt/airflow/dags/input/gerentes_emails.xlsx
[2025-04-27T15:43:09.957+0000] {processor.py:842} WARNING - No viable dags retrieved from /opt/airflow/dags/input/gerentes_emails.xlsx
[2025-04-27T15:43:09.966+0000] {processor.py:183} INFO - Processing /opt/airflow/dags/input/gerentes_emails.xlsx took 0.017 seconds
[2025-04-27T15:43:40.370+0000] {processor.py:161} INFO - Started process (PID=391) to work on /opt/airflow/dags/input/gerentes_emails.xlsx
[2025-04-27T15:43:40.371+0000] {processor.py:830} INFO - Processing file /opt/airflow/dags/input/gerentes_emails.xlsx for tasks to queue
[2025-04-27T15:43:40.372+0000] {logging_mixin.py:188} INFO - [2025-04-27T15:43:40.371+0000] {dagbag.py:538} INFO - Filling up the DagBag from /opt/airflow/dags/input/gerentes_emails.xlsx
[2025-04-27T15:43:40.377+0000] {processor.py:842} WARNING - No viable dags retrieved from /opt/airflow/dags/input/gerentes_emails.xlsx
[2025-04-27T15:43:40.384+0000] {processor.py:183} INFO - Processing /opt/airflow/dags/input/gerentes_emails.xlsx took 0.017 seconds
[2025-04-27T15:44:10.824+0000] {processor.py:161} INFO - Started process (PID=407) to work on /opt/airflow/dags/input/gerentes_emails.xlsx
[2025-04-27T15:44:10.824+0000] {processor.py:830} INFO - Processing file /opt/airflow/dags/input/gerentes_emails.xlsx for tasks to queue
[2025-04-27T15:44:10.826+0000] {logging_mixin.py:188} INFO - [2025-04-27T15:44:10.826+0000] {dagbag.py:538} INFO - Filling up the DagBag from /opt/airflow/dags/input/gerentes_emails.xlsx
[2025-04-27T15:44:10.830+0000] {processor.py:842} WARNING - No viable dags retrieved from /opt/airflow/dags/input/gerentes_emails.xlsx
[2025-04-27T15:44:10.843+0000] {processor.py:183} INFO - Processing /opt/airflow/dags/input/gerentes_emails.xlsx took 0.023 seconds
[2025-04-27T15:44:41.229+0000] {processor.py:161} INFO - Started process (PID=423) to work on /opt/airflow/dags/input/gerentes_emails.xlsx
[2025-04-27T15:44:41.231+0000] {processor.py:830} INFO - Processing file /opt/airflow/dags/input/gerentes_emails.xlsx for tasks to queue
[2025-04-27T15:44:41.233+0000] {logging_mixin.py:188} INFO - [2025-04-27T15:44:41.233+0000] {dagbag.py:538} INFO - Filling up the DagBag from /opt/airflow/dags/input/gerentes_emails.xlsx
[2025-04-27T15:44:41.242+0000] {processor.py:842} WARNING - No viable dags retrieved from /opt/airflow/dags/input/gerentes_emails.xlsx
[2025-04-27T15:44:41.251+0000] {processor.py:183} INFO - Processing /opt/airflow/dags/input/gerentes_emails.xlsx took 0.026 seconds
[2025-04-27T15:45:11.653+0000] {processor.py:161} INFO - Started process (PID=439) to work on /opt/airflow/dags/input/gerentes_emails.xlsx
[2025-04-27T15:45:11.653+0000] {processor.py:830} INFO - Processing file /opt/airflow/dags/input/gerentes_emails.xlsx for tasks to queue
[2025-04-27T15:45:11.655+0000] {logging_mixin.py:188} INFO - [2025-04-27T15:45:11.655+0000] {dagbag.py:538} INFO - Filling up the DagBag from /opt/airflow/dags/input/gerentes_emails.xlsx
[2025-04-27T15:45:11.657+0000] {processor.py:842} WARNING - No viable dags retrieved from /opt/airflow/dags/input/gerentes_emails.xlsx
[2025-04-27T15:45:11.674+0000] {processor.py:183} INFO - Processing /opt/airflow/dags/input/gerentes_emails.xlsx took 0.023 seconds
[2025-04-27T15:45:42.039+0000] {processor.py:161} INFO - Started process (PID=455) to work on /opt/airflow/dags/input/gerentes_emails.xlsx
[2025-04-27T15:45:42.040+0000] {processor.py:830} INFO - Processing file /opt/airflow/dags/input/gerentes_emails.xlsx for tasks to queue
[2025-04-27T15:45:42.041+0000] {logging_mixin.py:188} INFO - [2025-04-27T15:45:42.041+0000] {dagbag.py:538} INFO - Filling up the DagBag from /opt/airflow/dags/input/gerentes_emails.xlsx
[2025-04-27T15:45:42.045+0000] {processor.py:842} WARNING - No viable dags retrieved from /opt/airflow/dags/input/gerentes_emails.xlsx
[2025-04-27T15:45:42.056+0000] {processor.py:183} INFO - Processing /opt/airflow/dags/input/gerentes_emails.xlsx took 0.019 seconds
[2025-04-27T15:46:12.527+0000] {processor.py:161} INFO - Started process (PID=471) to work on /opt/airflow/dags/input/gerentes_emails.xlsx
[2025-04-27T15:46:12.528+0000] {processor.py:830} INFO - Processing file /opt/airflow/dags/input/gerentes_emails.xlsx for tasks to queue
[2025-04-27T15:46:12.530+0000] {logging_mixin.py:188} INFO - [2025-04-27T15:46:12.530+0000] {dagbag.py:538} INFO - Filling up the DagBag from /opt/airflow/dags/input/gerentes_emails.xlsx
[2025-04-27T15:46:12.534+0000] {processor.py:842} WARNING - No viable dags retrieved from /opt/airflow/dags/input/gerentes_emails.xlsx
[2025-04-27T15:46:12.547+0000] {processor.py:183} INFO - Processing /opt/airflow/dags/input/gerentes_emails.xlsx took 0.023 seconds
[2025-04-27T15:46:42.993+0000] {processor.py:161} INFO - Started process (PID=487) to work on /opt/airflow/dags/input/gerentes_emails.xlsx
[2025-04-27T15:46:42.994+0000] {processor.py:830} INFO - Processing file /opt/airflow/dags/input/gerentes_emails.xlsx for tasks to queue
[2025-04-27T15:46:42.995+0000] {logging_mixin.py:188} INFO - [2025-04-27T15:46:42.995+0000] {dagbag.py:538} INFO - Filling up the DagBag from /opt/airflow/dags/input/gerentes_emails.xlsx
[2025-04-27T15:46:43.000+0000] {processor.py:842} WARNING - No viable dags retrieved from /opt/airflow/dags/input/gerentes_emails.xlsx
[2025-04-27T15:46:43.009+0000] {processor.py:183} INFO - Processing /opt/airflow/dags/input/gerentes_emails.xlsx took 0.018 seconds
[2025-04-27T15:47:13.430+0000] {processor.py:161} INFO - Started process (PID=503) to work on /opt/airflow/dags/input/gerentes_emails.xlsx
[2025-04-27T15:47:13.431+0000] {processor.py:830} INFO - Processing file /opt/airflow/dags/input/gerentes_emails.xlsx for tasks to queue
[2025-04-27T15:47:13.433+0000] {logging_mixin.py:188} INFO - [2025-04-27T15:47:13.433+0000] {dagbag.py:538} INFO - Filling up the DagBag from /opt/airflow/dags/input/gerentes_emails.xlsx
[2025-04-27T15:47:13.436+0000] {processor.py:842} WARNING - No viable dags retrieved from /opt/airflow/dags/input/gerentes_emails.xlsx
[2025-04-27T15:47:13.451+0000] {processor.py:183} INFO - Processing /opt/airflow/dags/input/gerentes_emails.xlsx took 0.024 seconds
[2025-04-27T15:47:43.833+0000] {processor.py:161} INFO - Started process (PID=519) to work on /opt/airflow/dags/input/gerentes_emails.xlsx
[2025-04-27T15:47:43.834+0000] {processor.py:830} INFO - Processing file /opt/airflow/dags/input/gerentes_emails.xlsx for tasks to queue
[2025-04-27T15:47:43.835+0000] {logging_mixin.py:188} INFO - [2025-04-27T15:47:43.835+0000] {dagbag.py:538} INFO - Filling up the DagBag from /opt/airflow/dags/input/gerentes_emails.xlsx
[2025-04-27T15:47:43.839+0000] {processor.py:842} WARNING - No viable dags retrieved from /opt/airflow/dags/input/gerentes_emails.xlsx
[2025-04-27T15:47:43.847+0000] {processor.py:183} INFO - Processing /opt/airflow/dags/input/gerentes_emails.xlsx took 0.016 seconds
[2025-04-27T15:48:14.214+0000] {processor.py:161} INFO - Started process (PID=535) to work on /opt/airflow/dags/input/gerentes_emails.xlsx
[2025-04-27T15:48:14.215+0000] {processor.py:830} INFO - Processing file /opt/airflow/dags/input/gerentes_emails.xlsx for tasks to queue
[2025-04-27T15:48:14.216+0000] {logging_mixin.py:188} INFO - [2025-04-27T15:48:14.216+0000] {dagbag.py:538} INFO - Filling up the DagBag from /opt/airflow/dags/input/gerentes_emails.xlsx
[2025-04-27T15:48:14.220+0000] {processor.py:842} WARNING - No viable dags retrieved from /opt/airflow/dags/input/gerentes_emails.xlsx
[2025-04-27T15:48:14.228+0000] {processor.py:183} INFO - Processing /opt/airflow/dags/input/gerentes_emails.xlsx took 0.016 seconds
[2025-04-27T15:48:44.624+0000] {processor.py:161} INFO - Started process (PID=551) to work on /opt/airflow/dags/input/gerentes_emails.xlsx
[2025-04-27T15:48:44.624+0000] {processor.py:830} INFO - Processing file /opt/airflow/dags/input/gerentes_emails.xlsx for tasks to queue
[2025-04-27T15:48:44.627+0000] {logging_mixin.py:188} INFO - [2025-04-27T15:48:44.627+0000] {dagbag.py:538} INFO - Filling up the DagBag from /opt/airflow/dags/input/gerentes_emails.xlsx
[2025-04-27T15:48:44.629+0000] {processor.py:842} WARNING - No viable dags retrieved from /opt/airflow/dags/input/gerentes_emails.xlsx
[2025-04-27T15:48:44.637+0000] {processor.py:183} INFO - Processing /opt/airflow/dags/input/gerentes_emails.xlsx took 0.015 seconds
[2025-04-27T15:49:15.063+0000] {processor.py:161} INFO - Started process (PID=567) to work on /opt/airflow/dags/input/gerentes_emails.xlsx
[2025-04-27T15:49:15.064+0000] {processor.py:830} INFO - Processing file /opt/airflow/dags/input/gerentes_emails.xlsx for tasks to queue
[2025-04-27T15:49:15.066+0000] {logging_mixin.py:188} INFO - [2025-04-27T15:49:15.066+0000] {dagbag.py:538} INFO - Filling up the DagBag from /opt/airflow/dags/input/gerentes_emails.xlsx
[2025-04-27T15:49:15.070+0000] {processor.py:842} WARNING - No viable dags retrieved from /opt/airflow/dags/input/gerentes_emails.xlsx
[2025-04-27T15:49:15.078+0000] {processor.py:183} INFO - Processing /opt/airflow/dags/input/gerentes_emails.xlsx took 0.018 seconds
[2025-04-27T15:49:45.459+0000] {processor.py:161} INFO - Started process (PID=583) to work on /opt/airflow/dags/input/gerentes_emails.xlsx
[2025-04-27T15:49:45.459+0000] {processor.py:830} INFO - Processing file /opt/airflow/dags/input/gerentes_emails.xlsx for tasks to queue
[2025-04-27T15:49:45.461+0000] {logging_mixin.py:188} INFO - [2025-04-27T15:49:45.461+0000] {dagbag.py:538} INFO - Filling up the DagBag from /opt/airflow/dags/input/gerentes_emails.xlsx
[2025-04-27T15:49:45.462+0000] {processor.py:842} WARNING - No viable dags retrieved from /opt/airflow/dags/input/gerentes_emails.xlsx
[2025-04-27T15:49:45.470+0000] {processor.py:183} INFO - Processing /opt/airflow/dags/input/gerentes_emails.xlsx took 0.014 seconds
[2025-04-27T15:50:15.861+0000] {processor.py:161} INFO - Started process (PID=600) to work on /opt/airflow/dags/input/gerentes_emails.xlsx
[2025-04-27T15:50:15.862+0000] {processor.py:830} INFO - Processing file /opt/airflow/dags/input/gerentes_emails.xlsx for tasks to queue
[2025-04-27T15:50:15.863+0000] {logging_mixin.py:188} INFO - [2025-04-27T15:50:15.862+0000] {dagbag.py:538} INFO - Filling up the DagBag from /opt/airflow/dags/input/gerentes_emails.xlsx
[2025-04-27T15:50:15.864+0000] {processor.py:842} WARNING - No viable dags retrieved from /opt/airflow/dags/input/gerentes_emails.xlsx
[2025-04-27T15:50:15.871+0000] {processor.py:183} INFO - Processing /opt/airflow/dags/input/gerentes_emails.xlsx took 0.011 seconds
[2025-04-27T15:50:46.218+0000] {processor.py:161} INFO - Started process (PID=610) to work on /opt/airflow/dags/input/gerentes_emails.xlsx
[2025-04-27T15:50:46.219+0000] {processor.py:830} INFO - Processing file /opt/airflow/dags/input/gerentes_emails.xlsx for tasks to queue
[2025-04-27T15:50:46.219+0000] {logging_mixin.py:188} INFO - [2025-04-27T15:50:46.219+0000] {dagbag.py:538} INFO - Filling up the DagBag from /opt/airflow/dags/input/gerentes_emails.xlsx
[2025-04-27T15:50:46.221+0000] {processor.py:842} WARNING - No viable dags retrieved from /opt/airflow/dags/input/gerentes_emails.xlsx
[2025-04-27T15:50:46.233+0000] {processor.py:183} INFO - Processing /opt/airflow/dags/input/gerentes_emails.xlsx took 0.019 seconds
[2025-04-27T15:51:16.552+0000] {processor.py:161} INFO - Started process (PID=620) to work on /opt/airflow/dags/input/gerentes_emails.xlsx
[2025-04-27T15:51:16.553+0000] {processor.py:830} INFO - Processing file /opt/airflow/dags/input/gerentes_emails.xlsx for tasks to queue
[2025-04-27T15:51:16.554+0000] {logging_mixin.py:188} INFO - [2025-04-27T15:51:16.553+0000] {dagbag.py:538} INFO - Filling up the DagBag from /opt/airflow/dags/input/gerentes_emails.xlsx
[2025-04-27T15:51:16.555+0000] {processor.py:842} WARNING - No viable dags retrieved from /opt/airflow/dags/input/gerentes_emails.xlsx
[2025-04-27T15:51:16.565+0000] {processor.py:183} INFO - Processing /opt/airflow/dags/input/gerentes_emails.xlsx took 0.015 seconds
[2025-04-27T15:51:46.969+0000] {processor.py:161} INFO - Started process (PID=637) to work on /opt/airflow/dags/input/gerentes_emails.xlsx
[2025-04-27T15:51:46.970+0000] {processor.py:830} INFO - Processing file /opt/airflow/dags/input/gerentes_emails.xlsx for tasks to queue
[2025-04-27T15:51:46.971+0000] {logging_mixin.py:188} INFO - [2025-04-27T15:51:46.971+0000] {dagbag.py:538} INFO - Filling up the DagBag from /opt/airflow/dags/input/gerentes_emails.xlsx
[2025-04-27T15:51:46.973+0000] {processor.py:842} WARNING - No viable dags retrieved from /opt/airflow/dags/input/gerentes_emails.xlsx
[2025-04-27T15:51:46.983+0000] {processor.py:183} INFO - Processing /opt/airflow/dags/input/gerentes_emails.xlsx took 0.017 seconds
[2025-04-27T15:52:17.385+0000] {processor.py:161} INFO - Started process (PID=653) to work on /opt/airflow/dags/input/gerentes_emails.xlsx
[2025-04-27T15:52:17.385+0000] {processor.py:830} INFO - Processing file /opt/airflow/dags/input/gerentes_emails.xlsx for tasks to queue
[2025-04-27T15:52:17.387+0000] {logging_mixin.py:188} INFO - [2025-04-27T15:52:17.387+0000] {dagbag.py:538} INFO - Filling up the DagBag from /opt/airflow/dags/input/gerentes_emails.xlsx
[2025-04-27T15:52:17.389+0000] {processor.py:842} WARNING - No viable dags retrieved from /opt/airflow/dags/input/gerentes_emails.xlsx
[2025-04-27T15:52:17.397+0000] {processor.py:183} INFO - Processing /opt/airflow/dags/input/gerentes_emails.xlsx took 0.015 seconds
[2025-04-27T15:52:47.744+0000] {processor.py:161} INFO - Started process (PID=669) to work on /opt/airflow/dags/input/gerentes_emails.xlsx
[2025-04-27T15:52:47.746+0000] {processor.py:830} INFO - Processing file /opt/airflow/dags/input/gerentes_emails.xlsx for tasks to queue
[2025-04-27T15:52:47.746+0000] {logging_mixin.py:188} INFO - [2025-04-27T15:52:47.746+0000] {dagbag.py:538} INFO - Filling up the DagBag from /opt/airflow/dags/input/gerentes_emails.xlsx
[2025-04-27T15:52:47.748+0000] {processor.py:842} WARNING - No viable dags retrieved from /opt/airflow/dags/input/gerentes_emails.xlsx
[2025-04-27T15:52:47.756+0000] {processor.py:183} INFO - Processing /opt/airflow/dags/input/gerentes_emails.xlsx took 0.014 seconds
[2025-04-27T15:53:18.145+0000] {processor.py:161} INFO - Started process (PID=685) to work on /opt/airflow/dags/input/gerentes_emails.xlsx
[2025-04-27T15:53:18.146+0000] {processor.py:830} INFO - Processing file /opt/airflow/dags/input/gerentes_emails.xlsx for tasks to queue
[2025-04-27T15:53:18.146+0000] {logging_mixin.py:188} INFO - [2025-04-27T15:53:18.146+0000] {dagbag.py:538} INFO - Filling up the DagBag from /opt/airflow/dags/input/gerentes_emails.xlsx
[2025-04-27T15:53:18.148+0000] {processor.py:842} WARNING - No viable dags retrieved from /opt/airflow/dags/input/gerentes_emails.xlsx
[2025-04-27T15:53:18.158+0000] {processor.py:183} INFO - Processing /opt/airflow/dags/input/gerentes_emails.xlsx took 0.017 seconds
[2025-04-27T15:53:48.572+0000] {processor.py:161} INFO - Started process (PID=701) to work on /opt/airflow/dags/input/gerentes_emails.xlsx
[2025-04-27T15:53:48.573+0000] {processor.py:830} INFO - Processing file /opt/airflow/dags/input/gerentes_emails.xlsx for tasks to queue
[2025-04-27T15:53:48.574+0000] {logging_mixin.py:188} INFO - [2025-04-27T15:53:48.574+0000] {dagbag.py:538} INFO - Filling up the DagBag from /opt/airflow/dags/input/gerentes_emails.xlsx
[2025-04-27T15:53:48.575+0000] {processor.py:842} WARNING - No viable dags retrieved from /opt/airflow/dags/input/gerentes_emails.xlsx
[2025-04-27T15:53:48.583+0000] {processor.py:183} INFO - Processing /opt/airflow/dags/input/gerentes_emails.xlsx took 0.015 seconds
[2025-04-27T15:54:19.028+0000] {processor.py:161} INFO - Started process (PID=717) to work on /opt/airflow/dags/input/gerentes_emails.xlsx
[2025-04-27T15:54:19.029+0000] {processor.py:830} INFO - Processing file /opt/airflow/dags/input/gerentes_emails.xlsx for tasks to queue
[2025-04-27T15:54:19.030+0000] {logging_mixin.py:188} INFO - [2025-04-27T15:54:19.030+0000] {dagbag.py:538} INFO - Filling up the DagBag from /opt/airflow/dags/input/gerentes_emails.xlsx
[2025-04-27T15:54:19.032+0000] {processor.py:842} WARNING - No viable dags retrieved from /opt/airflow/dags/input/gerentes_emails.xlsx
[2025-04-27T15:54:19.042+0000] {processor.py:183} INFO - Processing /opt/airflow/dags/input/gerentes_emails.xlsx took 0.017 seconds
[2025-04-27T15:54:49.438+0000] {processor.py:161} INFO - Started process (PID=733) to work on /opt/airflow/dags/input/gerentes_emails.xlsx
[2025-04-27T15:54:49.439+0000] {processor.py:830} INFO - Processing file /opt/airflow/dags/input/gerentes_emails.xlsx for tasks to queue
[2025-04-27T15:54:49.440+0000] {logging_mixin.py:188} INFO - [2025-04-27T15:54:49.440+0000] {dagbag.py:538} INFO - Filling up the DagBag from /opt/airflow/dags/input/gerentes_emails.xlsx
[2025-04-27T15:54:49.442+0000] {processor.py:842} WARNING - No viable dags retrieved from /opt/airflow/dags/input/gerentes_emails.xlsx
[2025-04-27T15:54:49.451+0000] {processor.py:183} INFO - Processing /opt/airflow/dags/input/gerentes_emails.xlsx took 0.016 seconds
[2025-04-27T15:55:19.760+0000] {processor.py:161} INFO - Started process (PID=749) to work on /opt/airflow/dags/input/gerentes_emails.xlsx
[2025-04-27T15:55:19.760+0000] {processor.py:830} INFO - Processing file /opt/airflow/dags/input/gerentes_emails.xlsx for tasks to queue
[2025-04-27T15:55:19.761+0000] {logging_mixin.py:188} INFO - [2025-04-27T15:55:19.761+0000] {dagbag.py:538} INFO - Filling up the DagBag from /opt/airflow/dags/input/gerentes_emails.xlsx
[2025-04-27T15:55:19.762+0000] {processor.py:842} WARNING - No viable dags retrieved from /opt/airflow/dags/input/gerentes_emails.xlsx
[2025-04-27T15:55:19.767+0000] {processor.py:183} INFO - Processing /opt/airflow/dags/input/gerentes_emails.xlsx took 0.009 seconds
[2025-04-27T15:55:50.131+0000] {processor.py:161} INFO - Started process (PID=765) to work on /opt/airflow/dags/input/gerentes_emails.xlsx
[2025-04-27T15:55:50.131+0000] {processor.py:830} INFO - Processing file /opt/airflow/dags/input/gerentes_emails.xlsx for tasks to queue
[2025-04-27T15:55:50.131+0000] {logging_mixin.py:188} INFO - [2025-04-27T15:55:50.131+0000] {dagbag.py:538} INFO - Filling up the DagBag from /opt/airflow/dags/input/gerentes_emails.xlsx
[2025-04-27T15:55:50.132+0000] {processor.py:842} WARNING - No viable dags retrieved from /opt/airflow/dags/input/gerentes_emails.xlsx
[2025-04-27T15:55:50.137+0000] {processor.py:183} INFO - Processing /opt/airflow/dags/input/gerentes_emails.xlsx took 0.008 seconds
[2025-04-27T15:56:20.538+0000] {processor.py:161} INFO - Started process (PID=781) to work on /opt/airflow/dags/input/gerentes_emails.xlsx
[2025-04-27T15:56:20.539+0000] {processor.py:830} INFO - Processing file /opt/airflow/dags/input/gerentes_emails.xlsx for tasks to queue
[2025-04-27T15:56:20.540+0000] {logging_mixin.py:188} INFO - [2025-04-27T15:56:20.540+0000] {dagbag.py:538} INFO - Filling up the DagBag from /opt/airflow/dags/input/gerentes_emails.xlsx
[2025-04-27T15:56:20.542+0000] {processor.py:842} WARNING - No viable dags retrieved from /opt/airflow/dags/input/gerentes_emails.xlsx
[2025-04-27T15:56:20.551+0000] {processor.py:183} INFO - Processing /opt/airflow/dags/input/gerentes_emails.xlsx took 0.018 seconds
[2025-04-27T15:56:50.963+0000] {processor.py:161} INFO - Started process (PID=797) to work on /opt/airflow/dags/input/gerentes_emails.xlsx
[2025-04-27T15:56:50.964+0000] {processor.py:830} INFO - Processing file /opt/airflow/dags/input/gerentes_emails.xlsx for tasks to queue
[2025-04-27T15:56:50.965+0000] {logging_mixin.py:188} INFO - [2025-04-27T15:56:50.964+0000] {dagbag.py:538} INFO - Filling up the DagBag from /opt/airflow/dags/input/gerentes_emails.xlsx
[2025-04-27T15:56:50.969+0000] {processor.py:842} WARNING - No viable dags retrieved from /opt/airflow/dags/input/gerentes_emails.xlsx
[2025-04-27T15:56:50.979+0000] {processor.py:183} INFO - Processing /opt/airflow/dags/input/gerentes_emails.xlsx took 0.020 seconds
[2025-04-27T15:57:21.369+0000] {processor.py:161} INFO - Started process (PID=813) to work on /opt/airflow/dags/input/gerentes_emails.xlsx
[2025-04-27T15:57:21.370+0000] {processor.py:830} INFO - Processing file /opt/airflow/dags/input/gerentes_emails.xlsx for tasks to queue
[2025-04-27T15:57:21.371+0000] {logging_mixin.py:188} INFO - [2025-04-27T15:57:21.371+0000] {dagbag.py:538} INFO - Filling up the DagBag from /opt/airflow/dags/input/gerentes_emails.xlsx
[2025-04-27T15:57:21.373+0000] {processor.py:842} WARNING - No viable dags retrieved from /opt/airflow/dags/input/gerentes_emails.xlsx
[2025-04-27T15:57:21.383+0000] {processor.py:183} INFO - Processing /opt/airflow/dags/input/gerentes_emails.xlsx took 0.017 seconds
[2025-04-27T15:57:51.781+0000] {processor.py:161} INFO - Started process (PID=829) to work on /opt/airflow/dags/input/gerentes_emails.xlsx
[2025-04-27T15:57:51.783+0000] {processor.py:830} INFO - Processing file /opt/airflow/dags/input/gerentes_emails.xlsx for tasks to queue
[2025-04-27T15:57:51.784+0000] {logging_mixin.py:188} INFO - [2025-04-27T15:57:51.783+0000] {dagbag.py:538} INFO - Filling up the DagBag from /opt/airflow/dags/input/gerentes_emails.xlsx
[2025-04-27T15:57:51.785+0000] {processor.py:842} WARNING - No viable dags retrieved from /opt/airflow/dags/input/gerentes_emails.xlsx
[2025-04-27T15:57:51.795+0000] {processor.py:183} INFO - Processing /opt/airflow/dags/input/gerentes_emails.xlsx took 0.018 seconds
