[2025-04-27T15:21:44.203+0000] {taskinstance.py:1956} INFO - Dependencies all met for dep_context=non-requeueable deps ti=<TaskInstance: email_sender.enviar_emails manual__2025-04-27T15:21:40.905391+00:00 [queued]>
[2025-04-27T15:21:44.206+0000] {taskinstance.py:1956} INFO - Dependencies all met for dep_context=requeueable deps ti=<TaskInstance: email_sender.enviar_emails manual__2025-04-27T15:21:40.905391+00:00 [queued]>
[2025-04-27T15:21:44.207+0000] {taskinstance.py:2170} INFO - Starting attempt 1 of 1
[2025-04-27T15:21:44.212+0000] {taskinstance.py:2191} INFO - Executing <Task(PythonOperator): enviar_emails> on 2025-04-27 15:21:40.905391+00:00
[2025-04-27T15:21:44.215+0000] {standard_task_runner.py:60} INFO - Started process 137 to run task
[2025-04-27T15:21:44.216+0000] {standard_task_runner.py:87} INFO - Running: ['***', 'tasks', 'run', 'email_sender', 'enviar_emails', 'manual__2025-04-27T15:21:40.905391+00:00', '--job-id', '21', '--raw', '--subdir', 'DAGS_FOLDER/email_sender_dag.py', '--cfg-path', '/tmp/tmpi18srpe0']
[2025-04-27T15:21:44.217+0000] {standard_task_runner.py:88} INFO - Job 21: Subtask enviar_emails
[2025-04-27T15:21:44.311+0000] {task_command.py:423} INFO - Running <TaskInstance: email_sender.enviar_emails manual__2025-04-27T15:21:40.905391+00:00 [running]> on host 7eeb628339b5
[2025-04-27T15:21:44.336+0000] {taskinstance.py:2480} INFO - Exporting env vars: AIRFLOW_CTX_DAG_OWNER='***' AIRFLOW_CTX_DAG_ID='email_sender' AIRFLOW_CTX_TASK_ID='enviar_emails' AIRFLOW_CTX_EXECUTION_DATE='2025-04-27T15:21:40.905391+00:00' AIRFLOW_CTX_TRY_NUMBER='1' AIRFLOW_CTX_DAG_RUN_ID='manual__2025-04-27T15:21:40.905391+00:00'
[2025-04-27T15:21:44.339+0000] {logging_mixin.py:188} INFO - A coluna 'email' não foi encontrada no arquivo: teste_tratado_José.csv
[2025-04-27T15:21:44.340+0000] {logging_mixin.py:188} INFO - A coluna 'email' não foi encontrada no arquivo: teste_tratado_Angelo.csv
[2025-04-27T15:21:44.340+0000] {logging_mixin.py:188} INFO - A coluna 'email' não foi encontrada no arquivo: teste_tratado_Fernando.csv
[2025-04-27T15:21:44.341+0000] {logging_mixin.py:188} INFO - A coluna 'email' não foi encontrada no arquivo: teste_tratado_Matias.csv
[2025-04-27T15:21:44.342+0000] {logging_mixin.py:188} INFO - A coluna 'email' não foi encontrada no arquivo: teste_tratado_Maria.csv
[2025-04-27T15:21:44.343+0000] {logging_mixin.py:188} INFO - A coluna 'email' não foi encontrada no arquivo: teste_tratado_Lucas.csv
[2025-04-27T15:21:44.344+0000] {logging_mixin.py:188} INFO - A coluna 'email' não foi encontrada no arquivo: teste_tratado_Pedro.csv
[2025-04-27T15:21:44.344+0000] {python.py:201} INFO - Done. Returned value was: None
[2025-04-27T15:21:44.347+0000] {taskinstance.py:1138} INFO - Marking task as SUCCESS. dag_id=email_sender, task_id=enviar_emails, execution_date=20250427T152140, start_date=20250427T152144, end_date=20250427T152144
[2025-04-27T15:21:44.354+0000] {local_task_job_runner.py:234} INFO - Task exited with return code 0
[2025-04-27T15:21:44.428+0000] {taskinstance.py:3280} INFO - 0 downstream tasks scheduled from follow-on schedule check
