[2025-04-26T17:23:24.393+0000] {taskinstance.py:1956} INFO - Dependencies all met for dep_context=non-requeueable deps ti=<TaskInstance: email_sender.enviar_emails manual__2025-04-26T17:23:20.784083+00:00 [queued]>
[2025-04-26T17:23:24.395+0000] {taskinstance.py:1956} INFO - Dependencies all met for dep_context=requeueable deps ti=<TaskInstance: email_sender.enviar_emails manual__2025-04-26T17:23:20.784083+00:00 [queued]>
[2025-04-26T17:23:24.395+0000] {taskinstance.py:2170} INFO - Starting attempt 1 of 1
[2025-04-26T17:23:24.399+0000] {taskinstance.py:2191} INFO - Executing <Task(PythonOperator): enviar_emails> on 2025-04-26 17:23:20.784083+00:00
[2025-04-26T17:23:24.401+0000] {standard_task_runner.py:60} INFO - Started process 139 to run task
[2025-04-26T17:23:24.403+0000] {standard_task_runner.py:87} INFO - Running: ['***', 'tasks', 'run', 'email_sender', 'enviar_emails', 'manual__2025-04-26T17:23:20.784083+00:00', '--job-id', '15', '--raw', '--subdir', 'DAGS_FOLDER/email_sender_dag.py', '--cfg-path', '/tmp/tmp1bhpv72r']
[2025-04-26T17:23:24.404+0000] {standard_task_runner.py:88} INFO - Job 15: Subtask enviar_emails
[2025-04-26T17:23:24.493+0000] {task_command.py:423} INFO - Running <TaskInstance: email_sender.enviar_emails manual__2025-04-26T17:23:20.784083+00:00 [running]> on host 3d6398317971
[2025-04-26T17:23:24.514+0000] {taskinstance.py:2480} INFO - Exporting env vars: AIRFLOW_CTX_DAG_OWNER='***' AIRFLOW_CTX_DAG_ID='email_sender' AIRFLOW_CTX_TASK_ID='enviar_emails' AIRFLOW_CTX_EXECUTION_DATE='2025-04-26T17:23:20.784083+00:00' AIRFLOW_CTX_TRY_NUMBER='1' AIRFLOW_CTX_DAG_RUN_ID='manual__2025-04-26T17:23:20.784083+00:00'
[2025-04-26T17:23:24.517+0000] {logging_mixin.py:188} INFO - A coluna 'email' não foi encontrada no arquivo: teste_tratado_José.csv
[2025-04-26T17:23:24.518+0000] {logging_mixin.py:188} INFO - A coluna 'email' não foi encontrada no arquivo: teste_tratado_Angelo.csv
[2025-04-26T17:23:24.518+0000] {logging_mixin.py:188} INFO - A coluna 'email' não foi encontrada no arquivo: teste_tratado_Fernando.csv
[2025-04-26T17:23:24.519+0000] {logging_mixin.py:188} INFO - A coluna 'email' não foi encontrada no arquivo: teste_tratado_Matias.csv
[2025-04-26T17:23:24.520+0000] {logging_mixin.py:188} INFO - A coluna 'email' não foi encontrada no arquivo: teste_tratado_Maria.csv
[2025-04-26T17:23:24.520+0000] {logging_mixin.py:188} INFO - A coluna 'email' não foi encontrada no arquivo: teste_tratado_Lucas.csv
[2025-04-26T17:23:24.521+0000] {logging_mixin.py:188} INFO - A coluna 'email' não foi encontrada no arquivo: teste_tratado_Pedro.csv
[2025-04-26T17:23:24.521+0000] {python.py:201} INFO - Done. Returned value was: None
[2025-04-26T17:23:24.524+0000] {taskinstance.py:1138} INFO - Marking task as SUCCESS. dag_id=email_sender, task_id=enviar_emails, execution_date=20250426T172320, start_date=20250426T172324, end_date=20250426T172324
[2025-04-26T17:23:24.545+0000] {local_task_job_runner.py:234} INFO - Task exited with return code 0
[2025-04-26T17:23:24.617+0000] {taskinstance.py:3280} INFO - 0 downstream tasks scheduled from follow-on schedule check
