[2025-04-26T17:20:36.761+0000] {processor.py:161} INFO - Started process (PID=62) to work on /opt/airflow/dags/email_sender_dag.py
[2025-04-26T17:20:36.763+0000] {processor.py:830} INFO - Processing file /opt/airflow/dags/email_sender_dag.py for tasks to queue
[2025-04-26T17:20:36.765+0000] {logging_mixin.py:188} INFO - [2025-04-26T17:20:36.764+0000] {dagbag.py:538} INFO - Filling up the DagBag from /opt/airflow/dags/email_sender_dag.py
[2025-04-26T17:20:37.304+0000] {processor.py:840} INFO - DAG(s) 'email_sender' retrieved from /opt/airflow/dags/email_sender_dag.py
[2025-04-26T17:20:37.480+0000] {logging_mixin.py:188} INFO - [2025-04-26T17:20:37.479+0000] {dag.py:3036} INFO - Sync 1 DAGs
[2025-04-26T17:20:37.484+0000] {logging_mixin.py:188} INFO - [2025-04-26T17:20:37.484+0000] {dag.py:3823} INFO - Setting next_dagrun for email_sender to None, run_after=None
[2025-04-26T17:20:37.492+0000] {processor.py:183} INFO - Processing /opt/airflow/dags/email_sender_dag.py took 0.733 seconds
[2025-04-26T17:21:07.982+0000] {processor.py:161} INFO - Started process (PID=78) to work on /opt/airflow/dags/email_sender_dag.py
[2025-04-26T17:21:07.983+0000] {processor.py:830} INFO - Processing file /opt/airflow/dags/email_sender_dag.py for tasks to queue
[2025-04-26T17:21:07.984+0000] {logging_mixin.py:188} INFO - [2025-04-26T17:21:07.984+0000] {dagbag.py:538} INFO - Filling up the DagBag from /opt/airflow/dags/email_sender_dag.py
[2025-04-26T17:21:08.107+0000] {processor.py:840} INFO - DAG(s) 'email_sender' retrieved from /opt/airflow/dags/email_sender_dag.py
[2025-04-26T17:21:08.116+0000] {logging_mixin.py:188} INFO - [2025-04-26T17:21:08.116+0000] {dag.py:3036} INFO - Sync 1 DAGs
[2025-04-26T17:21:08.186+0000] {logging_mixin.py:188} INFO - [2025-04-26T17:21:08.186+0000] {dag.py:3823} INFO - Setting next_dagrun for email_sender to None, run_after=None
[2025-04-26T17:21:08.192+0000] {processor.py:183} INFO - Processing /opt/airflow/dags/email_sender_dag.py took 0.212 seconds
[2025-04-26T17:21:38.249+0000] {processor.py:161} INFO - Started process (PID=87) to work on /opt/airflow/dags/email_sender_dag.py
[2025-04-26T17:21:38.250+0000] {processor.py:830} INFO - Processing file /opt/airflow/dags/email_sender_dag.py for tasks to queue
[2025-04-26T17:21:38.251+0000] {logging_mixin.py:188} INFO - [2025-04-26T17:21:38.251+0000] {dagbag.py:538} INFO - Filling up the DagBag from /opt/airflow/dags/email_sender_dag.py
[2025-04-26T17:21:38.377+0000] {processor.py:840} INFO - DAG(s) 'email_sender' retrieved from /opt/airflow/dags/email_sender_dag.py
[2025-04-26T17:21:38.452+0000] {logging_mixin.py:188} INFO - [2025-04-26T17:21:38.451+0000] {dag.py:3036} INFO - Sync 1 DAGs
[2025-04-26T17:21:38.455+0000] {logging_mixin.py:188} INFO - [2025-04-26T17:21:38.455+0000] {dag.py:3823} INFO - Setting next_dagrun for email_sender to None, run_after=None
[2025-04-26T17:21:38.462+0000] {processor.py:183} INFO - Processing /opt/airflow/dags/email_sender_dag.py took 0.216 seconds
[2025-04-26T17:22:08.509+0000] {processor.py:161} INFO - Started process (PID=96) to work on /opt/airflow/dags/email_sender_dag.py
[2025-04-26T17:22:08.510+0000] {processor.py:830} INFO - Processing file /opt/airflow/dags/email_sender_dag.py for tasks to queue
[2025-04-26T17:22:08.513+0000] {logging_mixin.py:188} INFO - [2025-04-26T17:22:08.512+0000] {dagbag.py:538} INFO - Filling up the DagBag from /opt/airflow/dags/email_sender_dag.py
[2025-04-26T17:22:08.686+0000] {processor.py:840} INFO - DAG(s) 'email_sender' retrieved from /opt/airflow/dags/email_sender_dag.py
[2025-04-26T17:22:08.694+0000] {logging_mixin.py:188} INFO - [2025-04-26T17:22:08.694+0000] {dag.py:3036} INFO - Sync 1 DAGs
[2025-04-26T17:22:08.697+0000] {logging_mixin.py:188} INFO - [2025-04-26T17:22:08.697+0000] {dag.py:3823} INFO - Setting next_dagrun for email_sender to None, run_after=None
[2025-04-26T17:22:08.703+0000] {processor.py:183} INFO - Processing /opt/airflow/dags/email_sender_dag.py took 0.200 seconds
[2025-04-26T17:22:38.766+0000] {processor.py:161} INFO - Started process (PID=105) to work on /opt/airflow/dags/email_sender_dag.py
[2025-04-26T17:22:38.768+0000] {processor.py:830} INFO - Processing file /opt/airflow/dags/email_sender_dag.py for tasks to queue
[2025-04-26T17:22:38.769+0000] {logging_mixin.py:188} INFO - [2025-04-26T17:22:38.769+0000] {dagbag.py:538} INFO - Filling up the DagBag from /opt/airflow/dags/email_sender_dag.py
[2025-04-26T17:22:38.878+0000] {processor.py:840} INFO - DAG(s) 'email_sender' retrieved from /opt/airflow/dags/email_sender_dag.py
[2025-04-26T17:22:38.886+0000] {logging_mixin.py:188} INFO - [2025-04-26T17:22:38.886+0000] {dag.py:3036} INFO - Sync 1 DAGs
[2025-04-26T17:22:38.890+0000] {logging_mixin.py:188} INFO - [2025-04-26T17:22:38.890+0000] {dag.py:3823} INFO - Setting next_dagrun for email_sender to None, run_after=None
[2025-04-26T17:22:38.897+0000] {processor.py:183} INFO - Processing /opt/airflow/dags/email_sender_dag.py took 0.133 seconds
[2025-04-26T17:23:09.006+0000] {processor.py:161} INFO - Started process (PID=114) to work on /opt/airflow/dags/email_sender_dag.py
[2025-04-26T17:23:09.007+0000] {processor.py:830} INFO - Processing file /opt/airflow/dags/email_sender_dag.py for tasks to queue
[2025-04-26T17:23:09.008+0000] {logging_mixin.py:188} INFO - [2025-04-26T17:23:09.008+0000] {dagbag.py:538} INFO - Filling up the DagBag from /opt/airflow/dags/email_sender_dag.py
[2025-04-26T17:23:09.132+0000] {processor.py:840} INFO - DAG(s) 'email_sender' retrieved from /opt/airflow/dags/email_sender_dag.py
[2025-04-26T17:23:09.142+0000] {logging_mixin.py:188} INFO - [2025-04-26T17:23:09.142+0000] {dag.py:3036} INFO - Sync 1 DAGs
[2025-04-26T17:23:09.148+0000] {logging_mixin.py:188} INFO - [2025-04-26T17:23:09.148+0000] {dag.py:3823} INFO - Setting next_dagrun for email_sender to None, run_after=None
[2025-04-26T17:23:09.238+0000] {processor.py:183} INFO - Processing /opt/airflow/dags/email_sender_dag.py took 0.235 seconds
[2025-04-26T17:23:39.264+0000] {processor.py:161} INFO - Started process (PID=123) to work on /opt/airflow/dags/email_sender_dag.py
[2025-04-26T17:23:39.265+0000] {processor.py:830} INFO - Processing file /opt/airflow/dags/email_sender_dag.py for tasks to queue
[2025-04-26T17:23:39.267+0000] {logging_mixin.py:188} INFO - [2025-04-26T17:23:39.267+0000] {dagbag.py:538} INFO - Filling up the DagBag from /opt/airflow/dags/email_sender_dag.py
[2025-04-26T17:23:39.375+0000] {processor.py:840} INFO - DAG(s) 'email_sender' retrieved from /opt/airflow/dags/email_sender_dag.py
[2025-04-26T17:23:39.445+0000] {logging_mixin.py:188} INFO - [2025-04-26T17:23:39.385+0000] {dag.py:3036} INFO - Sync 1 DAGs
[2025-04-26T17:23:39.450+0000] {logging_mixin.py:188} INFO - [2025-04-26T17:23:39.449+0000] {dag.py:3823} INFO - Setting next_dagrun for email_sender to None, run_after=None
[2025-04-26T17:23:39.456+0000] {processor.py:183} INFO - Processing /opt/airflow/dags/email_sender_dag.py took 0.196 seconds
[2025-04-26T17:24:09.485+0000] {processor.py:161} INFO - Started process (PID=132) to work on /opt/airflow/dags/email_sender_dag.py
[2025-04-26T17:24:09.486+0000] {processor.py:830} INFO - Processing file /opt/airflow/dags/email_sender_dag.py for tasks to queue
[2025-04-26T17:24:09.488+0000] {logging_mixin.py:188} INFO - [2025-04-26T17:24:09.488+0000] {dagbag.py:538} INFO - Filling up the DagBag from /opt/airflow/dags/email_sender_dag.py
[2025-04-26T17:24:09.664+0000] {processor.py:840} INFO - DAG(s) 'email_sender' retrieved from /opt/airflow/dags/email_sender_dag.py
[2025-04-26T17:24:09.673+0000] {logging_mixin.py:188} INFO - [2025-04-26T17:24:09.673+0000] {dag.py:3036} INFO - Sync 1 DAGs
[2025-04-26T17:24:09.676+0000] {logging_mixin.py:188} INFO - [2025-04-26T17:24:09.676+0000] {dag.py:3823} INFO - Setting next_dagrun for email_sender to None, run_after=None
[2025-04-26T17:24:09.682+0000] {processor.py:183} INFO - Processing /opt/airflow/dags/email_sender_dag.py took 0.201 seconds
[2025-04-26T17:24:39.741+0000] {processor.py:161} INFO - Started process (PID=141) to work on /opt/airflow/dags/email_sender_dag.py
[2025-04-26T17:24:39.742+0000] {processor.py:830} INFO - Processing file /opt/airflow/dags/email_sender_dag.py for tasks to queue
[2025-04-26T17:24:39.743+0000] {logging_mixin.py:188} INFO - [2025-04-26T17:24:39.743+0000] {dagbag.py:538} INFO - Filling up the DagBag from /opt/airflow/dags/email_sender_dag.py
[2025-04-26T17:24:39.864+0000] {processor.py:840} INFO - DAG(s) 'email_sender' retrieved from /opt/airflow/dags/email_sender_dag.py
[2025-04-26T17:24:39.874+0000] {logging_mixin.py:188} INFO - [2025-04-26T17:24:39.873+0000] {dag.py:3036} INFO - Sync 1 DAGs
[2025-04-26T17:24:39.878+0000] {logging_mixin.py:188} INFO - [2025-04-26T17:24:39.878+0000] {dag.py:3823} INFO - Setting next_dagrun for email_sender to None, run_after=None
[2025-04-26T17:24:39.885+0000] {processor.py:183} INFO - Processing /opt/airflow/dags/email_sender_dag.py took 0.146 seconds
[2025-04-26T17:25:10.005+0000] {processor.py:161} INFO - Started process (PID=150) to work on /opt/airflow/dags/email_sender_dag.py
[2025-04-26T17:25:10.006+0000] {processor.py:830} INFO - Processing file /opt/airflow/dags/email_sender_dag.py for tasks to queue
[2025-04-26T17:25:10.007+0000] {logging_mixin.py:188} INFO - [2025-04-26T17:25:10.007+0000] {dagbag.py:538} INFO - Filling up the DagBag from /opt/airflow/dags/email_sender_dag.py
[2025-04-26T17:25:10.124+0000] {processor.py:840} INFO - DAG(s) 'email_sender' retrieved from /opt/airflow/dags/email_sender_dag.py
[2025-04-26T17:25:10.133+0000] {logging_mixin.py:188} INFO - [2025-04-26T17:25:10.133+0000] {dag.py:3036} INFO - Sync 1 DAGs
[2025-04-26T17:25:10.138+0000] {logging_mixin.py:188} INFO - [2025-04-26T17:25:10.138+0000] {dag.py:3823} INFO - Setting next_dagrun for email_sender to None, run_after=None
[2025-04-26T17:25:10.208+0000] {processor.py:183} INFO - Processing /opt/airflow/dags/email_sender_dag.py took 0.206 seconds
[2025-04-26T17:25:40.266+0000] {processor.py:161} INFO - Started process (PID=159) to work on /opt/airflow/dags/email_sender_dag.py
[2025-04-26T17:25:40.267+0000] {processor.py:830} INFO - Processing file /opt/airflow/dags/email_sender_dag.py for tasks to queue
[2025-04-26T17:25:40.268+0000] {logging_mixin.py:188} INFO - [2025-04-26T17:25:40.268+0000] {dagbag.py:538} INFO - Filling up the DagBag from /opt/airflow/dags/email_sender_dag.py
[2025-04-26T17:25:40.381+0000] {processor.py:840} INFO - DAG(s) 'email_sender' retrieved from /opt/airflow/dags/email_sender_dag.py
[2025-04-26T17:25:40.451+0000] {logging_mixin.py:188} INFO - [2025-04-26T17:25:40.391+0000] {dag.py:3036} INFO - Sync 1 DAGs
[2025-04-26T17:25:40.455+0000] {logging_mixin.py:188} INFO - [2025-04-26T17:25:40.455+0000] {dag.py:3823} INFO - Setting next_dagrun for email_sender to None, run_after=None
[2025-04-26T17:25:40.461+0000] {processor.py:183} INFO - Processing /opt/airflow/dags/email_sender_dag.py took 0.199 seconds
[2025-04-26T17:26:10.494+0000] {processor.py:161} INFO - Started process (PID=168) to work on /opt/airflow/dags/email_sender_dag.py
[2025-04-26T17:26:10.495+0000] {processor.py:830} INFO - Processing file /opt/airflow/dags/email_sender_dag.py for tasks to queue
[2025-04-26T17:26:10.496+0000] {logging_mixin.py:188} INFO - [2025-04-26T17:26:10.496+0000] {dagbag.py:538} INFO - Filling up the DagBag from /opt/airflow/dags/email_sender_dag.py
[2025-04-26T17:26:10.670+0000] {processor.py:840} INFO - DAG(s) 'email_sender' retrieved from /opt/airflow/dags/email_sender_dag.py
[2025-04-26T17:26:10.678+0000] {logging_mixin.py:188} INFO - [2025-04-26T17:26:10.678+0000] {dag.py:3036} INFO - Sync 1 DAGs
[2025-04-26T17:26:10.682+0000] {logging_mixin.py:188} INFO - [2025-04-26T17:26:10.682+0000] {dag.py:3823} INFO - Setting next_dagrun for email_sender to None, run_after=None
[2025-04-26T17:26:10.687+0000] {processor.py:183} INFO - Processing /opt/airflow/dags/email_sender_dag.py took 0.197 seconds
[2025-04-26T17:26:40.750+0000] {processor.py:161} INFO - Started process (PID=177) to work on /opt/airflow/dags/email_sender_dag.py
[2025-04-26T17:26:40.751+0000] {processor.py:830} INFO - Processing file /opt/airflow/dags/email_sender_dag.py for tasks to queue
[2025-04-26T17:26:40.752+0000] {logging_mixin.py:188} INFO - [2025-04-26T17:26:40.751+0000] {dagbag.py:538} INFO - Filling up the DagBag from /opt/airflow/dags/email_sender_dag.py
[2025-04-26T17:26:40.933+0000] {processor.py:840} INFO - DAG(s) 'email_sender' retrieved from /opt/airflow/dags/email_sender_dag.py
[2025-04-26T17:26:40.941+0000] {logging_mixin.py:188} INFO - [2025-04-26T17:26:40.940+0000] {dag.py:3036} INFO - Sync 1 DAGs
[2025-04-26T17:26:40.944+0000] {logging_mixin.py:188} INFO - [2025-04-26T17:26:40.944+0000] {dag.py:3823} INFO - Setting next_dagrun for email_sender to None, run_after=None
[2025-04-26T17:26:40.950+0000] {processor.py:183} INFO - Processing /opt/airflow/dags/email_sender_dag.py took 0.202 seconds
[2025-04-26T17:27:11.018+0000] {processor.py:161} INFO - Started process (PID=186) to work on /opt/airflow/dags/email_sender_dag.py
[2025-04-26T17:27:11.022+0000] {processor.py:830} INFO - Processing file /opt/airflow/dags/email_sender_dag.py for tasks to queue
[2025-04-26T17:27:11.024+0000] {logging_mixin.py:188} INFO - [2025-04-26T17:27:11.024+0000] {dagbag.py:538} INFO - Filling up the DagBag from /opt/airflow/dags/email_sender_dag.py
[2025-04-26T17:27:11.160+0000] {processor.py:840} INFO - DAG(s) 'email_sender' retrieved from /opt/airflow/dags/email_sender_dag.py
[2025-04-26T17:27:11.171+0000] {logging_mixin.py:188} INFO - [2025-04-26T17:27:11.171+0000] {dag.py:3036} INFO - Sync 1 DAGs
[2025-04-26T17:27:11.177+0000] {logging_mixin.py:188} INFO - [2025-04-26T17:27:11.177+0000] {dag.py:3823} INFO - Setting next_dagrun for email_sender to None, run_after=None
[2025-04-26T17:27:11.258+0000] {processor.py:183} INFO - Processing /opt/airflow/dags/email_sender_dag.py took 0.245 seconds
[2025-04-26T17:27:41.553+0000] {processor.py:161} INFO - Started process (PID=196) to work on /opt/airflow/dags/email_sender_dag.py
[2025-04-26T17:27:41.554+0000] {processor.py:830} INFO - Processing file /opt/airflow/dags/email_sender_dag.py for tasks to queue
[2025-04-26T17:27:41.556+0000] {logging_mixin.py:188} INFO - [2025-04-26T17:27:41.556+0000] {dagbag.py:538} INFO - Filling up the DagBag from /opt/airflow/dags/email_sender_dag.py
[2025-04-26T17:27:41.676+0000] {processor.py:840} INFO - DAG(s) 'email_sender' retrieved from /opt/airflow/dags/email_sender_dag.py
[2025-04-26T17:27:41.748+0000] {logging_mixin.py:188} INFO - [2025-04-26T17:27:41.686+0000] {dag.py:3036} INFO - Sync 1 DAGs
[2025-04-26T17:27:41.752+0000] {logging_mixin.py:188} INFO - [2025-04-26T17:27:41.752+0000] {dag.py:3823} INFO - Setting next_dagrun for email_sender to None, run_after=None
[2025-04-26T17:27:41.759+0000] {processor.py:183} INFO - Processing /opt/airflow/dags/email_sender_dag.py took 0.209 seconds
[2025-04-26T17:28:11.833+0000] {processor.py:161} INFO - Started process (PID=205) to work on /opt/airflow/dags/email_sender_dag.py
[2025-04-26T17:28:11.835+0000] {processor.py:830} INFO - Processing file /opt/airflow/dags/email_sender_dag.py for tasks to queue
[2025-04-26T17:28:11.836+0000] {logging_mixin.py:188} INFO - [2025-04-26T17:28:11.836+0000] {dagbag.py:538} INFO - Filling up the DagBag from /opt/airflow/dags/email_sender_dag.py
[2025-04-26T17:28:11.945+0000] {processor.py:840} INFO - DAG(s) 'email_sender' retrieved from /opt/airflow/dags/email_sender_dag.py
[2025-04-26T17:28:12.019+0000] {logging_mixin.py:188} INFO - [2025-04-26T17:28:12.019+0000] {dag.py:3036} INFO - Sync 1 DAGs
[2025-04-26T17:28:12.023+0000] {logging_mixin.py:188} INFO - [2025-04-26T17:28:12.023+0000] {dag.py:3823} INFO - Setting next_dagrun for email_sender to None, run_after=None
[2025-04-26T17:28:12.029+0000] {processor.py:183} INFO - Processing /opt/airflow/dags/email_sender_dag.py took 0.200 seconds
[2025-04-26T17:28:42.125+0000] {processor.py:161} INFO - Started process (PID=214) to work on /opt/airflow/dags/email_sender_dag.py
[2025-04-26T17:28:42.126+0000] {processor.py:830} INFO - Processing file /opt/airflow/dags/email_sender_dag.py for tasks to queue
[2025-04-26T17:28:42.128+0000] {logging_mixin.py:188} INFO - [2025-04-26T17:28:42.128+0000] {dagbag.py:538} INFO - Filling up the DagBag from /opt/airflow/dags/email_sender_dag.py
[2025-04-26T17:28:42.297+0000] {processor.py:840} INFO - DAG(s) 'email_sender' retrieved from /opt/airflow/dags/email_sender_dag.py
[2025-04-26T17:28:42.305+0000] {logging_mixin.py:188} INFO - [2025-04-26T17:28:42.305+0000] {dag.py:3036} INFO - Sync 1 DAGs
[2025-04-26T17:28:42.308+0000] {logging_mixin.py:188} INFO - [2025-04-26T17:28:42.308+0000] {dag.py:3823} INFO - Setting next_dagrun for email_sender to None, run_after=None
[2025-04-26T17:28:42.314+0000] {processor.py:183} INFO - Processing /opt/airflow/dags/email_sender_dag.py took 0.192 seconds
[2025-04-26T18:53:11.273+0000] {processor.py:161} INFO - Started process (PID=62) to work on /opt/airflow/dags/email_sender_dag.py
[2025-04-26T18:53:11.275+0000] {processor.py:830} INFO - Processing file /opt/airflow/dags/email_sender_dag.py for tasks to queue
[2025-04-26T18:53:11.276+0000] {logging_mixin.py:188} INFO - [2025-04-26T18:53:11.276+0000] {dagbag.py:538} INFO - Filling up the DagBag from /opt/airflow/dags/email_sender_dag.py
[2025-04-26T18:53:11.861+0000] {processor.py:840} INFO - DAG(s) 'email_sender' retrieved from /opt/airflow/dags/email_sender_dag.py
[2025-04-26T18:53:12.085+0000] {logging_mixin.py:188} INFO - [2025-04-26T18:53:12.084+0000] {override.py:1769} INFO - Created Permission View: can read on DAG:email_sender
[2025-04-26T18:53:12.089+0000] {logging_mixin.py:188} INFO - [2025-04-26T18:53:12.089+0000] {override.py:1769} INFO - Created Permission View: can delete on DAG:email_sender
[2025-04-26T18:53:12.092+0000] {logging_mixin.py:188} INFO - [2025-04-26T18:53:12.092+0000] {override.py:1769} INFO - Created Permission View: can edit on DAG:email_sender
[2025-04-26T18:53:12.092+0000] {logging_mixin.py:188} INFO - [2025-04-26T18:53:12.092+0000] {dag.py:3036} INFO - Sync 1 DAGs
[2025-04-26T18:53:12.099+0000] {logging_mixin.py:188} INFO - [2025-04-26T18:53:12.099+0000] {dag.py:3058} INFO - Creating ORM DAG for email_sender
[2025-04-26T18:53:12.100+0000] {logging_mixin.py:188} INFO - [2025-04-26T18:53:12.100+0000] {dag.py:3823} INFO - Setting next_dagrun for email_sender to None, run_after=None
[2025-04-26T18:53:12.109+0000] {processor.py:183} INFO - Processing /opt/airflow/dags/email_sender_dag.py took 0.837 seconds
[2025-04-26T18:53:42.357+0000] {processor.py:161} INFO - Started process (PID=77) to work on /opt/airflow/dags/email_sender_dag.py
[2025-04-26T18:53:42.358+0000] {processor.py:830} INFO - Processing file /opt/airflow/dags/email_sender_dag.py for tasks to queue
[2025-04-26T18:53:42.363+0000] {logging_mixin.py:188} INFO - [2025-04-26T18:53:42.363+0000] {dagbag.py:538} INFO - Filling up the DagBag from /opt/airflow/dags/email_sender_dag.py
[2025-04-26T18:53:42.545+0000] {processor.py:840} INFO - DAG(s) 'email_sender' retrieved from /opt/airflow/dags/email_sender_dag.py
[2025-04-26T18:53:42.562+0000] {logging_mixin.py:188} INFO - [2025-04-26T18:53:42.562+0000] {dag.py:3036} INFO - Sync 1 DAGs
[2025-04-26T18:53:42.678+0000] {logging_mixin.py:188} INFO - [2025-04-26T18:53:42.678+0000] {dag.py:3823} INFO - Setting next_dagrun for email_sender to None, run_after=None
[2025-04-26T18:53:42.684+0000] {processor.py:183} INFO - Processing /opt/airflow/dags/email_sender_dag.py took 0.330 seconds
[2025-04-26T18:54:13.676+0000] {processor.py:161} INFO - Started process (PID=86) to work on /opt/airflow/dags/email_sender_dag.py
[2025-04-26T18:54:13.677+0000] {processor.py:830} INFO - Processing file /opt/airflow/dags/email_sender_dag.py for tasks to queue
[2025-04-26T18:54:13.679+0000] {logging_mixin.py:188} INFO - [2025-04-26T18:54:13.679+0000] {dagbag.py:538} INFO - Filling up the DagBag from /opt/airflow/dags/email_sender_dag.py
[2025-04-26T18:54:13.803+0000] {processor.py:840} INFO - DAG(s) 'email_sender' retrieved from /opt/airflow/dags/email_sender_dag.py
[2025-04-26T18:54:13.878+0000] {logging_mixin.py:188} INFO - [2025-04-26T18:54:13.878+0000] {dag.py:3036} INFO - Sync 1 DAGs
[2025-04-26T18:54:13.882+0000] {logging_mixin.py:188} INFO - [2025-04-26T18:54:13.882+0000] {dag.py:3823} INFO - Setting next_dagrun for email_sender to None, run_after=None
[2025-04-26T18:54:13.888+0000] {processor.py:183} INFO - Processing /opt/airflow/dags/email_sender_dag.py took 0.215 seconds
[2025-04-26T18:54:43.936+0000] {processor.py:161} INFO - Started process (PID=95) to work on /opt/airflow/dags/email_sender_dag.py
[2025-04-26T18:54:43.937+0000] {processor.py:830} INFO - Processing file /opt/airflow/dags/email_sender_dag.py for tasks to queue
[2025-04-26T18:54:43.938+0000] {logging_mixin.py:188} INFO - [2025-04-26T18:54:43.938+0000] {dagbag.py:538} INFO - Filling up the DagBag from /opt/airflow/dags/email_sender_dag.py
[2025-04-26T18:54:44.156+0000] {processor.py:840} INFO - DAG(s) 'email_sender' retrieved from /opt/airflow/dags/email_sender_dag.py
[2025-04-26T18:54:44.164+0000] {logging_mixin.py:188} INFO - [2025-04-26T18:54:44.164+0000] {dag.py:3036} INFO - Sync 1 DAGs
[2025-04-26T18:54:44.168+0000] {logging_mixin.py:188} INFO - [2025-04-26T18:54:44.168+0000] {dag.py:3823} INFO - Setting next_dagrun for email_sender to None, run_after=None
[2025-04-26T18:54:44.174+0000] {processor.py:183} INFO - Processing /opt/airflow/dags/email_sender_dag.py took 0.240 seconds
[2025-04-26T18:55:14.219+0000] {processor.py:161} INFO - Started process (PID=104) to work on /opt/airflow/dags/email_sender_dag.py
[2025-04-26T18:55:14.220+0000] {processor.py:830} INFO - Processing file /opt/airflow/dags/email_sender_dag.py for tasks to queue
[2025-04-26T18:55:14.223+0000] {logging_mixin.py:188} INFO - [2025-04-26T18:55:14.222+0000] {dagbag.py:538} INFO - Filling up the DagBag from /opt/airflow/dags/email_sender_dag.py
[2025-04-26T18:55:14.354+0000] {processor.py:840} INFO - DAG(s) 'email_sender' retrieved from /opt/airflow/dags/email_sender_dag.py
[2025-04-26T18:55:14.365+0000] {logging_mixin.py:188} INFO - [2025-04-26T18:55:14.365+0000] {dag.py:3036} INFO - Sync 1 DAGs
[2025-04-26T18:55:14.371+0000] {logging_mixin.py:188} INFO - [2025-04-26T18:55:14.371+0000] {dag.py:3823} INFO - Setting next_dagrun for email_sender to None, run_after=None
[2025-04-26T18:55:14.379+0000] {processor.py:183} INFO - Processing /opt/airflow/dags/email_sender_dag.py took 0.164 seconds
[2025-04-26T18:55:44.507+0000] {processor.py:161} INFO - Started process (PID=113) to work on /opt/airflow/dags/email_sender_dag.py
[2025-04-26T18:55:44.508+0000] {processor.py:830} INFO - Processing file /opt/airflow/dags/email_sender_dag.py for tasks to queue
[2025-04-26T18:55:44.512+0000] {logging_mixin.py:188} INFO - [2025-04-26T18:55:44.510+0000] {dagbag.py:538} INFO - Filling up the DagBag from /opt/airflow/dags/email_sender_dag.py
[2025-04-26T18:55:44.661+0000] {processor.py:840} INFO - DAG(s) 'email_sender' retrieved from /opt/airflow/dags/email_sender_dag.py
[2025-04-26T18:55:44.673+0000] {logging_mixin.py:188} INFO - [2025-04-26T18:55:44.673+0000] {dag.py:3036} INFO - Sync 1 DAGs
[2025-04-26T18:55:44.680+0000] {logging_mixin.py:188} INFO - [2025-04-26T18:55:44.679+0000] {dag.py:3823} INFO - Setting next_dagrun for email_sender to None, run_after=None
[2025-04-26T18:55:44.777+0000] {processor.py:183} INFO - Processing /opt/airflow/dags/email_sender_dag.py took 0.275 seconds
