[2025-04-27T15:33:49.231+0000] {taskinstance.py:1956} INFO - Dependencies all met for dep_context=non-requeueable deps ti=<TaskInstance: email_sender.enviar_emails manual__2025-04-27T15:33:46.681804+00:00 [queued]>
[2025-04-27T15:33:49.234+0000] {taskinstance.py:1956} INFO - Dependencies all met for dep_context=requeueable deps ti=<TaskInstance: email_sender.enviar_emails manual__2025-04-27T15:33:46.681804+00:00 [queued]>
[2025-04-27T15:33:49.234+0000] {taskinstance.py:2170} INFO - Starting attempt 1 of 1
[2025-04-27T15:33:49.238+0000] {taskinstance.py:2191} INFO - Executing <Task(PythonOperator): enviar_emails> on 2025-04-27 15:33:46.681804+00:00
[2025-04-27T15:33:49.240+0000] {standard_task_runner.py:60} INFO - Started process 129 to run task
[2025-04-27T15:33:49.243+0000] {standard_task_runner.py:87} INFO - Running: ['***', 'tasks', 'run', 'email_sender', 'enviar_emails', 'manual__2025-04-27T15:33:46.681804+00:00', '--job-id', '29', '--raw', '--subdir', 'DAGS_FOLDER/email_sender_dag.py', '--cfg-path', '/tmp/tmpt6zfry9m']
[2025-04-27T15:33:49.244+0000] {standard_task_runner.py:88} INFO - Job 29: Subtask enviar_emails
[2025-04-27T15:33:49.327+0000] {task_command.py:423} INFO - Running <TaskInstance: email_sender.enviar_emails manual__2025-04-27T15:33:46.681804+00:00 [running]> on host 7eeb628339b5
[2025-04-27T15:33:49.349+0000] {taskinstance.py:2480} INFO - Exporting env vars: AIRFLOW_CTX_DAG_OWNER='***' AIRFLOW_CTX_DAG_ID='email_sender' AIRFLOW_CTX_TASK_ID='enviar_emails' AIRFLOW_CTX_EXECUTION_DATE='2025-04-27T15:33:46.681804+00:00' AIRFLOW_CTX_TRY_NUMBER='1' AIRFLOW_CTX_DAG_RUN_ID='manual__2025-04-27T15:33:46.681804+00:00'
[2025-04-27T15:33:54.066+0000] {logging_mixin.py:188} INFO - Email enviado para lider_alfa@outlook.com com sucesso!
[2025-04-27T15:33:58.324+0000] {logging_mixin.py:188} INFO - Email enviado para lider_alfa@outlook.com com sucesso!
[2025-04-27T15:34:02.053+0000] {logging_mixin.py:188} INFO - Email enviado para lider_alfa@outlook.com com sucesso!
[2025-04-27T15:34:05.785+0000] {logging_mixin.py:188} INFO - Email enviado para lider_alfa@outlook.com com sucesso!
[2025-04-27T15:34:09.387+0000] {logging_mixin.py:188} INFO - Email enviado para lider_alfa@outlook.com com sucesso!
[2025-04-27T15:34:13.598+0000] {logging_mixin.py:188} INFO - Email enviado para lider_alfa@outlook.com com sucesso!
[2025-04-27T15:34:17.900+0000] {logging_mixin.py:188} INFO - Email enviado para lider_alfa@outlook.com com sucesso!
[2025-04-27T15:34:17.901+0000] {python.py:201} INFO - Done. Returned value was: None
[2025-04-27T15:34:17.918+0000] {taskinstance.py:1138} INFO - Marking task as SUCCESS. dag_id=email_sender, task_id=enviar_emails, execution_date=20250427T153346, start_date=20250427T153349, end_date=20250427T153417
[2025-04-27T15:34:17.968+0000] {local_task_job_runner.py:234} INFO - Task exited with return code 0
[2025-04-27T15:34:17.981+0000] {taskinstance.py:3280} INFO - 0 downstream tasks scheduled from follow-on schedule check
